Running: D:\Tools\XILINX\14.7\ISE_DS\ISE\bin\nt64\unwrapped\fuse.exe -intstyle ise -incremental -lib unisims_ver -lib unimacro_ver -lib xilinxcorelib_ver -lib secureip -o E:/Learning/Computer Organization/EXP1/HexTo8SEG8_test_isim_beh.exe -prj E:/Learning/Computer Organization/EXP1/HexTo8SEG8_test_beh.prj work.HexTo8SEG8_test work.glbl 
ISim P.20131013 (signature 0x7708f090)
Number of CPUs detected in this system: 4
Turning on mult-threading, number of parallel sub-compilation jobs: 8 
Determining compilation order of HDL files
Analyzing Verilog file "E:/Learning/Computer Organization/EXP1/MC14495_ZJU.vf" into library work
Analyzing Verilog file "E:/Learning/Computer Organization/EXP1/Hex2Seg.v" into library work
Analyzing Verilog file "E:/Learning/Computer Organization/EXP1/HexTo8SEG8.v" into library work
Analyzing Verilog file "E:/Learning/Computer Organization/EXP1/HexTo8SEG8_test.v" into library work
Analyzing Verilog file "D:/Tools/XILINX/14.7/ISE_DS/ISE//verilog/src/glbl.v" into library work
Starting static elaboration
Completed static elaboration
Compiling module AND4
Compiling module AND3
Compiling module AND2
Compiling module OR3
Compiling module OR4
Compiling module OR2
Compiling module INV
Compiling module MC14495_ZJU
Compiling module Hex2Seg
Compiling module HexTo8SEG8
Compiling module HexTo8SEG8_test
Compiling module glbl
Time Resolution for simulation is 1ps.
Waiting for 5 sub-compilation(s) to finish...
Compiled 12 Verilog Units
Built simulation executable E:/Learning/Computer Organization/EXP1/HexTo8SEG8_test_isim_beh.exe
Fuse Memory Usage: 27804 KB
Fuse CPU Usage: 718 ms
