
*** Running vivado
    with args -log ROM_D.vds -m64 -product Vivado -mode batch -messageDb vivado.pb -notrace -source ROM_D.tcl


****** Vivado v2017.3 (64-bit)
  **** SW Build 2018833 on Wed Oct  4 19:58:07 MDT 2017
  **** IP Build 2016188 on Wed Oct  4 21:52:56 MDT 2017
    ** Copyright 1986-2017 Xilinx, Inc. All Rights Reserved.

source ROM_D.tcl -notrace
Starting RTL Elaboration : Time (s): cpu = 00:00:10 ; elapsed = 00:00:11 . Memory (MB): peak = 1263.023 ; gain = 75.000 ; free physical = 1286 ; free virtual = 25524
INFO: [Synth 8-638] synthesizing module 'ROM_D' [/home/lovesy/Documents/Learning/CA/EXP4_Vivado/EXP4_Vivado.srcs/sources_1/ip/ROM_D/synth/ROM_D.vhd:66]
INFO: [Synth 8-256] done synthesizing module 'ROM_D' (4#1) [/home/lovesy/Documents/Learning/CA/EXP4_Vivado/EXP4_Vivado.srcs/sources_1/ip/ROM_D/synth/ROM_D.vhd:66]
Finished RTL Elaboration : Time (s): cpu = 00:00:14 ; elapsed = 00:00:15 . Memory (MB): peak = 1308.555 ; gain = 120.531 ; free physical = 1285 ; free virtual = 25527
Finished RTL Optimization Phase 1 : Time (s): cpu = 00:00:14 ; elapsed = 00:00:15 . Memory (MB): peak = 1308.555 ; gain = 120.531 ; free physical = 1286 ; free virtual = 25527
INFO: [Device 21-403] Loading part xc7k325tffg676-2L
Constraint Validation Runtime : Time (s): cpu = 00:00:00 ; elapsed = 00:00:00 . Memory (MB): peak = 1628.711 ; gain = 0.000 ; free physical = 953 ; free virtual = 25195
Finished Constraint Validation : Time (s): cpu = 00:00:39 ; elapsed = 00:00:56 . Memory (MB): peak = 1628.711 ; gain = 440.688 ; free physical = 1043 ; free virtual = 25285
Finished Loading Part and Timing Information : Time (s): cpu = 00:00:39 ; elapsed = 00:00:56 . Memory (MB): peak = 1628.711 ; gain = 440.688 ; free physical = 1043 ; free virtual = 25285
Finished applying 'set_property' XDC Constraints : Time (s): cpu = 00:00:39 ; elapsed = 00:00:56 . Memory (MB): peak = 1628.711 ; gain = 440.688 ; free physical = 1045 ; free virtual = 25287
Finished RTL Optimization Phase 2 : Time (s): cpu = 00:00:39 ; elapsed = 00:00:57 . Memory (MB): peak = 1628.711 ; gain = 440.688 ; free physical = 1043 ; free virtual = 25285
Finished Cross Boundary and Area Optimization : Time (s): cpu = 00:00:40 ; elapsed = 00:00:58 . Memory (MB): peak = 1628.727 ; gain = 440.703 ; free physical = 1032 ; free virtual = 25274
---------------------------------------------------------------------------------
Start ROM, RAM, DSP and Shift Register Reporting
---------------------------------------------------------------------------------

ROM:
+------------+------------+---------------+----------------+
|Module Name | RTL Object | Depth x Width | Implemented As | 
+------------+------------+---------------+----------------+
|rom         | rom[1023]  | 1024x31       | LUT            | 
+------------+------------+---------------+----------------+

---------------------------------------------------------------------------------
Finished ROM, RAM, DSP and Shift Register Reporting
---------------------------------------------------------------------------------
Finished Applying XDC Timing Constraints : Time (s): cpu = 00:00:49 ; elapsed = 00:01:10 . Memory (MB): peak = 1634.727 ; gain = 446.703 ; free physical = 885 ; free virtual = 25136
Finished Timing Optimization : Time (s): cpu = 00:00:49 ; elapsed = 00:01:10 . Memory (MB): peak = 1634.727 ; gain = 446.703 ; free physical = 885 ; free virtual = 25136
Finished Technology Mapping : Time (s): cpu = 00:00:49 ; elapsed = 00:01:10 . Memory (MB): peak = 1644.742 ; gain = 456.719 ; free physical = 884 ; free virtual = 25136
Finished IO Insertion : Time (s): cpu = 00:00:50 ; elapsed = 00:01:11 . Memory (MB): peak = 1644.742 ; gain = 456.719 ; free physical = 884 ; free virtual = 25136
Finished Renaming Generated Instances : Time (s): cpu = 00:00:50 ; elapsed = 00:01:11 . Memory (MB): peak = 1644.742 ; gain = 456.719 ; free physical = 884 ; free virtual = 25136
Finished Rebuilding User Hierarchy : Time (s): cpu = 00:00:50 ; elapsed = 00:01:11 . Memory (MB): peak = 1644.742 ; gain = 456.719 ; free physical = 884 ; free virtual = 25136
Finished Renaming Generated Ports : Time (s): cpu = 00:00:50 ; elapsed = 00:01:11 . Memory (MB): peak = 1644.742 ; gain = 456.719 ; free physical = 884 ; free virtual = 25136
Finished Handling Custom Attributes : Time (s): cpu = 00:00:50 ; elapsed = 00:01:11 . Memory (MB): peak = 1644.742 ; gain = 456.719 ; free physical = 884 ; free virtual = 25136
Finished Renaming Generated Nets : Time (s): cpu = 00:00:50 ; elapsed = 00:01:11 . Memory (MB): peak = 1644.742 ; gain = 456.719 ; free physical = 884 ; free virtual = 25136

Report Cell Usage: 
+------+-----+------+
|      |Cell |Count |
+------+-----+------+
|1     |LUT4 |     1|
|2     |LUT5 |     9|
|3     |LUT6 |     1|
+------+-----+------+
Finished Writing Synthesis Report : Time (s): cpu = 00:00:50 ; elapsed = 00:01:11 . Memory (MB): peak = 1644.742 ; gain = 456.719 ; free physical = 884 ; free virtual = 25136
synth_design: Time (s): cpu = 00:00:52 ; elapsed = 00:01:13 . Memory (MB): peak = 1686.758 ; gain = 520.109 ; free physical = 905 ; free virtual = 25148
