
*** Running vivado
    with args -log dist_mem_gen_0.vds -m64 -product Vivado -mode batch -messageDb vivado.pb -notrace -source dist_mem_gen_0.tcl


****** Vivado v2017.3 (64-bit)
  **** SW Build 2018833 on Wed Oct  4 19:58:22 MDT 2017
  **** IP Build 2016188 on Wed Oct  4 21:52:56 MDT 2017
    ** Copyright 1986-2017 Xilinx, Inc. All Rights Reserved.

source dist_mem_gen_0.tcl -notrace
Starting RTL Elaboration : Time (s): cpu = 00:00:15 ; elapsed = 00:00:15 . Memory (MB): peak = 363.852 ; gain = 87.004
INFO: [Synth 8-638] synthesizing module 'dist_mem_gen_0' [f:/Vivado/EXP1/EXP1.srcs/sources_1/ip/dist_mem_gen_0/synth/dist_mem_gen_0.vhd:66]
INFO: [Synth 8-256] done synthesizing module 'dist_mem_gen_0' (4#1) [f:/Vivado/EXP1/EXP1.srcs/sources_1/ip/dist_mem_gen_0/synth/dist_mem_gen_0.vhd:66]
Finished RTL Elaboration : Time (s): cpu = 00:00:24 ; elapsed = 00:00:24 . Memory (MB): peak = 415.656 ; gain = 138.809
Finished RTL Optimization Phase 1 : Time (s): cpu = 00:00:24 ; elapsed = 00:00:25 . Memory (MB): peak = 415.656 ; gain = 138.809
INFO: [Device 21-403] Loading part xc7k325tffg676-2L
Constraint Validation Runtime : Time (s): cpu = 00:00:00 ; elapsed = 00:00:00.143 . Memory (MB): peak = 678.930 ; gain = 0.000
Finished Constraint Validation : Time (s): cpu = 00:00:52 ; elapsed = 00:00:58 . Memory (MB): peak = 678.930 ; gain = 402.082
Finished Loading Part and Timing Information : Time (s): cpu = 00:00:52 ; elapsed = 00:00:58 . Memory (MB): peak = 678.930 ; gain = 402.082
Finished applying 'set_property' XDC Constraints : Time (s): cpu = 00:00:52 ; elapsed = 00:00:58 . Memory (MB): peak = 678.930 ; gain = 402.082
Finished RTL Optimization Phase 2 : Time (s): cpu = 00:00:53 ; elapsed = 00:00:59 . Memory (MB): peak = 678.930 ; gain = 402.082
Finished Cross Boundary and Area Optimization : Time (s): cpu = 00:00:55 ; elapsed = 00:01:01 . Memory (MB): peak = 678.930 ; gain = 402.082
---------------------------------------------------------------------------------
Start ROM, RAM, DSP and Shift Register Reporting
---------------------------------------------------------------------------------

ROM:
+------------+------------+---------------+----------------+
|Module Name | RTL Object | Depth x Width | Implemented As | 
+------------+------------+---------------+----------------+
|rom         | rom[1023]  | 1024x32       | LUT            | 
+------------+------------+---------------+----------------+

---------------------------------------------------------------------------------
Finished ROM, RAM, DSP and Shift Register Reporting
---------------------------------------------------------------------------------
Finished Applying XDC Timing Constraints : Time (s): cpu = 00:01:15 ; elapsed = 00:01:22 . Memory (MB): peak = 712.230 ; gain = 435.383
Finished Timing Optimization : Time (s): cpu = 00:01:15 ; elapsed = 00:01:22 . Memory (MB): peak = 712.230 ; gain = 435.383
Finished Technology Mapping : Time (s): cpu = 00:01:15 ; elapsed = 00:01:22 . Memory (MB): peak = 721.371 ; gain = 444.523
Finished IO Insertion : Time (s): cpu = 00:01:17 ; elapsed = 00:01:24 . Memory (MB): peak = 721.371 ; gain = 444.523
Finished Renaming Generated Instances : Time (s): cpu = 00:01:17 ; elapsed = 00:01:24 . Memory (MB): peak = 721.371 ; gain = 444.523
Finished Rebuilding User Hierarchy : Time (s): cpu = 00:01:17 ; elapsed = 00:01:24 . Memory (MB): peak = 721.371 ; gain = 444.523
Finished Renaming Generated Ports : Time (s): cpu = 00:01:17 ; elapsed = 00:01:24 . Memory (MB): peak = 721.371 ; gain = 444.523
Finished Handling Custom Attributes : Time (s): cpu = 00:01:17 ; elapsed = 00:01:24 . Memory (MB): peak = 721.371 ; gain = 444.523
Finished Renaming Generated Nets : Time (s): cpu = 00:01:17 ; elapsed = 00:01:24 . Memory (MB): peak = 721.371 ; gain = 444.523

Report Cell Usage: 
+------+-----+------+
|      |Cell |Count |
+------+-----+------+
|1     |LUT5 |     1|
|2     |LUT6 |    26|
+------+-----+------+
Finished Writing Synthesis Report : Time (s): cpu = 00:01:17 ; elapsed = 00:01:24 . Memory (MB): peak = 721.371 ; gain = 444.523
synth_design: Time (s): cpu = 00:01:20 ; elapsed = 00:01:28 . Memory (MB): peak = 740.148 ; gain = 482.375
