
*** Running vivado
    with args -log mouse.vds -m64 -product Vivado -mode batch -messageDb vivado.pb -notrace -source mouse.tcl


****** Vivado v2016.3 (64-bit)
  **** SW Build 1682563 on Mon Oct 10 19:07:27 MDT 2016
  **** IP Build 1681267 on Mon Oct 10 21:28:31 MDT 2016
    ** Copyright 1986-2016 Xilinx, Inc. All Rights Reserved.

source mouse.tcl -notrace
Starting RTL Elaboration : Time (s): cpu = 00:00:11 ; elapsed = 00:00:16 . Memory (MB): peak = 318.977 ; gain = 108.879
INFO: [Synth 8-638] synthesizing module 'mouse' [f:/vivado/NestGather/NestGather.srcs/sources_1/ip/mouse/synth/mouse.vhd:67]
INFO: [Synth 8-256] done synthesizing module 'mouse' (9#1) [f:/vivado/NestGather/NestGather.srcs/sources_1/ip/mouse/synth/mouse.vhd:67]
Finished RTL Elaboration : Time (s): cpu = 00:01:15 ; elapsed = 00:01:25 . Memory (MB): peak = 517.188 ; gain = 307.090
Finished RTL Optimization Phase 1 : Time (s): cpu = 00:01:15 ; elapsed = 00:01:30 . Memory (MB): peak = 517.188 ; gain = 307.090
INFO: [Device 21-403] Loading part xc7k160tfbg676-2L
Constraint Validation Runtime : Time (s): cpu = 00:00:00 ; elapsed = 00:00:00.047 . Memory (MB): peak = 597.527 ; gain = 0.000
Finished Constraint Validation : Time (s): cpu = 00:01:27 ; elapsed = 00:01:45 . Memory (MB): peak = 597.527 ; gain = 387.430
Finished Loading Part and Timing Information : Time (s): cpu = 00:01:27 ; elapsed = 00:01:45 . Memory (MB): peak = 597.527 ; gain = 387.430
Finished applying 'set_property' XDC Constraints : Time (s): cpu = 00:01:27 ; elapsed = 00:01:45 . Memory (MB): peak = 597.527 ; gain = 387.430
Finished RTL Optimization Phase 2 : Time (s): cpu = 00:01:28 ; elapsed = 00:01:45 . Memory (MB): peak = 597.527 ; gain = 387.430
Finished Cross Boundary and Area Optimization : Time (s): cpu = 00:01:28 ; elapsed = 00:01:46 . Memory (MB): peak = 597.527 ; gain = 387.430
Finished Applying XDC Timing Constraints : Time (s): cpu = 00:01:39 ; elapsed = 00:01:57 . Memory (MB): peak = 616.016 ; gain = 405.918
Finished Timing Optimization : Time (s): cpu = 00:01:39 ; elapsed = 00:01:57 . Memory (MB): peak = 616.016 ; gain = 405.918
Finished Technology Mapping : Time (s): cpu = 00:01:39 ; elapsed = 00:01:57 . Memory (MB): peak = 625.633 ; gain = 415.535
Finished IO Insertion : Time (s): cpu = 00:01:40 ; elapsed = 00:01:58 . Memory (MB): peak = 625.633 ; gain = 415.535
Finished Renaming Generated Instances : Time (s): cpu = 00:01:40 ; elapsed = 00:01:58 . Memory (MB): peak = 625.633 ; gain = 415.535
Finished Rebuilding User Hierarchy : Time (s): cpu = 00:01:40 ; elapsed = 00:01:58 . Memory (MB): peak = 625.633 ; gain = 415.535
Finished Renaming Generated Ports : Time (s): cpu = 00:01:40 ; elapsed = 00:01:58 . Memory (MB): peak = 625.633 ; gain = 415.535
Finished Handling Custom Attributes : Time (s): cpu = 00:01:40 ; elapsed = 00:01:58 . Memory (MB): peak = 625.633 ; gain = 415.535
Finished Renaming Generated Nets : Time (s): cpu = 00:01:40 ; elapsed = 00:01:58 . Memory (MB): peak = 625.633 ; gain = 415.535

Report Cell Usage: 
+------+---------+------+
|      |Cell     |Count |
+------+---------+------+
|1     |RAMB18E1 |     1|
+------+---------+------+
Finished Writing Synthesis Report : Time (s): cpu = 00:01:40 ; elapsed = 00:01:58 . Memory (MB): peak = 625.633 ; gain = 415.535
synth_design: Time (s): cpu = 00:01:39 ; elapsed = 00:01:53 . Memory (MB): peak = 659.246 ; gain = 429.125
