
*** Running vivado
    with args -log cell6.vds -m64 -product Vivado -mode batch -messageDb vivado.pb -notrace -source cell6.tcl


****** Vivado v2016.3 (64-bit)
  **** SW Build 1682563 on Mon Oct 10 19:07:27 MDT 2016
  **** IP Build 1681267 on Mon Oct 10 21:28:31 MDT 2016
    ** Copyright 1986-2016 Xilinx, Inc. All Rights Reserved.

source cell6.tcl -notrace
Starting RTL Elaboration : Time (s): cpu = 00:00:10 ; elapsed = 00:00:15 . Memory (MB): peak = 308.441 ; gain = 98.426
INFO: [Synth 8-638] synthesizing module 'cell6' [d:/Users/Shana/Desktop/vivado/NestGather/NestGather.srcs/sources_1/ip/cell6/synth/cell6.vhd:67]
INFO: [Synth 8-256] done synthesizing module 'cell6' (9#1) [d:/Users/Shana/Desktop/vivado/NestGather/NestGather.srcs/sources_1/ip/cell6/synth/cell6.vhd:67]
Finished RTL Elaboration : Time (s): cpu = 00:01:06 ; elapsed = 00:01:12 . Memory (MB): peak = 507.766 ; gain = 297.750
Finished RTL Optimization Phase 1 : Time (s): cpu = 00:01:06 ; elapsed = 00:01:13 . Memory (MB): peak = 507.766 ; gain = 297.750
INFO: [Device 21-403] Loading part xc7k160tfbg676-2L
Constraint Validation Runtime : Time (s): cpu = 00:00:00 ; elapsed = 00:00:00.031 . Memory (MB): peak = 595.098 ; gain = 0.000
Finished Constraint Validation : Time (s): cpu = 00:01:19 ; elapsed = 00:01:28 . Memory (MB): peak = 595.098 ; gain = 385.082
Finished Loading Part and Timing Information : Time (s): cpu = 00:01:19 ; elapsed = 00:01:28 . Memory (MB): peak = 595.098 ; gain = 385.082
Finished applying 'set_property' XDC Constraints : Time (s): cpu = 00:01:19 ; elapsed = 00:01:28 . Memory (MB): peak = 595.098 ; gain = 385.082
Finished RTL Optimization Phase 2 : Time (s): cpu = 00:01:20 ; elapsed = 00:01:28 . Memory (MB): peak = 595.098 ; gain = 385.082
Finished Cross Boundary and Area Optimization : Time (s): cpu = 00:01:20 ; elapsed = 00:01:29 . Memory (MB): peak = 595.098 ; gain = 385.082
Finished Applying XDC Timing Constraints : Time (s): cpu = 00:01:33 ; elapsed = 00:01:41 . Memory (MB): peak = 608.844 ; gain = 398.828
Finished Timing Optimization : Time (s): cpu = 00:01:33 ; elapsed = 00:01:41 . Memory (MB): peak = 608.844 ; gain = 398.828
Finished Technology Mapping : Time (s): cpu = 00:01:33 ; elapsed = 00:01:42 . Memory (MB): peak = 619.523 ; gain = 409.508
Finished IO Insertion : Time (s): cpu = 00:01:34 ; elapsed = 00:01:42 . Memory (MB): peak = 619.523 ; gain = 409.508
Finished Renaming Generated Instances : Time (s): cpu = 00:01:34 ; elapsed = 00:01:42 . Memory (MB): peak = 619.523 ; gain = 409.508
Finished Rebuilding User Hierarchy : Time (s): cpu = 00:01:34 ; elapsed = 00:01:42 . Memory (MB): peak = 619.523 ; gain = 409.508
Finished Renaming Generated Ports : Time (s): cpu = 00:01:34 ; elapsed = 00:01:42 . Memory (MB): peak = 619.523 ; gain = 409.508
Finished Handling Custom Attributes : Time (s): cpu = 00:01:34 ; elapsed = 00:01:42 . Memory (MB): peak = 619.523 ; gain = 409.508
Finished Renaming Generated Nets : Time (s): cpu = 00:01:34 ; elapsed = 00:01:42 . Memory (MB): peak = 619.523 ; gain = 409.508

Report Cell Usage: 
+------+---------+------+
|      |Cell     |Count |
+------+---------+------+
|1     |RAMB18E1 |     1|
|2     |RAMB36E1 |     1|
+------+---------+------+
Finished Writing Synthesis Report : Time (s): cpu = 00:01:34 ; elapsed = 00:01:42 . Memory (MB): peak = 619.523 ; gain = 409.508
synth_design: Time (s): cpu = 00:01:32 ; elapsed = 00:01:38 . Memory (MB): peak = 650.184 ; gain = 419.836
