Running: D:\Tools\Xilinx\14.7\ISE_DS\ISE\bin\nt64\unwrapped\fuse.exe -intstyle ise -incremental -lib unisims_ver -lib unimacro_ver -lib xilinxcorelib_ver -lib secureip -o F:/3150101155/Trigger/MB_DFF_MB_DFF_sch_tb_isim_beh.exe -prj F:/3150101155/Trigger/MB_DFF_MB_DFF_sch_tb_beh.prj work.MB_DFF_MB_DFF_sch_tb work.glbl 
ISim P.20131013 (signature 0x7708f090)
Number of CPUs detected in this system: 4
Turning on mult-threading, number of parallel sub-compilation jobs: 8 
Determining compilation order of HDL files
Analyzing Verilog file "F:/3150101155/Trigger/MB_DFF.vf" into library work
Analyzing Verilog file "F:/3150101155/Trigger/MB_DFF_Test.v" into library work
Analyzing Verilog file "D:/Tools/Xilinx/14.7/ISE_DS/ISE//verilog/src/glbl.v" into library work
Starting static elaboration
Completed static elaboration
Compiling module NAND3
Compiling module MB_DFF
Compiling module MB_DFF_MB_DFF_sch_tb
Compiling module glbl
Time Resolution for simulation is 1ps.
Waiting for 1 sub-compilation(s) to finish...
Compiled 4 Verilog Units
Built simulation executable F:/3150101155/Trigger/MB_DFF_MB_DFF_sch_tb_isim_beh.exe
Fuse Memory Usage: 27808 KB
Fuse CPU Usage: 405 ms
