
*** Running vivado
    with args -log ROM_D.vds -m64 -product Vivado -mode batch -messageDb vivado.pb -notrace -source ROM_D.tcl


****** Vivado v2017.3 (64-bit)
  **** SW Build 2018833 on Wed Oct  4 19:58:07 MDT 2017
  **** IP Build 2016188 on Wed Oct  4 21:52:56 MDT 2017
    ** Copyright 1986-2017 Xilinx, Inc. All Rights Reserved.

source ROM_D.tcl -notrace
Starting RTL Elaboration : Time (s): cpu = 00:00:10 ; elapsed = 00:00:10 . Memory (MB): peak = 1263.023 ; gain = 75.000 ; free physical = 3717 ; free virtual = 26221
INFO: [Synth 8-638] synthesizing module 'ROM_D' [/home/lovesy/Documents/Learning/CA/EXP5_Vivado/EXP5_Vivado.srcs/sources_1/ip/ROM_D/synth/ROM_D.vhd:66]
INFO: [Synth 8-256] done synthesizing module 'ROM_D' (4#1) [/home/lovesy/Documents/Learning/CA/EXP5_Vivado/EXP5_Vivado.srcs/sources_1/ip/ROM_D/synth/ROM_D.vhd:66]
Finished RTL Elaboration : Time (s): cpu = 00:00:13 ; elapsed = 00:00:14 . Memory (MB): peak = 1309.555 ; gain = 121.531 ; free physical = 3727 ; free virtual = 26232
Finished RTL Optimization Phase 1 : Time (s): cpu = 00:00:13 ; elapsed = 00:00:14 . Memory (MB): peak = 1309.555 ; gain = 121.531 ; free physical = 3728 ; free virtual = 26232
INFO: [Device 21-403] Loading part xc7k325tffg676-2L
Constraint Validation Runtime : Time (s): cpu = 00:00:00.01 ; elapsed = 00:00:00.01 . Memory (MB): peak = 1628.711 ; gain = 0.000 ; free physical = 3426 ; free virtual = 25930
Finished Constraint Validation : Time (s): cpu = 00:00:37 ; elapsed = 00:00:54 . Memory (MB): peak = 1628.711 ; gain = 440.688 ; free physical = 3508 ; free virtual = 26013
Finished Loading Part and Timing Information : Time (s): cpu = 00:00:37 ; elapsed = 00:00:54 . Memory (MB): peak = 1628.711 ; gain = 440.688 ; free physical = 3508 ; free virtual = 26013
Finished applying 'set_property' XDC Constraints : Time (s): cpu = 00:00:37 ; elapsed = 00:00:54 . Memory (MB): peak = 1628.711 ; gain = 440.688 ; free physical = 3508 ; free virtual = 26013
Finished RTL Optimization Phase 2 : Time (s): cpu = 00:00:37 ; elapsed = 00:00:55 . Memory (MB): peak = 1628.711 ; gain = 440.688 ; free physical = 3508 ; free virtual = 26013
Finished Cross Boundary and Area Optimization : Time (s): cpu = 00:00:38 ; elapsed = 00:00:55 . Memory (MB): peak = 1628.727 ; gain = 440.703 ; free physical = 3499 ; free virtual = 26004
---------------------------------------------------------------------------------
Start ROM, RAM, DSP and Shift Register Reporting
---------------------------------------------------------------------------------

ROM:
+------------+------------+---------------+----------------+
|Module Name | RTL Object | Depth x Width | Implemented As | 
+------------+------------+---------------+----------------+
|rom         | rom[1023]  | 1024x32       | LUT            | 
+------------+------------+---------------+----------------+

---------------------------------------------------------------------------------
Finished ROM, RAM, DSP and Shift Register Reporting
---------------------------------------------------------------------------------
Finished Applying XDC Timing Constraints : Time (s): cpu = 00:00:46 ; elapsed = 00:01:07 . Memory (MB): peak = 1635.727 ; gain = 447.703 ; free physical = 3369 ; free virtual = 25873
Finished Timing Optimization : Time (s): cpu = 00:00:46 ; elapsed = 00:01:07 . Memory (MB): peak = 1635.727 ; gain = 447.703 ; free physical = 3369 ; free virtual = 25873
Finished Technology Mapping : Time (s): cpu = 00:00:47 ; elapsed = 00:01:07 . Memory (MB): peak = 1644.742 ; gain = 456.719 ; free physical = 3368 ; free virtual = 25872
Finished IO Insertion : Time (s): cpu = 00:00:47 ; elapsed = 00:01:08 . Memory (MB): peak = 1644.742 ; gain = 456.719 ; free physical = 3368 ; free virtual = 25872
Finished Renaming Generated Instances : Time (s): cpu = 00:00:47 ; elapsed = 00:01:08 . Memory (MB): peak = 1644.742 ; gain = 456.719 ; free physical = 3368 ; free virtual = 25872
Finished Rebuilding User Hierarchy : Time (s): cpu = 00:00:47 ; elapsed = 00:01:08 . Memory (MB): peak = 1644.742 ; gain = 456.719 ; free physical = 3368 ; free virtual = 25872
Finished Renaming Generated Ports : Time (s): cpu = 00:00:47 ; elapsed = 00:01:08 . Memory (MB): peak = 1644.742 ; gain = 456.719 ; free physical = 3368 ; free virtual = 25872
Finished Handling Custom Attributes : Time (s): cpu = 00:00:47 ; elapsed = 00:01:08 . Memory (MB): peak = 1644.742 ; gain = 456.719 ; free physical = 3368 ; free virtual = 25872
Finished Renaming Generated Nets : Time (s): cpu = 00:00:47 ; elapsed = 00:01:08 . Memory (MB): peak = 1644.742 ; gain = 456.719 ; free physical = 3368 ; free virtual = 25872

Report Cell Usage: 
+------+-----+------+
|      |Cell |Count |
+------+-----+------+
|1     |LUT4 |     1|
|2     |LUT5 |    11|
|3     |LUT6 |     1|
+------+-----+------+
Finished Writing Synthesis Report : Time (s): cpu = 00:00:47 ; elapsed = 00:01:08 . Memory (MB): peak = 1644.742 ; gain = 456.719 ; free physical = 3368 ; free virtual = 25872
synth_design: Time (s): cpu = 00:00:49 ; elapsed = 00:01:09 . Memory (MB): peak = 1687.758 ; gain = 521.109 ; free physical = 3389 ; free virtual = 25894
