--------------------------------------------------------------------------------
Release 14.7 Trace  (nt)
Copyright (c) 1995-2013 Xilinx, Inc.  All rights reserved.

C:\Xilinx\14.7\ISE_DS\ISE\bin\nt\unwrapped\trce.exe -intstyle ise -v 3 -s 1 -n
3 -fastpaths -xml ALU.twx ALU.ncd -o ALU.twr ALU.pcf

Design file:              ALU.ncd
Physical constraint file: ALU.pcf
Device,package,speed:     xc7k160t,fbg676,C,-1 (PRODUCTION 1.10 2013-10-13)
Report level:             verbose report

Environment Variable      Effect 
--------------------      ------ 
NONE                      No environment variables were set
--------------------------------------------------------------------------------

INFO:Timing:2698 - No timing constraints found, doing default enumeration.
INFO:Timing:3412 - To improve timing, see the Timing Closure User Guide (UG612).
INFO:Timing:2752 - To get complete path coverage, use the unconstrained paths 
   option. All paths that are not constrained will be reported in the 
   unconstrained paths section(s) of the report.
INFO:Timing:3339 - The clock-to-out numbers in this timing report are based on 
   a 50 Ohm transmission line loading model.  For the details of this model, 
   and for more information on accounting for different loading conditions, 
   please see the device datasheet.



Data Sheet report:
-----------------
All values displayed in nanoseconds (ns)

Pad to Pad
---------------+---------------+---------+
Source Pad     |Destination Pad|  Delay  |
---------------+---------------+---------+
A<0>           |res<0>         |   10.520|
A<1>           |res<0>         |   10.802|
A<1>           |res<1>         |    7.400|
A<2>           |res<0>         |   11.001|
A<2>           |res<2>         |    7.858|
A<3>           |res<0>         |   10.624|
A<3>           |res<3>         |    7.208|
A<4>           |res<0>         |   10.796|
A<4>           |res<4>         |    7.235|
A<5>           |res<0>         |   10.664|
A<5>           |res<5>         |    8.104|
A<6>           |res<0>         |   10.527|
A<6>           |res<6>         |    7.424|
A<7>           |res<0>         |   10.465|
A<7>           |res<7>         |    7.243|
A<8>           |res<0>         |   10.250|
A<8>           |res<8>         |    8.376|
A<9>           |res<0>         |   10.257|
A<9>           |res<9>         |    8.253|
A<10>          |res<0>         |   10.269|
A<10>          |res<10>        |    8.305|
A<11>          |res<0>         |   10.279|
A<11>          |res<11>        |    7.906|
A<12>          |res<0>         |   10.551|
A<12>          |res<12>        |    7.994|
A<13>          |res<0>         |   10.399|
A<13>          |res<13>        |    9.027|
A<14>          |res<0>         |   10.708|
A<14>          |res<14>        |    7.698|
A<15>          |res<0>         |   10.809|
A<15>          |res<15>        |    8.635|
A<16>          |res<0>         |   10.085|
A<16>          |res<16>        |    8.256|
A<17>          |res<0>         |   10.203|
A<17>          |res<17>        |    7.562|
A<18>          |res<0>         |   10.100|
A<18>          |res<18>        |    7.813|
A<19>          |res<0>         |   10.652|
A<19>          |res<19>        |    7.802|
A<20>          |res<0>         |   10.722|
A<20>          |res<20>        |    8.535|
A<21>          |res<0>         |   10.782|
A<21>          |res<21>        |    7.743|
A<22>          |res<0>         |   10.803|
A<22>          |res<22>        |    8.672|
A<23>          |res<0>         |   10.531|
A<23>          |res<23>        |    8.037|
A<24>          |res<0>         |   10.699|
A<24>          |res<24>        |    7.368|
A<25>          |res<0>         |   10.508|
A<25>          |res<25>        |    8.119|
A<26>          |res<0>         |   10.648|
A<26>          |res<26>        |    7.320|
A<27>          |res<0>         |   10.552|
A<27>          |res<27>        |    8.316|
A<28>          |res<0>         |   10.676|
A<28>          |res<28>        |    7.441|
A<29>          |res<0>         |   10.685|
A<29>          |res<29>        |    7.781|
A<30>          |res<0>         |    9.032|
A<30>          |res<30>        |    7.958|
A<31>          |res<0>         |    9.255|
A<31>          |res<31>        |    7.338|
ALU_Ctr<0>     |res<0>         |    9.367|
ALU_Ctr<0>     |res<1>         |    8.861|
ALU_Ctr<0>     |res<2>         |    9.384|
ALU_Ctr<0>     |res<3>         |    9.146|
ALU_Ctr<0>     |res<4>         |    8.885|
ALU_Ctr<0>     |res<5>         |    8.718|
ALU_Ctr<0>     |res<6>         |    9.174|
ALU_Ctr<0>     |res<7>         |    9.344|
ALU_Ctr<0>     |res<8>         |    9.056|
ALU_Ctr<0>     |res<9>         |    8.833|
ALU_Ctr<0>     |res<10>        |    9.668|
ALU_Ctr<0>     |res<11>        |    9.036|
ALU_Ctr<0>     |res<12>        |   10.074|
ALU_Ctr<0>     |res<13>        |   10.761|
ALU_Ctr<0>     |res<14>        |    9.973|
ALU_Ctr<0>     |res<15>        |   10.569|
ALU_Ctr<0>     |res<16>        |    8.529|
ALU_Ctr<0>     |res<17>        |    7.955|
ALU_Ctr<0>     |res<18>        |    8.786|
ALU_Ctr<0>     |res<19>        |    7.971|
ALU_Ctr<0>     |res<20>        |    9.797|
ALU_Ctr<0>     |res<21>        |    9.793|
ALU_Ctr<0>     |res<22>        |    9.837|
ALU_Ctr<0>     |res<23>        |    9.907|
ALU_Ctr<0>     |res<24>        |   10.683|
ALU_Ctr<0>     |res<25>        |   10.639|
ALU_Ctr<0>     |res<26>        |   10.540|
ALU_Ctr<0>     |res<27>        |   10.787|
ALU_Ctr<0>     |res<28>        |   10.388|
ALU_Ctr<0>     |res<29>        |   11.000|
ALU_Ctr<0>     |res<30>        |   10.402|
ALU_Ctr<0>     |res<31>        |   11.026|
ALU_Ctr<1>     |res<0>         |    9.691|
ALU_Ctr<1>     |res<1>         |    9.412|
ALU_Ctr<1>     |res<2>         |    9.833|
ALU_Ctr<1>     |res<3>         |    9.595|
ALU_Ctr<1>     |res<4>         |    9.250|
ALU_Ctr<1>     |res<5>         |    9.380|
ALU_Ctr<1>     |res<6>         |    9.539|
ALU_Ctr<1>     |res<7>         |   10.006|
ALU_Ctr<1>     |res<8>         |    9.005|
ALU_Ctr<1>     |res<9>         |    8.910|
ALU_Ctr<1>     |res<10>        |    9.617|
ALU_Ctr<1>     |res<11>        |    8.928|
ALU_Ctr<1>     |res<12>        |   10.530|
ALU_Ctr<1>     |res<13>        |   11.165|
ALU_Ctr<1>     |res<14>        |   10.429|
ALU_Ctr<1>     |res<15>        |   11.025|
ALU_Ctr<1>     |res<16>        |    8.391|
ALU_Ctr<1>     |res<17>        |    7.913|
ALU_Ctr<1>     |res<18>        |    8.871|
ALU_Ctr<1>     |res<19>        |    7.833|
ALU_Ctr<1>     |res<20>        |   10.164|
ALU_Ctr<1>     |res<21>        |   10.160|
ALU_Ctr<1>     |res<22>        |   10.204|
ALU_Ctr<1>     |res<23>        |   10.274|
ALU_Ctr<1>     |res<24>        |   12.284|
ALU_Ctr<1>     |res<25>        |   12.112|
ALU_Ctr<1>     |res<26>        |   12.141|
ALU_Ctr<1>     |res<27>        |   12.240|
ALU_Ctr<1>     |res<28>        |   11.902|
ALU_Ctr<1>     |res<29>        |   12.514|
ALU_Ctr<1>     |res<30>        |   11.916|
ALU_Ctr<1>     |res<31>        |   12.540|
ALU_Ctr<2>     |Co             |   11.674|
ALU_Ctr<2>     |res<0>         |   10.389|
ALU_Ctr<2>     |res<1>         |   10.162|
ALU_Ctr<2>     |res<2>         |   10.107|
ALU_Ctr<2>     |res<3>         |    9.652|
ALU_Ctr<2>     |res<4>         |   11.131|
ALU_Ctr<2>     |res<5>         |   10.995|
ALU_Ctr<2>     |res<6>         |   11.009|
ALU_Ctr<2>     |res<7>         |   11.511|
ALU_Ctr<2>     |res<8>         |   12.503|
ALU_Ctr<2>     |res<9>         |   12.425|
ALU_Ctr<2>     |res<10>        |   13.333|
ALU_Ctr<2>     |res<11>        |   12.131|
ALU_Ctr<2>     |res<12>        |   12.719|
ALU_Ctr<2>     |res<13>        |   12.886|
ALU_Ctr<2>     |res<14>        |   12.234|
ALU_Ctr<2>     |res<15>        |   12.835|
ALU_Ctr<2>     |res<16>        |   12.433|
ALU_Ctr<2>     |res<17>        |   11.687|
ALU_Ctr<2>     |res<18>        |   12.333|
ALU_Ctr<2>     |res<19>        |   11.447|
ALU_Ctr<2>     |res<20>        |   12.657|
ALU_Ctr<2>     |res<21>        |   13.039|
ALU_Ctr<2>     |res<22>        |   12.646|
ALU_Ctr<2>     |res<23>        |   13.050|
ALU_Ctr<2>     |res<24>        |   13.498|
ALU_Ctr<2>     |res<25>        |   13.280|
ALU_Ctr<2>     |res<26>        |   13.802|
ALU_Ctr<2>     |res<27>        |   13.689|
ALU_Ctr<2>     |res<28>        |   13.885|
ALU_Ctr<2>     |res<29>        |   14.156|
ALU_Ctr<2>     |res<30>        |   13.779|
ALU_Ctr<2>     |res<31>        |   13.883|
B<0>           |Co             |    9.995|
B<0>           |res<0>         |   11.157|
B<0>           |res<1>         |    9.076|
B<0>           |res<2>         |    9.394|
B<0>           |res<3>         |    8.712|
B<0>           |res<4>         |   10.030|
B<0>           |res<5>         |    9.894|
B<0>           |res<6>         |    9.908|
B<0>           |res<7>         |   10.410|
B<0>           |res<8>         |   11.166|
B<0>           |res<9>         |   11.088|
B<0>           |res<10>        |   11.996|
B<0>           |res<11>        |   10.794|
B<0>           |res<12>        |   11.397|
B<0>           |res<13>        |   11.564|
B<0>           |res<14>        |   10.912|
B<0>           |res<15>        |   11.513|
B<0>           |res<16>        |   11.332|
B<0>           |res<17>        |   10.586|
B<0>           |res<18>        |   11.232|
B<0>           |res<19>        |   10.346|
B<0>           |res<20>        |   11.556|
B<0>           |res<21>        |   11.938|
B<0>           |res<22>        |   11.545|
B<0>           |res<23>        |   11.949|
B<0>           |res<24>        |   12.397|
B<0>           |res<25>        |   12.179|
B<0>           |res<26>        |   12.701|
B<0>           |res<27>        |   12.588|
B<0>           |res<28>        |   12.784|
B<0>           |res<29>        |   13.055|
B<0>           |res<30>        |   12.678|
B<0>           |res<31>        |   12.782|
B<1>           |Co             |   10.104|
B<1>           |res<0>         |   11.133|
B<1>           |res<1>         |    9.170|
B<1>           |res<2>         |    8.972|
B<1>           |res<3>         |    8.660|
B<1>           |res<4>         |   10.139|
B<1>           |res<5>         |   10.003|
B<1>           |res<6>         |   10.017|
B<1>           |res<7>         |   10.519|
B<1>           |res<8>         |   11.275|
B<1>           |res<9>         |   11.197|
B<1>           |res<10>        |   12.105|
B<1>           |res<11>        |   10.903|
B<1>           |res<12>        |   11.506|
B<1>           |res<13>        |   11.673|
B<1>           |res<14>        |   11.021|
B<1>           |res<15>        |   11.622|
B<1>           |res<16>        |   11.441|
B<1>           |res<17>        |   10.695|
B<1>           |res<18>        |   11.341|
B<1>           |res<19>        |   10.455|
B<1>           |res<20>        |   11.665|
B<1>           |res<21>        |   12.047|
B<1>           |res<22>        |   11.654|
B<1>           |res<23>        |   12.058|
B<1>           |res<24>        |   12.506|
B<1>           |res<25>        |   12.288|
B<1>           |res<26>        |   12.810|
B<1>           |res<27>        |   12.697|
B<1>           |res<28>        |   12.893|
B<1>           |res<29>        |   13.164|
B<1>           |res<30>        |   12.787|
B<1>           |res<31>        |   12.891|
B<2>           |Co             |   10.203|
B<2>           |res<0>         |   10.834|
B<2>           |res<2>         |    9.185|
B<2>           |res<3>         |    8.448|
B<2>           |res<4>         |   10.238|
B<2>           |res<5>         |   10.102|
B<2>           |res<6>         |   10.116|
B<2>           |res<7>         |   10.618|
B<2>           |res<8>         |   11.374|
B<2>           |res<9>         |   11.296|
B<2>           |res<10>        |   12.204|
B<2>           |res<11>        |   11.002|
B<2>           |res<12>        |   11.605|
B<2>           |res<13>        |   11.772|
B<2>           |res<14>        |   11.120|
B<2>           |res<15>        |   11.721|
B<2>           |res<16>        |   11.540|
B<2>           |res<17>        |   10.794|
B<2>           |res<18>        |   11.440|
B<2>           |res<19>        |   10.554|
B<2>           |res<20>        |   11.764|
B<2>           |res<21>        |   12.146|
B<2>           |res<22>        |   11.753|
B<2>           |res<23>        |   12.157|
B<2>           |res<24>        |   12.605|
B<2>           |res<25>        |   12.387|
B<2>           |res<26>        |   12.909|
B<2>           |res<27>        |   12.796|
B<2>           |res<28>        |   12.992|
B<2>           |res<29>        |   13.263|
B<2>           |res<30>        |   12.886|
B<2>           |res<31>        |   12.990|
B<3>           |Co             |   10.118|
B<3>           |res<0>         |   11.213|
B<3>           |res<3>         |    8.534|
B<3>           |res<4>         |   10.153|
B<3>           |res<5>         |   10.017|
B<3>           |res<6>         |   10.031|
B<3>           |res<7>         |   10.533|
B<3>           |res<8>         |   11.289|
B<3>           |res<9>         |   11.211|
B<3>           |res<10>        |   12.119|
B<3>           |res<11>        |   10.917|
B<3>           |res<12>        |   11.520|
B<3>           |res<13>        |   11.687|
B<3>           |res<14>        |   11.035|
B<3>           |res<15>        |   11.636|
B<3>           |res<16>        |   11.455|
B<3>           |res<17>        |   10.709|
B<3>           |res<18>        |   11.355|
B<3>           |res<19>        |   10.469|
B<3>           |res<20>        |   11.679|
B<3>           |res<21>        |   12.061|
B<3>           |res<22>        |   11.668|
B<3>           |res<23>        |   12.072|
B<3>           |res<24>        |   12.520|
B<3>           |res<25>        |   12.302|
B<3>           |res<26>        |   12.824|
B<3>           |res<27>        |   12.711|
B<3>           |res<28>        |   12.907|
B<3>           |res<29>        |   13.178|
B<3>           |res<30>        |   12.801|
B<3>           |res<31>        |   12.905|
B<4>           |Co             |   10.813|
B<4>           |res<0>         |   11.432|
B<4>           |res<4>         |   10.165|
B<4>           |res<5>         |   10.436|
B<4>           |res<6>         |   10.368|
B<4>           |res<7>         |   10.798|
B<4>           |res<8>         |   12.389|
B<4>           |res<9>         |   12.311|
B<4>           |res<10>        |   13.219|
B<4>           |res<11>        |   12.017|
B<4>           |res<12>        |   12.605|
B<4>           |res<13>        |   12.772|
B<4>           |res<14>        |   12.120|
B<4>           |res<15>        |   12.721|
B<4>           |res<16>        |   12.150|
B<4>           |res<17>        |   11.404|
B<4>           |res<18>        |   12.050|
B<4>           |res<19>        |   11.164|
B<4>           |res<20>        |   12.374|
B<4>           |res<21>        |   12.756|
B<4>           |res<22>        |   12.363|
B<4>           |res<23>        |   12.767|
B<4>           |res<24>        |   13.215|
B<4>           |res<25>        |   12.997|
B<4>           |res<26>        |   13.519|
B<4>           |res<27>        |   13.406|
B<4>           |res<28>        |   13.602|
B<4>           |res<29>        |   13.873|
B<4>           |res<30>        |   13.496|
B<4>           |res<31>        |   13.600|
B<5>           |Co             |   10.390|
B<5>           |res<0>         |   10.853|
B<5>           |res<5>         |    9.154|
B<5>           |res<6>         |    9.252|
B<5>           |res<7>         |    9.849|
B<5>           |res<8>         |   11.966|
B<5>           |res<9>         |   11.888|
B<5>           |res<10>        |   12.796|
B<5>           |res<11>        |   11.594|
B<5>           |res<12>        |   12.182|
B<5>           |res<13>        |   12.349|
B<5>           |res<14>        |   11.697|
B<5>           |res<15>        |   12.298|
B<5>           |res<16>        |   11.727|
B<5>           |res<17>        |   10.981|
B<5>           |res<18>        |   11.627|
B<5>           |res<19>        |   10.741|
B<5>           |res<20>        |   11.951|
B<5>           |res<21>        |   12.333|
B<5>           |res<22>        |   11.940|
B<5>           |res<23>        |   12.344|
B<5>           |res<24>        |   12.792|
B<5>           |res<25>        |   12.574|
B<5>           |res<26>        |   13.096|
B<5>           |res<27>        |   12.983|
B<5>           |res<28>        |   13.179|
B<5>           |res<29>        |   13.450|
B<5>           |res<30>        |   13.073|
B<5>           |res<31>        |   13.177|
B<6>           |Co             |    9.510|
B<6>           |res<0>         |   11.234|
B<6>           |res<6>         |    8.757|
B<6>           |res<7>         |    9.548|
B<6>           |res<8>         |   11.086|
B<6>           |res<9>         |   11.008|
B<6>           |res<10>        |   11.916|
B<6>           |res<11>        |   10.714|
B<6>           |res<12>        |   11.302|
B<6>           |res<13>        |   11.469|
B<6>           |res<14>        |   10.817|
B<6>           |res<15>        |   11.418|
B<6>           |res<16>        |   10.847|
B<6>           |res<17>        |   10.101|
B<6>           |res<18>        |   10.747|
B<6>           |res<19>        |    9.861|
B<6>           |res<20>        |   11.071|
B<6>           |res<21>        |   11.453|
B<6>           |res<22>        |   11.060|
B<6>           |res<23>        |   11.464|
B<6>           |res<24>        |   11.912|
B<6>           |res<25>        |   11.694|
B<6>           |res<26>        |   12.216|
B<6>           |res<27>        |   12.103|
B<6>           |res<28>        |   12.299|
B<6>           |res<29>        |   12.570|
B<6>           |res<30>        |   12.193|
B<6>           |res<31>        |   12.297|
B<7>           |Co             |   10.139|
B<7>           |res<0>         |   11.028|
B<7>           |res<7>         |    9.822|
B<7>           |res<8>         |   11.715|
B<7>           |res<9>         |   11.637|
B<7>           |res<10>        |   12.545|
B<7>           |res<11>        |   11.343|
B<7>           |res<12>        |   11.931|
B<7>           |res<13>        |   12.098|
B<7>           |res<14>        |   11.446|
B<7>           |res<15>        |   12.047|
B<7>           |res<16>        |   11.476|
B<7>           |res<17>        |   10.730|
B<7>           |res<18>        |   11.376|
B<7>           |res<19>        |   10.490|
B<7>           |res<20>        |   11.700|
B<7>           |res<21>        |   12.082|
B<7>           |res<22>        |   11.689|
B<7>           |res<23>        |   12.093|
B<7>           |res<24>        |   12.541|
B<7>           |res<25>        |   12.323|
B<7>           |res<26>        |   12.845|
B<7>           |res<27>        |   12.732|
B<7>           |res<28>        |   12.928|
B<7>           |res<29>        |   13.199|
B<7>           |res<30>        |   12.822|
B<7>           |res<31>        |   12.926|
B<8>           |Co             |   10.382|
B<8>           |res<0>         |   11.228|
B<8>           |res<8>         |   10.300|
B<8>           |res<9>         |    9.754|
B<8>           |res<10>        |   10.813|
B<8>           |res<11>        |    9.530|
B<8>           |res<12>        |   11.285|
B<8>           |res<13>        |   11.452|
B<8>           |res<14>        |   10.800|
B<8>           |res<15>        |   11.401|
B<8>           |res<16>        |   11.719|
B<8>           |res<17>        |   10.973|
B<8>           |res<18>        |   11.619|
B<8>           |res<19>        |   10.733|
B<8>           |res<20>        |   11.943|
B<8>           |res<21>        |   12.325|
B<8>           |res<22>        |   11.932|
B<8>           |res<23>        |   12.336|
B<8>           |res<24>        |   12.784|
B<8>           |res<25>        |   12.566|
B<8>           |res<26>        |   13.088|
B<8>           |res<27>        |   12.975|
B<8>           |res<28>        |   13.171|
B<8>           |res<29>        |   13.442|
B<8>           |res<30>        |   13.065|
B<8>           |res<31>        |   13.169|
B<9>           |Co             |   10.609|
B<9>           |res<0>         |   11.114|
B<9>           |res<9>         |    9.973|
B<9>           |res<10>        |   10.394|
B<9>           |res<11>        |    9.327|
B<9>           |res<12>        |   11.512|
B<9>           |res<13>        |   11.679|
B<9>           |res<14>        |   11.027|
B<9>           |res<15>        |   11.628|
B<9>           |res<16>        |   11.946|
B<9>           |res<17>        |   11.200|
B<9>           |res<18>        |   11.846|
B<9>           |res<19>        |   10.960|
B<9>           |res<20>        |   12.170|
B<9>           |res<21>        |   12.552|
B<9>           |res<22>        |   12.159|
B<9>           |res<23>        |   12.563|
B<9>           |res<24>        |   13.011|
B<9>           |res<25>        |   12.793|
B<9>           |res<26>        |   13.315|
B<9>           |res<27>        |   13.202|
B<9>           |res<28>        |   13.398|
B<9>           |res<29>        |   13.669|
B<9>           |res<30>        |   13.292|
B<9>           |res<31>        |   13.396|
B<10>          |Co             |   10.717|
B<10>          |res<0>         |   11.015|
B<10>          |res<10>        |   10.758|
B<10>          |res<11>        |    9.767|
B<10>          |res<12>        |   11.620|
B<10>          |res<13>        |   11.787|
B<10>          |res<14>        |   11.135|
B<10>          |res<15>        |   11.736|
B<10>          |res<16>        |   12.054|
B<10>          |res<17>        |   11.308|
B<10>          |res<18>        |   11.954|
B<10>          |res<19>        |   11.068|
B<10>          |res<20>        |   12.278|
B<10>          |res<21>        |   12.660|
B<10>          |res<22>        |   12.267|
B<10>          |res<23>        |   12.671|
B<10>          |res<24>        |   13.119|
B<10>          |res<25>        |   12.901|
B<10>          |res<26>        |   13.423|
B<10>          |res<27>        |   13.310|
B<10>          |res<28>        |   13.506|
B<10>          |res<29>        |   13.777|
B<10>          |res<30>        |   13.400|
B<10>          |res<31>        |   13.504|
B<11>          |Co             |   10.365|
B<11>          |res<0>         |   10.901|
B<11>          |res<11>        |    9.190|
B<11>          |res<12>        |   11.268|
B<11>          |res<13>        |   11.435|
B<11>          |res<14>        |   10.783|
B<11>          |res<15>        |   11.384|
B<11>          |res<16>        |   11.702|
B<11>          |res<17>        |   10.956|
B<11>          |res<18>        |   11.602|
B<11>          |res<19>        |   10.716|
B<11>          |res<20>        |   11.926|
B<11>          |res<21>        |   12.308|
B<11>          |res<22>        |   11.915|
B<11>          |res<23>        |   12.319|
B<11>          |res<24>        |   12.767|
B<11>          |res<25>        |   12.549|
B<11>          |res<26>        |   13.071|
B<11>          |res<27>        |   12.958|
B<11>          |res<28>        |   13.154|
B<11>          |res<29>        |   13.425|
B<11>          |res<30>        |   13.048|
B<11>          |res<31>        |   13.152|
B<12>          |Co             |    9.553|
B<12>          |res<0>         |   11.060|
B<12>          |res<12>        |   10.128|
B<12>          |res<13>        |   10.483|
B<12>          |res<14>        |    9.691|
B<12>          |res<15>        |   10.471|
B<12>          |res<16>        |   10.890|
B<12>          |res<17>        |   10.144|
B<12>          |res<18>        |   10.790|
B<12>          |res<19>        |    9.904|
B<12>          |res<20>        |   11.114|
B<12>          |res<21>        |   11.496|
B<12>          |res<22>        |   11.103|
B<12>          |res<23>        |   11.507|
B<12>          |res<24>        |   11.955|
B<12>          |res<25>        |   11.737|
B<12>          |res<26>        |   12.259|
B<12>          |res<27>        |   12.146|
B<12>          |res<28>        |   12.342|
B<12>          |res<29>        |   12.613|
B<12>          |res<30>        |   12.236|
B<12>          |res<31>        |   12.340|
B<13>          |Co             |   10.450|
B<13>          |res<0>         |   11.404|
B<13>          |res<13>        |   11.123|
B<13>          |res<14>        |   10.096|
B<13>          |res<15>        |   11.210|
B<13>          |res<16>        |   11.787|
B<13>          |res<17>        |   11.041|
B<13>          |res<18>        |   11.687|
B<13>          |res<19>        |   10.801|
B<13>          |res<20>        |   12.011|
B<13>          |res<21>        |   12.393|
B<13>          |res<22>        |   12.000|
B<13>          |res<23>        |   12.404|
B<13>          |res<24>        |   12.852|
B<13>          |res<25>        |   12.634|
B<13>          |res<26>        |   13.156|
B<13>          |res<27>        |   13.043|
B<13>          |res<28>        |   13.239|
B<13>          |res<29>        |   13.510|
B<13>          |res<30>        |   13.133|
B<13>          |res<31>        |   13.237|
B<14>          |Co             |    9.762|
B<14>          |res<0>         |   11.028|
B<14>          |res<14>        |    9.878|
B<14>          |res<15>        |   10.514|
B<14>          |res<16>        |   11.099|
B<14>          |res<17>        |   10.353|
B<14>          |res<18>        |   10.999|
B<14>          |res<19>        |   10.113|
B<14>          |res<20>        |   11.323|
B<14>          |res<21>        |   11.705|
B<14>          |res<22>        |   11.312|
B<14>          |res<23>        |   11.716|
B<14>          |res<24>        |   12.164|
B<14>          |res<25>        |   11.946|
B<14>          |res<26>        |   12.468|
B<14>          |res<27>        |   12.355|
B<14>          |res<28>        |   12.551|
B<14>          |res<29>        |   12.822|
B<14>          |res<30>        |   12.445|
B<14>          |res<31>        |   12.549|
B<15>          |Co             |   10.029|
B<15>          |res<0>         |   10.991|
B<15>          |res<15>        |   10.944|
B<15>          |res<16>        |   11.366|
B<15>          |res<17>        |   10.620|
B<15>          |res<18>        |   11.266|
B<15>          |res<19>        |   10.380|
B<15>          |res<20>        |   11.590|
B<15>          |res<21>        |   11.972|
B<15>          |res<22>        |   11.579|
B<15>          |res<23>        |   11.983|
B<15>          |res<24>        |   12.431|
B<15>          |res<25>        |   12.213|
B<15>          |res<26>        |   12.735|
B<15>          |res<27>        |   12.622|
B<15>          |res<28>        |   12.818|
B<15>          |res<29>        |   13.089|
B<15>          |res<30>        |   12.712|
B<15>          |res<31>        |   12.816|
B<16>          |Co             |    9.781|
B<16>          |res<0>         |   11.314|
B<16>          |res<16>        |   10.743|
B<16>          |res<17>        |   10.258|
B<16>          |res<18>        |   10.778|
B<16>          |res<19>        |    9.923|
B<16>          |res<20>        |   11.179|
B<16>          |res<21>        |   11.561|
B<16>          |res<22>        |   11.168|
B<16>          |res<23>        |   11.572|
B<16>          |res<24>        |   11.945|
B<16>          |res<25>        |   11.727|
B<16>          |res<26>        |   12.249|
B<16>          |res<27>        |   12.136|
B<16>          |res<28>        |   12.320|
B<16>          |res<29>        |   12.591|
B<16>          |res<30>        |   12.214|
B<16>          |res<31>        |   12.318|
B<17>          |Co             |   10.141|
B<17>          |res<0>         |   11.225|
B<17>          |res<17>        |   10.183|
B<17>          |res<18>        |   10.410|
B<17>          |res<19>        |   10.046|
B<17>          |res<20>        |   11.539|
B<17>          |res<21>        |   11.921|
B<17>          |res<22>        |   11.528|
B<17>          |res<23>        |   11.932|
B<17>          |res<24>        |   12.305|
B<17>          |res<25>        |   12.087|
B<17>          |res<26>        |   12.609|
B<17>          |res<27>        |   12.496|
B<17>          |res<28>        |   12.680|
B<17>          |res<29>        |   12.951|
B<17>          |res<30>        |   12.574|
B<17>          |res<31>        |   12.678|
B<18>          |Co             |    9.926|
B<18>          |res<0>         |   11.169|
B<18>          |res<18>        |   10.774|
B<18>          |res<19>        |   10.083|
B<18>          |res<20>        |   11.324|
B<18>          |res<21>        |   11.706|
B<18>          |res<22>        |   11.313|
B<18>          |res<23>        |   11.717|
B<18>          |res<24>        |   12.090|
B<18>          |res<25>        |   11.872|
B<18>          |res<26>        |   12.394|
B<18>          |res<27>        |   12.281|
B<18>          |res<28>        |   12.465|
B<18>          |res<29>        |   12.736|
B<18>          |res<30>        |   12.359|
B<18>          |res<31>        |   12.463|
B<19>          |Co             |    9.915|
B<19>          |res<0>         |   11.488|
B<19>          |res<19>        |   10.099|
B<19>          |res<20>        |   11.313|
B<19>          |res<21>        |   11.695|
B<19>          |res<22>        |   11.302|
B<19>          |res<23>        |   11.706|
B<19>          |res<24>        |   12.079|
B<19>          |res<25>        |   11.861|
B<19>          |res<26>        |   12.383|
B<19>          |res<27>        |   12.270|
B<19>          |res<28>        |   12.454|
B<19>          |res<29>        |   12.725|
B<19>          |res<30>        |   12.348|
B<19>          |res<31>        |   12.452|
B<20>          |Co             |    9.497|
B<20>          |res<0>         |   11.276|
B<20>          |res<20>        |    9.707|
B<20>          |res<21>        |   10.027|
B<20>          |res<22>        |    9.686|
B<20>          |res<23>        |   10.312|
B<20>          |res<24>        |   11.841|
B<20>          |res<25>        |   11.623|
B<20>          |res<26>        |   12.145|
B<20>          |res<27>        |   12.032|
B<20>          |res<28>        |   12.080|
B<20>          |res<29>        |   12.351|
B<20>          |res<30>        |   11.974|
B<20>          |res<31>        |   12.078|
B<21>          |Co             |    9.517|
B<21>          |res<0>         |   11.125|
B<21>          |res<21>        |    9.791|
B<21>          |res<22>        |    9.380|
B<21>          |res<23>        |    9.554|
B<21>          |res<24>        |   11.861|
B<21>          |res<25>        |   11.643|
B<21>          |res<26>        |   12.165|
B<21>          |res<27>        |   12.052|
B<21>          |res<28>        |   12.100|
B<21>          |res<29>        |   12.371|
B<21>          |res<30>        |   11.994|
B<21>          |res<31>        |   12.098|
B<22>          |Co             |    9.369|
B<22>          |res<0>         |   11.173|
B<22>          |res<22>        |    9.524|
B<22>          |res<23>        |    9.434|
B<22>          |res<24>        |   11.713|
B<22>          |res<25>        |   11.495|
B<22>          |res<26>        |   12.017|
B<22>          |res<27>        |   11.904|
B<22>          |res<28>        |   11.952|
B<22>          |res<29>        |   12.223|
B<22>          |res<30>        |   11.846|
B<22>          |res<31>        |   11.950|
B<23>          |Co             |    9.418|
B<23>          |res<0>         |   11.122|
B<23>          |res<23>        |    9.811|
B<23>          |res<24>        |   11.762|
B<23>          |res<25>        |   11.544|
B<23>          |res<26>        |   12.066|
B<23>          |res<27>        |   11.953|
B<23>          |res<28>        |   12.001|
B<23>          |res<29>        |   12.272|
B<23>          |res<30>        |   11.895|
B<23>          |res<31>        |   11.999|
B<24>          |Co             |   10.060|
B<24>          |res<0>         |   11.325|
B<24>          |res<24>        |   10.380|
B<24>          |res<25>        |   10.346|
B<24>          |res<26>        |   10.351|
B<24>          |res<27>        |   10.096|
B<24>          |res<28>        |   12.530|
B<24>          |res<29>        |   12.801|
B<24>          |res<30>        |   12.424|
B<24>          |res<31>        |   12.528|
B<25>          |Co             |    9.733|
B<25>          |res<0>         |   11.773|
B<25>          |res<25>        |    9.750|
B<25>          |res<26>        |    9.840|
B<25>          |res<27>        |   10.208|
B<25>          |res<28>        |   12.203|
B<25>          |res<29>        |   12.474|
B<25>          |res<30>        |   12.097|
B<25>          |res<31>        |   12.201|
B<26>          |Co             |    9.485|
B<26>          |res<0>         |   11.956|
B<26>          |res<26>        |    9.671|
B<26>          |res<27>        |    9.867|
B<26>          |res<28>        |   11.955|
B<26>          |res<29>        |   12.226|
B<26>          |res<30>        |   11.849|
B<26>          |res<31>        |   11.953|
B<27>          |Co             |    9.633|
B<27>          |res<0>         |   11.154|
B<27>          |res<27>        |    9.797|
B<27>          |res<28>        |   12.103|
B<27>          |res<29>        |   12.374|
B<27>          |res<30>        |   11.997|
B<27>          |res<31>        |   12.101|
B<28>          |Co             |   10.356|
B<28>          |res<0>         |   11.589|
B<28>          |res<28>        |   10.077|
B<28>          |res<29>        |   10.486|
B<28>          |res<30>        |   10.325|
B<28>          |res<31>        |   10.453|
B<29>          |Co             |    9.378|
B<29>          |res<0>         |   11.116|
B<29>          |res<29>        |    9.807|
B<29>          |res<30>        |    9.773|
B<29>          |res<31>        |    9.947|
B<30>          |Co             |    9.950|
B<30>          |res<0>         |    9.857|
B<30>          |res<30>        |   10.172|
B<30>          |res<31>        |   10.402|
B<31>          |Co             |   10.048|
B<31>          |res<0>         |   10.026|
B<31>          |res<31>        |   10.214|
---------------+---------------+---------+


Analysis completed Tue Nov 22 14:32:50 2016 
--------------------------------------------------------------------------------

Trace Settings:
-------------------------
Trace Settings 

Peak Memory Usage: 475 MB



