Release 14.7 - xst P.20131013 (nt)
Copyright (c) 1995-2013 Xilinx, Inc.  All rights reserved.
--> Parameter TMPDIR set to xst/projnav.tmp


Total REAL time to Xst completion: 0.00 secs
Total CPU time to Xst completion: 0.22 secs
 
--> Parameter xsthdpdir set to xst


Total REAL time to Xst completion: 0.00 secs
Total CPU time to Xst completion: 0.22 secs
 
--> Reading design: ALU.prj

TABLE OF CONTENTS
  1) Synthesis Options Summary
  2) HDL Parsing
  3) HDL Elaboration
  4) HDL Synthesis
       4.1) HDL Synthesis Report
  5) Advanced HDL Synthesis
       5.1) Advanced HDL Synthesis Report
  6) Low Level Synthesis
  7) Partition Report
  8) Design Summary
       8.1) Primitive and Black Box Usage
       8.2) Device utilization summary
       8.3) Partition Resource Summary
       8.4) Timing Report
            8.4.1) Clock Information
            8.4.2) Asynchronous Control Signals Information
            8.4.3) Timing Summary
            8.4.4) Timing Details
            8.4.5) Cross Clock Domains Report


=========================================================================
*                      Synthesis Options Summary                        *
=========================================================================
---- Source Parameters
Input File Name                    : "ALU.prj"
Ignore Synthesis Constraint File   : NO

---- Target Parameters
Output File Name                   : "ALU"
Output Format                      : NGC
Target Device                      : xc7k160t-1-fbg676

---- Source Options
Top Module Name                    : ALU
Automatic FSM Extraction           : YES
FSM Encoding Algorithm             : Auto
Safe Implementation                : No
FSM Style                          : LUT
RAM Extraction                     : Yes
RAM Style                          : Auto
ROM Extraction                     : Yes
Shift Register Extraction          : YES
ROM Style                          : Auto
Resource Sharing                   : YES
Asynchronous To Synchronous        : NO
Shift Register Minimum Size        : 2
Use DSP Block                      : Auto
Automatic Register Balancing       : No

---- Target Options
LUT Combining                      : Auto
Reduce Control Sets                : Auto
Add IO Buffers                     : YES
Global Maximum Fanout              : 100000
Add Generic Clock Buffer(BUFG)     : 32
Register Duplication               : YES
Optimize Instantiated Primitives   : NO
Use Clock Enable                   : Auto
Use Synchronous Set                : Auto
Use Synchronous Reset              : Auto
Pack IO Registers into IOBs        : Auto
Equivalent register Removal        : YES

---- General Options
Optimization Goal                  : Speed
Optimization Effort                : 1
Power Reduction                    : NO
Keep Hierarchy                     : No
Netlist Hierarchy                  : As_Optimized
RTL Output                         : Yes
Global Optimization                : AllClockNets
Read Cores                         : YES
Write Timing Constraints           : NO
Cross Clock Analysis               : NO
Hierarchy Separator                : /
Bus Delimiter                      : <>
Case Specifier                     : Maintain
Slice Utilization Ratio            : 100
BRAM Utilization Ratio             : 100
DSP48 Utilization Ratio            : 100
Auto BRAM Packing                  : NO
Slice Utilization Ratio Delta      : 5

=========================================================================


=========================================================================
*                          HDL Parsing                                  *
=========================================================================
Analyzing Verilog file "F:\3150101155\Exp082-ALU\MUX4T1.vf" into library work
Parsing module <MUX4T1>.
Analyzing Verilog file "F:\3150101155\Exp082-ALU\CLA.vf" into library work
Parsing module <CLA>.
Analyzing Verilog file "F:\3150101155\Exp082-ALU\add.vf" into library work
Parsing module <add>.
Analyzing Verilog file "F:\3150101155\Exp082-ALU\MUX8T1_8.vf" into library work
Parsing module <MUX4T1_MUSER_MUX8T1_8>.
Parsing module <MUX8T1_8>.
Analyzing Verilog file "F:\3150101155\Exp082-ALU\ACLA4.vf" into library work
Parsing module <CLA_MUSER_ACLA4>.
Parsing module <add_MUSER_ACLA4>.
Parsing module <ACLA4>.
Analyzing Verilog file "F:\3150101155\Exp082-ALU\MUX8T1_32.vf" into library work
Parsing module <MUX4T1_MUSER_MUX8T1_32>.
Parsing module <MUX8T1_8_MUSER_MUX8T1_32>.
Parsing module <MUX8T1_32>.
Analyzing Verilog file "F:\3150101155\Exp082-ALU\ADC32.vf" into library work
Parsing module <CLA_MUSER_ADC32>.
Parsing module <add_MUSER_ADC32>.
Parsing module <ACLA4_MUSER_ADC32>.
Parsing module <ADC32>.
Analyzing Verilog file "F:\3150101155\Exp082-ALU\ALU.v" into library work
Parsing module <ALU>.

=========================================================================
*                            HDL Elaboration                            *
=========================================================================

Elaborating module <ALU>.

Elaborating module <ADC32>.

Elaborating module <ACLA4_MUSER_ADC32>.

Elaborating module <add_MUSER_ADC32>.

Elaborating module <XOR2>.

Elaborating module <AND2>.

Elaborating module <OR2>.

Elaborating module <CLA_MUSER_ADC32>.

Elaborating module <AND3>.

Elaborating module <AND4>.

Elaborating module <OR4>.

Elaborating module <OR3>.

Elaborating module <MUX8T1_32>.

Elaborating module <MUX8T1_8_MUSER_MUX8T1_32>.

Elaborating module <MUX4T1_MUSER_MUX8T1_32>.

Elaborating module <INV>.
WARNING:HDLCompiler:634 - "F:\3150101155\Exp082-ALU\ALU.v" Line 30: Net <Ao[31]> does not have a driver.

=========================================================================
*                           HDL Synthesis                               *
=========================================================================

Synthesizing Unit <ALU>.
    Related source file is "F:\3150101155\Exp082-ALU\ALU.v".
WARNING:Xst:653 - Signal <Ao> is used but never assigned. This sourceless signal will be automatically connected to value GND.
    Found 32-bit comparator greater for signal <Slt<0>> created at line 42
    Summary:
	inferred   1 Comparator(s).
Unit <ALU> synthesized.

Synthesizing Unit <ADC32>.
    Related source file is "F:\3150101155\Exp082-ALU\ADC32.vf".
    Summary:
	no macro.
Unit <ADC32> synthesized.

Synthesizing Unit <ACLA4_MUSER_ADC32>.
    Related source file is "F:\3150101155\Exp082-ALU\ADC32.vf".
INFO:Xst:3210 - "F:\3150101155\Exp082-ALU\ADC32.vf" line 188: Output port <co> of the instance <XLXI_1> is unconnected or connected to loadless signal.
INFO:Xst:3210 - "F:\3150101155\Exp082-ALU\ADC32.vf" line 195: Output port <co> of the instance <XLXI_2> is unconnected or connected to loadless signal.
INFO:Xst:3210 - "F:\3150101155\Exp082-ALU\ADC32.vf" line 202: Output port <co> of the instance <XLXI_3> is unconnected or connected to loadless signal.
INFO:Xst:3210 - "F:\3150101155\Exp082-ALU\ADC32.vf" line 209: Output port <co> of the instance <XLXI_4> is unconnected or connected to loadless signal.
    Summary:
	no macro.
Unit <ACLA4_MUSER_ADC32> synthesized.

Synthesizing Unit <add_MUSER_ADC32>.
    Related source file is "F:\3150101155\Exp082-ALU\ADC32.vf".
    Summary:
	no macro.
Unit <add_MUSER_ADC32> synthesized.

Synthesizing Unit <CLA_MUSER_ADC32>.
    Related source file is "F:\3150101155\Exp082-ALU\ADC32.vf".
    Summary:
	no macro.
Unit <CLA_MUSER_ADC32> synthesized.

Synthesizing Unit <MUX8T1_32>.
    Related source file is "F:\3150101155\Exp082-ALU\MUX8T1_32.vf".
    Summary:
	no macro.
Unit <MUX8T1_32> synthesized.

Synthesizing Unit <MUX8T1_8_MUSER_MUX8T1_32>.
    Related source file is "F:\3150101155\Exp082-ALU\MUX8T1_32.vf".
    Summary:
	no macro.
Unit <MUX8T1_8_MUSER_MUX8T1_32> synthesized.

Synthesizing Unit <MUX4T1_MUSER_MUX8T1_32>.
    Related source file is "F:\3150101155\Exp082-ALU\MUX8T1_32.vf".
    Summary:
	no macro.
Unit <MUX4T1_MUSER_MUX8T1_32> synthesized.

=========================================================================
HDL Synthesis Report

Macro Statistics
# Comparators                                          : 1
 32-bit comparator greater                             : 1
# Xors                                                 : 1
 32-bit xor2                                           : 1

=========================================================================

=========================================================================
*                       Advanced HDL Synthesis                          *
=========================================================================


=========================================================================
Advanced HDL Synthesis Report

Macro Statistics
# Comparators                                          : 1
 32-bit comparator greater                             : 1
# Xors                                                 : 1
 32-bit xor2                                           : 1

=========================================================================

=========================================================================
*                         Low Level Synthesis                           *
=========================================================================

Optimizing unit <MUX8T1_8_MUSER_MUX8T1_32> ...

Optimizing unit <MUX4T1_MUSER_MUX8T1_32> ...

Optimizing unit <ADC32> ...

Optimizing unit <CLA_MUSER_ADC32> ...

Optimizing unit <ALU> ...

Mapping all equations...
Building and optimizing final netlist ...
Found area constraint ratio of 100 (+ 5) on block ALU, actual ratio is 0.

Final Macro Processing ...

=========================================================================
Final Register Report

Found no macro
=========================================================================

=========================================================================
*                           Partition Report                            *
=========================================================================

Partition Implementation Status
-------------------------------

  No Partitions were found in this design.

-------------------------------

=========================================================================
*                            Design Summary                             *
=========================================================================

Top Level Output File Name         : ALU.ngc

Primitive and Black Box Usage:
------------------------------
# BELS                             : 964
#      AND2                        : 490
#      AND3                        : 30
#      AND4                        : 30
#      GND                         : 1
#      INV                         : 36
#      LUT2                        : 96
#      LUT4                        : 30
#      LUT5                        : 1
#      MUXCY                       : 15
#      OR2                         : 76
#      OR3                         : 10
#      OR4                         : 84
#      VCC                         : 1
#      XOR2                        : 64
# IO Buffers                       : 100
#      IBUF                        : 67
#      OBUF                        : 33

Device utilization summary:
---------------------------

Selected Device : 7k160tfbg676-1 


Slice Logic Utilization: 
 Number of Slice LUTs:                  163  out of  101400     0%  
    Number used as Logic:               163  out of  101400     0%  

Slice Logic Distribution: 
 Number of LUT Flip Flop pairs used:    163
   Number with an unused Flip Flop:     163  out of    163   100%  
   Number with an unused LUT:             0  out of    163     0%  
   Number of fully used LUT-FF pairs:     0  out of    163     0%  
   Number of unique control sets:         0

IO Utilization: 
 Number of IOs:                         102
 Number of bonded IOBs:                 100  out of    400    25%  

Specific Feature Utilization:

---------------------------
Partition Resource Summary:
---------------------------

  No Partitions were found in this design.

---------------------------


=========================================================================
Timing Report

NOTE: THESE TIMING NUMBERS ARE ONLY A SYNTHESIS ESTIMATE.
      FOR ACCURATE TIMING INFORMATION PLEASE REFER TO THE TRACE REPORT
      GENERATED AFTER PLACE-and-ROUTE.

Clock Information:
------------------
No clock signals found in this design

Asynchronous Control Signals Information:
----------------------------------------
No asynchronous control signals found in this design

Timing Summary:
---------------
Speed Grade: -1

   Minimum period: No path found
   Minimum input arrival time before clock: No path found
   Maximum output required time after clock: No path found
   Maximum combinational path delay: 13.143ns

Timing Details:
---------------
All values displayed in nanoseconds (ns)

=========================================================================
Timing constraint: Default path analysis
  Total number of paths / destination ports: 10173 / 33
-------------------------------------------------------------------------
Delay:               13.143ns (Levels of Logic = 18)
  Source:            ALU_Ctr<2> (PAD)
  Destination:       res<29> (PAD)

  Data Path: ALU_Ctr<2> to res<29>
                                Gate     Net
    Cell:in->out      fanout   Delay   Delay  Logical Name (Net Name)
    ----------------------------------------  ------------
     IBUF:I->O            77   0.000   0.647  ALU_Ctr_2_IBUF (ALU_Ctr_2_IBUF)
     LUT2:I0->O            2   0.053   0.745  Mxor_Bo_2_xo<0>1 (Bo<2>)
     XOR2:I0->O            8   0.053   0.771  ADD_32/XLXI_1/XLXI_2/XLXI_1 (ADD_32/XLXI_1/XLXN_5)
     AND4:I1->O            1   0.067   0.602  ADD_32/XLXI_1/XLXI_5/XLXI_10 (ADD_32/XLXI_1/XLXI_5/XLXN_3)
     OR4:I3->O             4   0.190   0.622  ADD_32/XLXI_1/XLXI_5/XLXI_16 (ADD_32/XLXN_2)
     AND4:I3->O            1   0.190   0.602  ADD_32/XLXI_10/XLXI_10 (ADD_32/XLXI_10/XLXN_3)
     OR4:I3->O             1   0.190   0.725  ADD_32/XLXI_10/XLXI_16 (ADD_32/XLXN_35)
     OR2:I1->O             9   0.067   0.655  ADD_32/XLXI_12 (ADD_32/XLXN_34)
     AND4:I3->O            1   0.190   0.602  ADD_32/XLXI_11/XLXI_12 (ADD_32/XLXI_11/XLXN_19)
     OR4:I3->O             5   0.190   0.629  ADD_32/XLXI_11/XLXI_17 (ADD_32/XLXN_21)
     AND4:I3->O            1   0.190   0.602  ADD_32/XLXI_8/XLXI_5/XLXI_12 (ADD_32/XLXI_8/XLXI_5/XLXN_19)
     OR4:I3->O             2   0.190   0.745  ADD_32/XLXI_8/XLXI_5/XLXI_17 (ADD_32/XLXI_8/XLXN_1)
     XOR2:I0->O            2   0.053   0.745  ADD_32/XLXI_8/XLXI_1/XLXI_2 (Sum<31>)
     AND2:I0->O            1   0.053   0.725  MUX1/XLXI_8/XLXI_39/XLXI_32 (MUX1/XLXI_8/XLXI_39/XLXN_15)
     OR4:I1->O             1   0.067   0.739  MUX1/XLXI_8/XLXI_39/XLXI_34 (MUX1/XLXI_8/o3<3>)
     AND2:I0->O            1   0.053   0.739  MUX1/XLXI_8/XLXI_24 (MUX1/XLXI_8/XLXN_19)
     OR2:I0->O             1   0.053   0.399  MUX1/XLXI_8/XLXI_22 (res_31_OBUF)
     OBUF:I->O                 0.000          res_31_OBUF (res<31>)
    ----------------------------------------
    Total                     13.143ns (1.849ns logic, 11.294ns route)
                                       (14.1% logic, 85.9% route)

=========================================================================

Cross Clock Domains Report:
--------------------------

=========================================================================


Total REAL time to Xst completion: 11.00 secs
Total CPU time to Xst completion: 10.78 secs
 
--> 

Total memory usage is 321324 kilobytes

Number of errors   :    0 (   0 filtered)
Number of warnings :    2 (   0 filtered)
Number of infos    :    4 (   0 filtered)

