Exception at PC 0x00007FFC78B07788
Exception at PC 0x00007FFC78B07788
Exception at PC 0x00007FFC78B07788
Exception at PC 0x00007FFC78B07788
Exception at PC 0x00007FFC78B07788
Exception at PC 0x00007FFC78B07788
Exception at PC 0x00007FFC78B07788
Exception at PC 0x00007FFC78B07788
Exception at PC 0x00007FFC78B07788
Exception at PC 0x00007FFC78B07788
Exception at PC 0x00007FFC1CE3BB93
Printing stacktrace...

Exception at PC 0x00007FFC78B07788
Exception at PC 0x00007FFC78B07788
Exception at PC 0x00007FFC78B07788
Exception at PC 0x00007FFC78B07788
Exception at PC 0x00007FFC78B07788
Exception at PC 0x00007FFC78B07788
Exception at PC 0x00007FFC78B07788
Exception at PC 0x00007FFC78B07788
Exception at PC 0x00007FFC78B07788
[0]  [0x00007FFC1CE3BB93]
[1]  [0x00007FFC1CE3BB93]
[2]  [0x00007FFC1CE3B4A1]
[3]  [0x00007FFC1CE3B3EF]
[4]  [0x00007FFC1CE219FE]
[5]  [0x00007FFC1CE20ED1]
[6]  [0x00007FFC1CE20D76]
[7]  [0x00007FFC1CDC79F6]
[8]  [0x00007FFC1CDB7AFB]
[9]  [0x00007FFC1CEDE90A]
[10]  [0x00007FFC1CEF9F87]
[11]  [0x00007FFC1CEFA05F]
[12] (BaseThreadInitThunk+0x14) [0x00007FFC79028364]
[13] (RtlUserThreadStart+0x21) [0x00007FFC7B9570D1]
Done
Exception at PC 0x00007FFC78B07788
Exception at PC 0x00007FFC78B07788
Exception at PC 0x00007FFC78B07788
Exception at PC 0x00007FFC78B07788
Exception at PC 0x00007FFC78B07788
Exception at PC 0x00007FFC78B07788
Exception at PC 0x00007FFC78B07788
Exception at PC 0x00007FFC78B07788
Exception at PC 0x00007FFC78B07788
Exception at PC 0x00007FFC78B07788
