Copyright 1986-2016 Xilinx, Inc. All Rights Reserved.
------------------------------------------------------------------------------------
| Tool Version : Vivado v.2016.3 (win64) Build 1682563 Mon Oct 10 19:07:27 MDT 2016
| Date         : Sat Dec 24 13:06:06 2016
| Host         : Shana-Laptop running 64-bit major release  (build 9200)
| Command      : report_control_sets -verbose -file Main_control_sets_placed.rpt
| Design       : Main
| Device       : xc7k160t
------------------------------------------------------------------------------------

Control Set Information

Table of Contents
-----------------
1. Summary
2. Flip-Flop Distribution
3. Detailed Control Set Information

1. Summary
----------

+----------------------------------------------------------+-------+
|                          Status                          | Count |
+----------------------------------------------------------+-------+
| Number of unique control sets                            |    10 |
| Unused register locations in slices containing registers |    26 |
+----------------------------------------------------------+-------+


2. Flip-Flop Distribution
-------------------------

+--------------+-----------------------+------------------------+-----------------+--------------+
| Clock Enable | Synchronous Set/Reset | Asynchronous Set/Reset | Total Registers | Total Slices |
+--------------+-----------------------+------------------------+-----------------+--------------+
| No           | No                    | No                     |             163 |           85 |
| No           | No                    | Yes                    |              56 |           20 |
| No           | Yes                   | No                     |               0 |            0 |
| Yes          | No                    | No                     |              26 |           11 |
| Yes          | No                    | Yes                    |               4 |            3 |
| Yes          | Yes                   | No                     |              29 |            9 |
+--------------+-----------------------+------------------------+-----------------+--------------+


3. Detailed Control Set Information
-----------------------------------

+-----------------------+----------------------------------------+----------------------------------+------------------+----------------+
|      Clock Signal     |              Enable Signal             |         Set/Reset Signal         | Slice Load Count | Bel Load Count |
+-----------------------+----------------------------------------+----------------------------------+------------------+----------------+
|  M4/push              | M4/n0001_inv                           |                                  |                1 |              3 |
|  clk_100mhz_IBUF_BUFG | M6/LED_P2S/_n0075_inv_cepot            | M2/rst                           |                3 |              4 |
|  M2/clk1_BUFG         | M2/_n0225_inv1_cepot                   |                                  |                3 |              6 |
|  M2/clk1_BUFG         |                                        |                                  |                4 |              7 |
|  clk_100mhz_IBUF_BUFG | M2/counter1[31]_GND_1_o_LessThan_102_o | M2/RSTN_temp_sw_temp[15]_OR_54_o |                3 |              8 |
| ~clk_100mhz_IBUF_BUFG |                                        | M2/rst                           |                5 |             16 |
|  clk_100mhz_IBUF_BUFG | M2/_n0243_inv1_cepot_cepot             |                                  |                7 |             17 |
|  M2/clk1_BUFG         | M2/counter[31]_GND_1_o_LessThan_5_o    | M2/btn_temp[3]_scan_AND_1_o      |                6 |             21 |
|  clk_100mhz_IBUF_BUFG |                                        | M2/rst                           |               15 |             40 |
|  clk_100mhz_IBUF_BUFG |                                        |                                  |               81 |            156 |
+-----------------------+----------------------------------------+----------------------------------+------------------+----------------+


+--------+-----------------------+
| Fanout | Number of ControlSets |
+--------+-----------------------+
| 3      |                     1 |
| 4      |                     1 |
| 6      |                     1 |
| 7      |                     1 |
| 8      |                     1 |
| 16+    |                     5 |
+--------+-----------------------+


