INFO:sim:172 - Generating IP...
Resolving generics for 'vram'...
Applying external generics to 'vram'...
Delivering associated files for 'vram'...
Delivering EJava files for 'vram'...
Generating implementation netlist for 'vram'...
INFO:sim - Pre-processing HDL files for 'vram'...
Running synthesis for 'vram'
Running ngcbuild...
Writing VEO instantiation template for 'vram'...
Writing Verilog behavioral simulation model for 'vram'...
WARNING:sim - Overwriting existing file
   F:/3150101155/vram/ipcore_dir/tmp/_cg/vram/doc/blk_mem_gen_v7_3_vinfo.html
   with file from view xilinx_documentation
Delivered 1 file into directory F:/3150101155/vram/ipcore_dir/tmp/_cg/vram
Generating ASY schematic symbol...
INFO:sim:949 - Finished generation of ASY schematic symbol.
Generating SYM schematic symbol for 'vram'...
Generating metadata file...
Regenerating ISE project file for 'vram'...
Generating ISE project...
XCO file found: vram.xco
XMDF file found: vram_xmdf.tcl
Adding F:/3150101155/vram/ipcore_dir/tmp/_cg/vram.asy -view all -origin_type
imported
Adding F:/3150101155/vram/ipcore_dir/tmp/_cg/vram.ngc -view all -origin_type
created
Checking file "F:/3150101155/vram/ipcore_dir/tmp/_cg/vram.ngc" for project
device match ...
File "F:/3150101155/vram/ipcore_dir/tmp/_cg/vram.ngc" device information matches
project device.
Adding F:/3150101155/vram/ipcore_dir/tmp/_cg/vram.sym -view all -origin_type
imported
Adding F:/3150101155/vram/ipcore_dir/tmp/_cg/vram.v -view all -origin_type
created
INFO:HDLCompiler:1845 - Analyzing Verilog file
   "F:/3150101155/vram/ipcore_dir/tmp/_cg/vram.v" into library work
INFO:ProjectMgmt - Parsing design hierarchy completed successfully.
Adding F:/3150101155/vram/ipcore_dir/tmp/_cg/vram.veo -view all -origin_type
imported
INFO:TclTasksC:2116 - The automatic calculation of top has been turned-off.
   Please set the new top explicitly by running the "project set top" command.
   To re-calculate the new top automatically, set the "Auto Implementation Top"
   property to true.
Top level has been set to "/vram"
Generating README file...
Generating FLIST file...
INFO:sim:948 - Finished FLIST file generation.
Launching README viewer...
Moving files to output directory...
Finished moving files to output directory
Wrote CGP file for project 'vram'.
