Copyright 1986-2017 Xilinx, Inc. All Rights Reserved.
----------------------------------------------------------------------------------------------------------------------------------
| Tool Version     : Vivado v.2017.3 (lin64) Build 2018833 Wed Oct  4 19:58:07 MDT 2017
| Date             : Mon Jan  8 12:56:24 2018
| Host             : lovesy-ubuntu running 64-bit Ubuntu 16.04.3 LTS
| Command          : report_power -file Main_power_routed.rpt -pb Main_power_summary_routed.pb -rpx Main_power_routed.rpx
| Design           : Main
| Device           : xc7k325tffg676-2L
| Design State     : routed
| Grade            : extended
| Process          : typical
| Characterization : Production
----------------------------------------------------------------------------------------------------------------------------------

Power Report

Table of Contents
-----------------
1. Summary
1.1 On-Chip Components
1.2 Power Supply Summary
1.3 Confidence Level
2. Settings
2.1 Environment
2.2 Clock Constraints
3. Detailed Reports
3.1 By Hierarchy

1. Summary
----------

+--------------------------+--------------+
| Total On-Chip Power (W)  | 38.214       |
| Design Power Budget (W)  | Unspecified* |
| Power Budget Margin (W)  | NA           |
| Dynamic (W)              | 36.727       |
| Device Static (W)        | 1.487        |
| Effective TJA (C/W)      | 1.9          |
| Max Ambient (C)          | 27.9         |
| Junction Temperature (C) | 97.1         |
| Confidence Level         | Low          |
| Setting File             | ---          |
| Simulation Activity File | ---          |
| Design Nets Matched      | NA           |
+--------------------------+--------------+
* Specify Design Power Budget using, set_operating_conditions -design_power_budget <value in Watts>


1.1 On-Chip Components
----------------------

+--------------------------+-----------+----------+-----------+-----------------+
| On-Chip                  | Power (W) | Used     | Available | Utilization (%) |
+--------------------------+-----------+----------+-----------+-----------------+
| Slice Logic              |    10.380 |     7630 |       --- |             --- |
|   LUT as Logic           |     9.690 |     3225 |    203800 |            1.58 |
|   Register               |     0.287 |     3537 |    407600 |            0.87 |
|   CARRY4                 |     0.152 |       63 |     50950 |            0.12 |
|   F7/F8 Muxes            |     0.133 |      495 |    203800 |            0.24 |
|   BUFG                   |     0.093 |        5 |        32 |           15.63 |
|   LUT as Distributed RAM |     0.024 |       22 |     64000 |            0.03 |
|   Others                 |     0.000 |       50 |       --- |             --- |
| Signals                  |    19.601 |     6345 |       --- |             --- |
| Block RAM                |     0.519 |      1.5 |       445 |            0.34 |
| I/O                      |     6.227 |       46 |       400 |           11.50 |
| Static Power             |     1.487 |          |           |                 |
| Total                    |    38.214 |          |           |                 |
+--------------------------+-----------+----------+-----------+-----------------+


1.2 Power Supply Summary
------------------------

+-----------+-------------+-----------+-------------+------------+
| Source    | Voltage (V) | Total (A) | Dynamic (A) | Static (A) |
+-----------+-------------+-----------+-------------+------------+
| Vccint    |       1.000 |    31.795 |      30.550 |      1.245 |
| Vccaux    |       1.800 |     0.318 |       0.225 |      0.093 |
| Vcco33    |       3.300 |     1.726 |       1.725 |      0.001 |
| Vcco25    |       2.500 |     0.000 |       0.000 |      0.000 |
| Vcco18    |       1.800 |     0.008 |       0.007 |      0.001 |
| Vcco15    |       1.500 |     0.020 |       0.019 |      0.001 |
| Vcco135   |       1.350 |     0.000 |       0.000 |      0.000 |
| Vcco12    |       1.200 |     0.000 |       0.000 |      0.000 |
| Vccaux_io |       1.800 |     0.000 |       0.000 |      0.000 |
| Vccbram   |       1.000 |     0.072 |       0.040 |      0.032 |
| MGTAVcc   |       1.000 |     0.000 |       0.000 |      0.000 |
| MGTAVtt   |       1.200 |     0.000 |       0.000 |      0.000 |
| MGTVccaux |       1.800 |     0.000 |       0.000 |      0.000 |
| Vccadc    |       1.800 |     0.020 |       0.000 |      0.020 |
+-----------+-------------+-----------+-------------+------------+


1.3 Confidence Level
--------------------

+-----------------------------+------------+--------------------------------------------------------+--------------------------------------------------------------------------------------------------------------------+
| User Input Data             | Confidence | Details                                                | Action                                                                                                             |
+-----------------------------+------------+--------------------------------------------------------+--------------------------------------------------------------------------------------------------------------------+
| Design implementation state | High       | Design is routed                                       |                                                                                                                    |
| Clock nodes activity        | Low        | User specified less than 75% of clocks                 | Provide missing clock activity with a constraint file, simulation results or by editing the "By Clock Domain" view |
| I/O nodes activity          | Low        | More than 75% of inputs are missing user specification | Provide missing input activity with simulation results or by editing the "By Resource Type -> I/Os" view           |
| Internal nodes activity     | Medium     | User specified less than 25% of internal nodes         | Provide missing internal nodes activity with simulation results or by editing the "By Resource Type" views         |
| Device models               | High       | Device models are Production                           |                                                                                                                    |
|                             |            |                                                        |                                                                                                                    |
| Overall confidence level    | Low        |                                                        |                                                                                                                    |
+-----------------------------+------------+--------------------------------------------------------+--------------------------------------------------------------------------------------------------------------------+


2. Settings
-----------

2.1 Environment
---------------

+-----------------------+--------------------------+
| Ambient Temp (C)      | 25.0                     |
| ThetaJA (C/W)         | 1.9                      |
| Airflow (LFM)         | 250                      |
| Heat Sink             | medium (Medium Profile)  |
| ThetaSA (C/W)         | 3.4                      |
| Board Selection       | medium (10"x10")         |
| # of Board Layers     | 12to15 (12 to 15 Layers) |
| Board Temperature (C) | 25.0                     |
+-----------------------+--------------------------+


2.2 Clock Constraints
---------------------

+-------+--------+-----------------+
| Clock | Domain | Constraint (ns) |
+-------+--------+-----------------+


3. Detailed Reports
-------------------

3.1 By Hierarchy
----------------

+------------------------------------------------+-----------+
| Name                                           | Power (W) |
+------------------------------------------------+-----------+
| Main                                           |    36.727 |
|   M2                                           |     0.230 |
|   M4                                           |     0.003 |
|   SCPU                                         |    27.895 |
|     CP0                                        |     0.692 |
|       CP0Regs                                  |     0.692 |
|     Cache                                      |     3.422 |
|     Control_Stall                              |     0.157 |
|     DM                                         |     0.493 |
|       U0                                       |     0.493 |
|         inst_blk_mem_gen                       |     0.493 |
|           gnbram.gnativebmg.native_blk_mem_gen |     0.493 |
|             valid.cstr                         |     0.493 |
|               ramloop[0].ram.r                 |     0.493 |
|                 prim_init.ram                  |     0.493 |
|     EXE                                        |    10.030 |
|       ALU                                      |     0.175 |
|     ID                                         |     4.135 |
|       Regs                                     |     1.077 |
|     IF                                         |     2.538 |
|       IM                                       |     0.165 |
|         U0                                     |     0.165 |
|           synth_options.dist_mem_inst          |     0.165 |
|             gen_rom.rom_inst                   |     0.165 |
|       PC_Reg                                   |     0.695 |
|     MEM                                        |     4.018 |
|     WB                                         |     2.410 |
|   VGA                                          |     0.590 |
|   VGA_DEBUG                                    |     0.937 |
|     Mram_data_buf1                             |     0.010 |
|     Mram_data_buf2                             |     0.006 |
|     Mram_data_buf3                             |     0.006 |
|     Mram_data_buf4                             |     0.005 |
|     Mram_data_buf5                             |     0.006 |
|     Mram_data_buf61                            |     0.001 |
|     Mram_data_buf62                            |     0.002 |
|   clk_div                                      |     0.182 |
+------------------------------------------------+-----------+


