
*** Running vivado
    with args -log ROM_D.vds -m64 -product Vivado -mode batch -messageDb vivado.pb -notrace -source ROM_D.tcl


****** Vivado v2017.3 (64-bit)
  **** SW Build 2018833 on Wed Oct  4 19:58:07 MDT 2017
  **** IP Build 2016188 on Wed Oct  4 21:52:56 MDT 2017
    ** Copyright 1986-2017 Xilinx, Inc. All Rights Reserved.

source ROM_D.tcl -notrace
Starting RTL Elaboration : Time (s): cpu = 00:00:10 ; elapsed = 00:00:11 . Memory (MB): peak = 1263.023 ; gain = 75.000 ; free physical = 1695 ; free virtual = 24327
INFO: [Synth 8-638] synthesizing module 'ROM_D' [/home/lovesy/Documents/Learning/CA/EXP4_Vivado/EXP4_Vivado.srcs/sources_1/ip/ROM_D/synth/ROM_D.vhd:66]
INFO: [Synth 8-256] done synthesizing module 'ROM_D' (4#1) [/home/lovesy/Documents/Learning/CA/EXP4_Vivado/EXP4_Vivado.srcs/sources_1/ip/ROM_D/synth/ROM_D.vhd:66]
Finished RTL Elaboration : Time (s): cpu = 00:00:15 ; elapsed = 00:00:16 . Memory (MB): peak = 1325.555 ; gain = 137.531 ; free physical = 1681 ; free virtual = 24314
Finished RTL Optimization Phase 1 : Time (s): cpu = 00:00:15 ; elapsed = 00:00:17 . Memory (MB): peak = 1325.555 ; gain = 137.531 ; free physical = 1685 ; free virtual = 24319
INFO: [Device 21-403] Loading part xc7k325tffg676-2L
Constraint Validation Runtime : Time (s): cpu = 00:00:00 ; elapsed = 00:00:00 . Memory (MB): peak = 1630.695 ; gain = 0.000 ; free physical = 1401 ; free virtual = 24034
Finished Constraint Validation : Time (s): cpu = 00:00:39 ; elapsed = 00:00:57 . Memory (MB): peak = 1630.695 ; gain = 442.672 ; free physical = 1483 ; free virtual = 24116
Finished Loading Part and Timing Information : Time (s): cpu = 00:00:39 ; elapsed = 00:00:57 . Memory (MB): peak = 1630.695 ; gain = 442.672 ; free physical = 1483 ; free virtual = 24116
Finished applying 'set_property' XDC Constraints : Time (s): cpu = 00:00:39 ; elapsed = 00:00:57 . Memory (MB): peak = 1630.695 ; gain = 442.672 ; free physical = 1485 ; free virtual = 24118
Finished RTL Optimization Phase 2 : Time (s): cpu = 00:00:39 ; elapsed = 00:00:57 . Memory (MB): peak = 1630.695 ; gain = 442.672 ; free physical = 1484 ; free virtual = 24117
Finished Cross Boundary and Area Optimization : Time (s): cpu = 00:00:40 ; elapsed = 00:00:58 . Memory (MB): peak = 1630.711 ; gain = 442.688 ; free physical = 1467 ; free virtual = 24101
---------------------------------------------------------------------------------
Start ROM, RAM, DSP and Shift Register Reporting
---------------------------------------------------------------------------------

ROM:
+------------+------------+---------------+----------------+
|Module Name | RTL Object | Depth x Width | Implemented As | 
+------------+------------+---------------+----------------+
|rom         | rom[1023]  | 1024x32       | LUT            | 
+------------+------------+---------------+----------------+

---------------------------------------------------------------------------------
Finished ROM, RAM, DSP and Shift Register Reporting
---------------------------------------------------------------------------------
Finished Applying XDC Timing Constraints : Time (s): cpu = 00:00:49 ; elapsed = 00:01:10 . Memory (MB): peak = 1639.711 ; gain = 451.688 ; free physical = 1340 ; free virtual = 23973
Finished Timing Optimization : Time (s): cpu = 00:00:49 ; elapsed = 00:01:10 . Memory (MB): peak = 1639.711 ; gain = 451.688 ; free physical = 1340 ; free virtual = 23973
Finished Technology Mapping : Time (s): cpu = 00:00:49 ; elapsed = 00:01:10 . Memory (MB): peak = 1649.727 ; gain = 461.703 ; free physical = 1338 ; free virtual = 23971
Finished IO Insertion : Time (s): cpu = 00:00:50 ; elapsed = 00:01:11 . Memory (MB): peak = 1649.727 ; gain = 461.703 ; free physical = 1338 ; free virtual = 23971
Finished Renaming Generated Instances : Time (s): cpu = 00:00:50 ; elapsed = 00:01:11 . Memory (MB): peak = 1649.727 ; gain = 461.703 ; free physical = 1338 ; free virtual = 23971
Finished Rebuilding User Hierarchy : Time (s): cpu = 00:00:50 ; elapsed = 00:01:11 . Memory (MB): peak = 1649.727 ; gain = 461.703 ; free physical = 1338 ; free virtual = 23971
Finished Renaming Generated Ports : Time (s): cpu = 00:00:50 ; elapsed = 00:01:11 . Memory (MB): peak = 1649.727 ; gain = 461.703 ; free physical = 1338 ; free virtual = 23971
Finished Handling Custom Attributes : Time (s): cpu = 00:00:50 ; elapsed = 00:01:11 . Memory (MB): peak = 1649.727 ; gain = 461.703 ; free physical = 1338 ; free virtual = 23971
Finished Renaming Generated Nets : Time (s): cpu = 00:00:50 ; elapsed = 00:01:11 . Memory (MB): peak = 1649.727 ; gain = 461.703 ; free physical = 1338 ; free virtual = 23971

Report Cell Usage: 
+------+------+------+
|      |Cell  |Count |
+------+------+------+
|1     |LUT3  |     5|
|2     |LUT4  |     3|
|3     |LUT5  |     6|
|4     |LUT6  |    57|
|5     |MUXF7 |    21|
+------+------+------+
Finished Writing Synthesis Report : Time (s): cpu = 00:00:50 ; elapsed = 00:01:11 . Memory (MB): peak = 1649.727 ; gain = 461.703 ; free physical = 1338 ; free virtual = 23971
synth_design: Time (s): cpu = 00:00:52 ; elapsed = 00:01:13 . Memory (MB): peak = 1691.742 ; gain = 525.094 ; free physical = 1355 ; free virtual = 23988
