
*** Running vivado
    with args -log nest.vds -m64 -product Vivado -mode batch -messageDb vivado.pb -notrace -source nest.tcl


****** Vivado v2016.3 (64-bit)
  **** SW Build 1682563 on Mon Oct 10 19:07:27 MDT 2016
  **** IP Build 1681267 on Mon Oct 10 21:28:31 MDT 2016
    ** Copyright 1986-2016 Xilinx, Inc. All Rights Reserved.

source nest.tcl -notrace
Starting RTL Elaboration : Time (s): cpu = 00:00:18 ; elapsed = 00:00:35 . Memory (MB): peak = 319.168 ; gain = 109.121
INFO: [Synth 8-638] synthesizing module 'nest' [d:/Users/Shana/Desktop/vivado/NestGather/NestGather.srcs/sources_1/ip/nest/synth/nest.vhd:69]
INFO: [Synth 8-256] done synthesizing module 'nest' (9#1) [d:/Users/Shana/Desktop/vivado/NestGather/NestGather.srcs/sources_1/ip/nest/synth/nest.vhd:69]
Finished RTL Elaboration : Time (s): cpu = 00:01:39 ; elapsed = 00:02:04 . Memory (MB): peak = 517.387 ; gain = 307.340
Finished RTL Optimization Phase 1 : Time (s): cpu = 00:01:40 ; elapsed = 00:02:05 . Memory (MB): peak = 517.387 ; gain = 307.340
INFO: [Device 21-403] Loading part xc7k160tfbg676-2L
Constraint Validation Runtime : Time (s): cpu = 00:00:00 ; elapsed = 00:00:00.459 . Memory (MB): peak = 597.520 ; gain = 0.000
Finished Constraint Validation : Time (s): cpu = 00:02:04 ; elapsed = 00:02:39 . Memory (MB): peak = 597.520 ; gain = 387.473
Finished Loading Part and Timing Information : Time (s): cpu = 00:02:04 ; elapsed = 00:02:39 . Memory (MB): peak = 597.520 ; gain = 387.473
Finished applying 'set_property' XDC Constraints : Time (s): cpu = 00:02:04 ; elapsed = 00:02:40 . Memory (MB): peak = 597.520 ; gain = 387.473
Finished RTL Optimization Phase 2 : Time (s): cpu = 00:02:04 ; elapsed = 00:02:41 . Memory (MB): peak = 597.520 ; gain = 387.473
Finished Cross Boundary and Area Optimization : Time (s): cpu = 00:02:05 ; elapsed = 00:02:41 . Memory (MB): peak = 597.520 ; gain = 387.473
Finished Applying XDC Timing Constraints : Time (s): cpu = 00:02:27 ; elapsed = 00:03:08 . Memory (MB): peak = 615.992 ; gain = 405.945
Finished Timing Optimization : Time (s): cpu = 00:02:27 ; elapsed = 00:03:08 . Memory (MB): peak = 615.992 ; gain = 405.945
Finished Technology Mapping : Time (s): cpu = 00:02:27 ; elapsed = 00:03:08 . Memory (MB): peak = 625.598 ; gain = 415.551
Finished IO Insertion : Time (s): cpu = 00:02:28 ; elapsed = 00:03:09 . Memory (MB): peak = 625.598 ; gain = 415.551
Finished Renaming Generated Instances : Time (s): cpu = 00:02:28 ; elapsed = 00:03:09 . Memory (MB): peak = 625.598 ; gain = 415.551
Finished Rebuilding User Hierarchy : Time (s): cpu = 00:02:28 ; elapsed = 00:03:09 . Memory (MB): peak = 625.598 ; gain = 415.551
Finished Renaming Generated Ports : Time (s): cpu = 00:02:28 ; elapsed = 00:03:09 . Memory (MB): peak = 625.598 ; gain = 415.551
Finished Handling Custom Attributes : Time (s): cpu = 00:02:28 ; elapsed = 00:03:09 . Memory (MB): peak = 625.598 ; gain = 415.551
Finished Renaming Generated Nets : Time (s): cpu = 00:02:28 ; elapsed = 00:03:09 . Memory (MB): peak = 625.598 ; gain = 415.551

Report Cell Usage: 
+------+---------+------+
|      |Cell     |Count |
+------+---------+------+
|1     |RAMB18E1 |     1|
+------+---------+------+
Finished Writing Synthesis Report : Time (s): cpu = 00:02:28 ; elapsed = 00:03:09 . Memory (MB): peak = 625.598 ; gain = 415.551
synth_design: Time (s): cpu = 00:02:25 ; elapsed = 00:02:54 . Memory (MB): peak = 659.145 ; gain = 428.500

*** Running vivado
    with args -log nest.vds -m64 -product Vivado -mode batch -messageDb vivado.pb -notrace -source nest.tcl


****** Vivado v2016.3 (64-bit)
  **** SW Build 1682563 on Mon Oct 10 19:07:27 MDT 2016
  **** IP Build 1681267 on Mon Oct 10 21:28:31 MDT 2016
    ** Copyright 1986-2016 Xilinx, Inc. All Rights Reserved.

source nest.tcl -notrace
Starting RTL Elaboration : Time (s): cpu = 00:00:12 ; elapsed = 00:00:20 . Memory (MB): peak = 319.293 ; gain = 109.648
INFO: [Synth 8-638] synthesizing module 'nest' [d:/Users/Shana/Desktop/vivado/NestGather/NestGather.srcs/sources_1/ip/nest/synth/nest.vhd:69]
INFO: [Synth 8-256] done synthesizing module 'nest' (9#1) [d:/Users/Shana/Desktop/vivado/NestGather/NestGather.srcs/sources_1/ip/nest/synth/nest.vhd:69]
Finished RTL Elaboration : Time (s): cpu = 00:01:11 ; elapsed = 00:01:23 . Memory (MB): peak = 517.465 ; gain = 307.820
Finished RTL Optimization Phase 1 : Time (s): cpu = 00:01:12 ; elapsed = 00:01:24 . Memory (MB): peak = 517.465 ; gain = 307.820
INFO: [Device 21-403] Loading part xc7k160tfbg676-2L
Constraint Validation Runtime : Time (s): cpu = 00:00:00 ; elapsed = 00:00:00.243 . Memory (MB): peak = 597.492 ; gain = 0.000
Finished Constraint Validation : Time (s): cpu = 00:01:28 ; elapsed = 00:01:43 . Memory (MB): peak = 597.492 ; gain = 387.848
Finished Loading Part and Timing Information : Time (s): cpu = 00:01:28 ; elapsed = 00:01:43 . Memory (MB): peak = 597.492 ; gain = 387.848
Finished applying 'set_property' XDC Constraints : Time (s): cpu = 00:01:28 ; elapsed = 00:01:43 . Memory (MB): peak = 597.492 ; gain = 387.848
Finished RTL Optimization Phase 2 : Time (s): cpu = 00:01:28 ; elapsed = 00:01:43 . Memory (MB): peak = 597.492 ; gain = 387.848
Finished Cross Boundary and Area Optimization : Time (s): cpu = 00:01:28 ; elapsed = 00:01:44 . Memory (MB): peak = 597.492 ; gain = 387.848
Finished Applying XDC Timing Constraints : Time (s): cpu = 00:01:42 ; elapsed = 00:01:58 . Memory (MB): peak = 616.063 ; gain = 406.418
Finished Timing Optimization : Time (s): cpu = 00:01:42 ; elapsed = 00:01:58 . Memory (MB): peak = 616.063 ; gain = 406.418
Finished Technology Mapping : Time (s): cpu = 00:01:42 ; elapsed = 00:01:58 . Memory (MB): peak = 625.691 ; gain = 416.047
Finished IO Insertion : Time (s): cpu = 00:01:43 ; elapsed = 00:01:59 . Memory (MB): peak = 625.691 ; gain = 416.047
Finished Renaming Generated Instances : Time (s): cpu = 00:01:43 ; elapsed = 00:01:59 . Memory (MB): peak = 625.691 ; gain = 416.047
Finished Rebuilding User Hierarchy : Time (s): cpu = 00:01:43 ; elapsed = 00:01:59 . Memory (MB): peak = 625.691 ; gain = 416.047
Finished Renaming Generated Ports : Time (s): cpu = 00:01:43 ; elapsed = 00:01:59 . Memory (MB): peak = 625.691 ; gain = 416.047
Finished Handling Custom Attributes : Time (s): cpu = 00:01:43 ; elapsed = 00:01:59 . Memory (MB): peak = 625.691 ; gain = 416.047
Finished Renaming Generated Nets : Time (s): cpu = 00:01:43 ; elapsed = 00:01:59 . Memory (MB): peak = 625.691 ; gain = 416.047

Report Cell Usage: 
+------+---------+------+
|      |Cell     |Count |
+------+---------+------+
|1     |RAMB18E1 |     1|
+------+---------+------+
Finished Writing Synthesis Report : Time (s): cpu = 00:01:43 ; elapsed = 00:01:59 . Memory (MB): peak = 625.691 ; gain = 416.047
synth_design: Time (s): cpu = 00:01:41 ; elapsed = 00:01:51 . Memory (MB): peak = 659.152 ; gain = 428.082
