

================================================================
== Vivado HLS Report for 'add'
================================================================
* Date:           Fri Dec 23 15:23:39 2016

* Version:        2016.3 (Build 1682563 on Mon Oct 10 19:41:59 MDT 2016)
* Project:        MP3
* Solution:       solution1
* Product family: kintex7
* Target device:  xc7k160tfbg676-2l


================================================================
== Performance Estimates
================================================================
+ Timing (ns): 
    * Summary: 
    +--------+-------+----------+------------+
    |  Clock | Target| Estimated| Uncertainty|
    +--------+-------+----------+------------+
    |ap_clk  |  10.00|      1.60|        1.25|
    +--------+-------+----------+------------+

+ Latency (clock cycles): 
    * Summary: 
    +-----+-----+-----+-----+---------+
    |  Latency  |  Interval | Pipeline|
    | min | max | min | max |   Type  |
    +-----+-----+-----+-----+---------+
    |    0|    0|    1|    1|   none  |
    +-----+-----+-----+-----+---------+

    + Detail: 
        * Instance: 
        N/A

        * Loop: 
        N/A

============================================================
+ Verbose Summary: Synthesis Manager
============================================================
InlineROM: 1
ExposeGlobal: 0
============================================================
+ Verbose Summary: CDFG Model
============================================================
IsTopModel: 1
ResetActiveHigh: 1
IsCombinational: 0
IsDatapathOnly: 0
HasWiredReturn: 1
HasMFsm: 0
HasVarLatency: 0
IsPipeline: 0
IsRtlPipelined: 0
IsInstanceOverlapped: 0
IsDontTouch: 0
HasImplIP: 0
IsGatedGlobalClock: 0


============================================================
+ Verbose Summary: Schedule
============================================================
* Number of FSM states: 1
* Pipeline: 0
* Dataflow Pipeline: 0

* FSM state transitions: 
1 --> 
* FSM state operations: 

 <State 1>: 1.60ns
ST_1: StgValue_2 (3)  [1/1] 0.00ns
:0  call void (...)* @_ssdm_op_SpecBitsMap(i32 %a) nounwind, !map !7

ST_1: StgValue_3 (4)  [1/1] 0.00ns
:1  call void (...)* @_ssdm_op_SpecBitsMap(i32 %b) nounwind, !map !13

ST_1: StgValue_4 (5)  [1/1] 0.00ns
:2  call void (...)* @_ssdm_op_SpecBitsMap(i32 0) nounwind, !map !17

ST_1: StgValue_5 (6)  [1/1] 0.00ns
:3  call void (...)* @_ssdm_op_SpecTopModule([4 x i8]* @add_str) nounwind

ST_1: b_read (7)  [1/1] 0.00ns
:4  %b_read = call i32 @_ssdm_op_Read.ap_auto.i32(i32 %b) nounwind

ST_1: a_read (8)  [1/1] 0.00ns
:5  %a_read = call i32 @_ssdm_op_Read.ap_auto.i32(i32 %a) nounwind

ST_1: tmp (9)  [1/1] 1.60ns  loc: MP3/main.c:3
:6  %tmp = add nsw i32 %b_read, %a_read

ST_1: StgValue_9 (10)  [1/1] 0.00ns  loc: MP3/main.c:3
:7  ret i32 %tmp



============================================================
+ Verbose Summary: Timing violations
============================================================
Target clock period: 10ns, clock uncertainty: 1.25ns.

 <State 1>: 1.6ns
The critical path consists of the following:
	wire read on port 'b' [7]  (0 ns)
	'add' operation ('tmp', MP3/main.c:3) [9]  (1.6 ns)


============================================================
+ Verbose Summary: Binding
============================================================
N/A
* FSMD analyzer results:
  - Output states:
 - Input state : 
  - Chain level:
	State 1


============================================================
+ Verbose Summary: Datapath Resource usage 
============================================================
N/A
