Running: E:\Xilinx\14.7\ISE_DS\ISE\bin\nt64\unwrapped\fuse.exe -intstyle ise -incremental -lib unisims_ver -lib unimacro_ver -lib xilinxcorelib_ver -lib secureip -o C:/Users/Administrator/Desktop/Exp12/P2S/Shift64_test_isim_beh.exe -prj C:/Users/Administrator/Desktop/Exp12/P2S/Shift64_test_beh.prj work.Shift64_test work.glbl 
ISim P.20131013 (signature 0x7708f090)
Number of CPUs detected in this system: 8
Turning on mult-threading, number of parallel sub-compilation jobs: 16 
Determining compilation order of HDL files
Analyzing Verilog file "C:/Users/Administrator/Desktop/Exp12/P2S/Shift64.v" into library work
Analyzing Verilog file "C:/Users/Administrator/Desktop/Exp12/P2S/Shift64_test.v" into library work
WARNING:HDLCompiler:568 - "C:/Users/Administrator/Desktop/Exp12/P2S/Shift64_test.v" Line 64: Constant value is truncated to fit in <16> bits.
Analyzing Verilog file "E:/Xilinx/14.7/ISE_DS/ISE//verilog/src/glbl.v" into library work
Starting static elaboration
Completed static elaboration
Compiling module Shift64
Compiling module Shift64_test
Compiling module glbl
Time Resolution for simulation is 1ps.
Waiting for 1 sub-compilation(s) to finish...
Compiled 3 Verilog Units
Built simulation executable C:/Users/Administrator/Desktop/Exp12/P2S/Shift64_test_isim_beh.exe
Fuse Memory Usage: 29520 KB
Fuse CPU Usage: 358 ms
