
*** Running vivado
    with args -log ROM_D.vds -m64 -product Vivado -mode batch -messageDb vivado.pb -notrace -source ROM_D.tcl


****** Vivado v2017.3 (64-bit)
  **** SW Build 2018833 on Wed Oct  4 19:58:07 MDT 2017
  **** IP Build 2016188 on Wed Oct  4 21:52:56 MDT 2017
    ** Copyright 1986-2017 Xilinx, Inc. All Rights Reserved.

source ROM_D.tcl -notrace
Starting RTL Elaboration : Time (s): cpu = 00:00:10 ; elapsed = 00:00:11 . Memory (MB): peak = 1263.023 ; gain = 75.000 ; free physical = 852 ; free virtual = 25144
INFO: [Synth 8-638] synthesizing module 'ROM_D' [/home/lovesy/Documents/Learning/CA/EXP4_Vivado/EXP4_Vivado.srcs/sources_1/ip/ROM_D/synth/ROM_D.vhd:66]
INFO: [Synth 8-256] done synthesizing module 'ROM_D' (4#1) [/home/lovesy/Documents/Learning/CA/EXP4_Vivado/EXP4_Vivado.srcs/sources_1/ip/ROM_D/synth/ROM_D.vhd:66]
Finished RTL Elaboration : Time (s): cpu = 00:00:14 ; elapsed = 00:00:15 . Memory (MB): peak = 1310.555 ; gain = 122.531 ; free physical = 862 ; free virtual = 25155
Finished RTL Optimization Phase 1 : Time (s): cpu = 00:00:14 ; elapsed = 00:00:15 . Memory (MB): peak = 1310.555 ; gain = 122.531 ; free physical = 863 ; free virtual = 25156
INFO: [Device 21-403] Loading part xc7k325tffg676-2L
Constraint Validation Runtime : Time (s): cpu = 00:00:00.01 ; elapsed = 00:00:00 . Memory (MB): peak = 1628.703 ; gain = 0.000 ; free physical = 568 ; free virtual = 24861
Finished Constraint Validation : Time (s): cpu = 00:00:38 ; elapsed = 00:00:56 . Memory (MB): peak = 1628.703 ; gain = 440.680 ; free physical = 643 ; free virtual = 24936
Finished Loading Part and Timing Information : Time (s): cpu = 00:00:38 ; elapsed = 00:00:56 . Memory (MB): peak = 1628.703 ; gain = 440.680 ; free physical = 643 ; free virtual = 24936
Finished applying 'set_property' XDC Constraints : Time (s): cpu = 00:00:38 ; elapsed = 00:00:56 . Memory (MB): peak = 1628.703 ; gain = 440.680 ; free physical = 645 ; free virtual = 24938
Finished RTL Optimization Phase 2 : Time (s): cpu = 00:00:38 ; elapsed = 00:00:56 . Memory (MB): peak = 1628.703 ; gain = 440.680 ; free physical = 643 ; free virtual = 24935
Finished Cross Boundary and Area Optimization : Time (s): cpu = 00:00:39 ; elapsed = 00:00:57 . Memory (MB): peak = 1628.719 ; gain = 440.695 ; free physical = 634 ; free virtual = 24927
---------------------------------------------------------------------------------
Start ROM, RAM, DSP and Shift Register Reporting
---------------------------------------------------------------------------------

ROM:
+------------+------------+---------------+----------------+
|Module Name | RTL Object | Depth x Width | Implemented As | 
+------------+------------+---------------+----------------+
|rom         | rom[1023]  | 1024x31       | LUT            | 
+------------+------------+---------------+----------------+

---------------------------------------------------------------------------------
Finished ROM, RAM, DSP and Shift Register Reporting
---------------------------------------------------------------------------------
Finished Applying XDC Timing Constraints : Time (s): cpu = 00:00:48 ; elapsed = 00:01:09 . Memory (MB): peak = 1634.719 ; gain = 446.695 ; free physical = 518 ; free virtual = 24812
Finished Timing Optimization : Time (s): cpu = 00:00:48 ; elapsed = 00:01:09 . Memory (MB): peak = 1634.719 ; gain = 446.695 ; free physical = 518 ; free virtual = 24812
Finished Technology Mapping : Time (s): cpu = 00:00:48 ; elapsed = 00:01:09 . Memory (MB): peak = 1644.734 ; gain = 456.711 ; free physical = 517 ; free virtual = 24811
Finished IO Insertion : Time (s): cpu = 00:00:49 ; elapsed = 00:01:10 . Memory (MB): peak = 1644.734 ; gain = 456.711 ; free physical = 517 ; free virtual = 24814
Finished Renaming Generated Instances : Time (s): cpu = 00:00:49 ; elapsed = 00:01:10 . Memory (MB): peak = 1644.734 ; gain = 456.711 ; free physical = 517 ; free virtual = 24814
Finished Rebuilding User Hierarchy : Time (s): cpu = 00:00:49 ; elapsed = 00:01:10 . Memory (MB): peak = 1644.734 ; gain = 456.711 ; free physical = 517 ; free virtual = 24814
Finished Renaming Generated Ports : Time (s): cpu = 00:00:49 ; elapsed = 00:01:10 . Memory (MB): peak = 1644.734 ; gain = 456.711 ; free physical = 517 ; free virtual = 24814
Finished Handling Custom Attributes : Time (s): cpu = 00:00:49 ; elapsed = 00:01:10 . Memory (MB): peak = 1644.734 ; gain = 456.711 ; free physical = 517 ; free virtual = 24814
Finished Renaming Generated Nets : Time (s): cpu = 00:00:49 ; elapsed = 00:01:10 . Memory (MB): peak = 1644.734 ; gain = 456.711 ; free physical = 517 ; free virtual = 24814

Report Cell Usage: 
+------+-----+------+
|      |Cell |Count |
+------+-----+------+
|1     |LUT4 |     1|
|2     |LUT5 |    17|
|3     |LUT6 |     1|
+------+-----+------+
Finished Writing Synthesis Report : Time (s): cpu = 00:00:49 ; elapsed = 00:01:10 . Memory (MB): peak = 1644.734 ; gain = 456.711 ; free physical = 517 ; free virtual = 24814
synth_design: Time (s): cpu = 00:00:51 ; elapsed = 00:01:12 . Memory (MB): peak = 1687.750 ; gain = 521.102 ; free physical = 548 ; free virtual = 24844
