INFO:sim:172 - Generating IP...
Applying current project options...
Finished applying current project options.
WARNING:sim - A core named 'ROM_D' already exists in the project. Output
   products for this core may be overwritten.
Resolving generics for 'ROM_D'...
WARNING:sim - A core named 'ROM_D' already exists in the project. Output
   products for this core may be overwritten.
Applying external generics to 'ROM_D'...
Delivering associated files for 'ROM_D'...
Delivering EJava files for 'ROM_D'...
Generating implementation netlist for 'ROM_D'...
INFO:sim - Pre-processing HDL files for 'ROM_D'...
Running synthesis for 'ROM_D'
Running ngcbuild...
Writing VEO instantiation template for 'ROM_D'...
Writing Verilog behavioral simulation model for 'ROM_D'...
WARNING:sim - Overwriting existing file
   D:/Users/Shana/Desktop/EXP7/ipcore_dir/tmp/_cg/ROM_D/doc/dist_mem_gen_v7_2_vi
   nfo.html with file from view xilinx_documentation
Delivered 2 files into directory
D:/Users/Shana/Desktop/EXP7/ipcore_dir/tmp/_cg/ROM_D
Generating ASY schematic symbol...
INFO:sim:949 - Finished generation of ASY schematic symbol.
Generating SYM schematic symbol for 'ROM_D'...
Generating metadata file...
Regenerating ISE project file for 'ROM_D'...
Generating ISE project...
XCO file found: ROM_D.xco
XMDF file found: ROM_D_xmdf.tcl
Adding D:/Users/Shana/Desktop/EXP7/ipcore_dir/tmp/_cg/ROM_D.asy -view all
-origin_type imported
Adding D:/Users/Shana/Desktop/EXP7/ipcore_dir/tmp/_cg/ROM_D.ngc -view all
-origin_type created
Checking file "D:/Users/Shana/Desktop/EXP7/ipcore_dir/tmp/_cg/ROM_D.ngc" for
project device match ...
File "D:/Users/Shana/Desktop/EXP7/ipcore_dir/tmp/_cg/ROM_D.ngc" device
information matches project device.
Adding D:/Users/Shana/Desktop/EXP7/ipcore_dir/tmp/_cg/ROM_D.sym -view all
-origin_type imported
Adding D:/Users/Shana/Desktop/EXP7/ipcore_dir/tmp/_cg/ROM_D.v -view all
-origin_type created
INFO:HDLCompiler:1845 - Analyzing Verilog file
   "D:/Users/Shana/Desktop/EXP7/ipcore_dir/tmp/_cg/ROM_D.v" into library work
INFO:ProjectMgmt - Parsing design hierarchy completed successfully.
Adding D:/Users/Shana/Desktop/EXP7/ipcore_dir/tmp/_cg/ROM_D.veo -view all
-origin_type imported
INFO:TclTasksC:2116 - The automatic calculation of top has been turned-off.
   Please set the new top explicitly by running the "project set top" command.
   To re-calculate the new top automatically, set the "Auto Implementation Top"
   property to true.
Top level has been set to "/ROM_D"
Generating README file...
Generating FLIST file...
INFO:sim:948 - Finished FLIST file generation.
Launching README viewer...
Moving files to output directory...
Finished moving files to output directory
Wrote CGP file for project 'ROM_D'.
