Release 14.7 Map P.20131013 (nt64)
Xilinx Mapping Report File for Design 'Lamp138_sch'

Design Information
------------------
Command Line   : map -intstyle ise -p xc7k160t-fbg676-1 -w -logic_opt off -ol
high -t 1 -xt 0 -register_duplication off -r 4 -mt off -ir off -pr off -lc off
-power off -o Lamp138_sch_map.ncd Lamp138_sch.ngd Lamp138_sch.pcf 
Target Device  : xc7k160t
Target Package : fbg676
Target Speed   : -1
Mapper Version : kintex7 -- $Revision: 1.55 $
Mapped Date    : Mon Nov 07 23:28:24 2016

Design Summary
--------------
Number of errors   :   1
Number of warnings :   0

Section 1 - Errors
------------------
ERROR:Security:9c - No 'ISE' nor 'WebPack' feature version 2013.10 was available
for part 'xc7k160t'.
ERROR:Map:258 - A problem was encountered attempting to get the license for this
   architecture. 

Section 2 - Warnings
--------------------

Section 3 - Informational
-------------------------
INFO:Security:54 - 'xc7k160t' is a WebPack part.
INFO:Security:60 - The XILINXD_LICENSE_FILE environment variable is set to
'D:\Users\Shana\Desktop\Xilinx.lic'.
INFO:Security:63 - The LM_LICENSE_FILE environment variable is not set.
INFO:Security:68 - For more information or for assistance in obtaining 
INFO:Security:68a - user is Shana, on host SHANA-LAPTOP.
