Release 14.7 - xst P.20131013 (nt)
Copyright (c) 1995-2013 Xilinx, Inc.  All rights reserved.
--> Parameter TMPDIR set to xst/projnav.tmp


Total REAL time to Xst completion: 1.00 secs
Total CPU time to Xst completion: 0.20 secs
 
--> Parameter xsthdpdir set to xst


Total REAL time to Xst completion: 1.00 secs
Total CPU time to Xst completion: 0.20 secs
 
--> Reading design: Lamp138_sch_Lamp138_sch_sch_tb.prj

TABLE OF CONTENTS
  1) Synthesis Options Summary
  2) HDL Parsing
  3) HDL Elaboration
  4) HDL Synthesis
       4.1) HDL Synthesis Report
  5) Advanced HDL Synthesis
       5.1) Advanced HDL Synthesis Report
  6) Low Level Synthesis
  7) Partition Report
  8) Design Summary
       8.1) Primitive and Black Box Usage
       8.2) Device utilization summary
       8.3) Partition Resource Summary
       8.4) Timing Report
            8.4.1) Clock Information
            8.4.2) Asynchronous Control Signals Information
            8.4.3) Timing Summary
            8.4.4) Timing Details
            8.4.5) Cross Clock Domains Report


=========================================================================
*                      Synthesis Options Summary                        *
=========================================================================
---- Source Parameters
Input File Name                    : "Lamp138_sch_Lamp138_sch_sch_tb.prj"
Ignore Synthesis Constraint File   : NO

---- Target Parameters
Output File Name                   : "Lamp138_sch_Lamp138_sch_sch_tb"
Output Format                      : NGC
Target Device                      : xc7k160t-1-fbg676

---- Source Options
Top Module Name                    : Lamp138_sch_Lamp138_sch_sch_tb
Automatic FSM Extraction           : YES
FSM Encoding Algorithm             : Auto
Safe Implementation                : No
FSM Style                          : LUT
RAM Extraction                     : Yes
RAM Style                          : Auto
ROM Extraction                     : Yes
Shift Register Extraction          : YES
ROM Style                          : Auto
Resource Sharing                   : YES
Asynchronous To Synchronous        : NO
Shift Register Minimum Size        : 2
Use DSP Block                      : Auto
Automatic Register Balancing       : No

---- Target Options
LUT Combining                      : Auto
Reduce Control Sets                : Auto
Add IO Buffers                     : YES
Global Maximum Fanout              : 100000
Add Generic Clock Buffer(BUFG)     : 32
Register Duplication               : YES
Optimize Instantiated Primitives   : NO
Use Clock Enable                   : Auto
Use Synchronous Set                : Auto
Use Synchronous Reset              : Auto
Pack IO Registers into IOBs        : Auto
Equivalent register Removal        : YES

---- General Options
Optimization Goal                  : Speed
Optimization Effort                : 1
Power Reduction                    : NO
Keep Hierarchy                     : No
Netlist Hierarchy                  : As_Optimized
RTL Output                         : Yes
Global Optimization                : AllClockNets
Read Cores                         : YES
Write Timing Constraints           : NO
Cross Clock Analysis               : NO
Hierarchy Separator                : /
Bus Delimiter                      : <>
Case Specifier                     : Maintain
Slice Utilization Ratio            : 100
BRAM Utilization Ratio             : 100
DSP48 Utilization Ratio            : 100
Auto BRAM Packing                  : NO
Slice Utilization Ratio Delta      : 5

=========================================================================


=========================================================================
*                          HDL Parsing                                  *
=========================================================================
Analyzing Verilog file "E:\3150101155\Exp16-Lamp138\Decoder_38_sch.vf" into library work
Parsing module <Decoder_38_sch>.
Analyzing Verilog file "E:\3150101155\Exp16-Lamp138\HCT138_sch.vf" into library work
Parsing module <Decoder_38_sch_MUSER_HCT138_sch>.
Parsing module <HCT138_sch>.
Analyzing Verilog file "E:\3150101155\Exp16-Lamp138\Lamp138_sch.vf" into library work
Parsing module <Decoder_38_sch_MUSER_Lamp138_sch>.
Parsing module <HCT138_sch_MUSER_Lamp138_sch>.
Parsing module <Lamp138_sch>.
Analyzing Verilog file "E:\3150101155\Exp16-Lamp138\test.v" into library work
Parsing module <Lamp138_sch_Lamp138_sch_sch_tb>.

=========================================================================
*                            HDL Elaboration                            *
=========================================================================

Elaborating module <Lamp138_sch_Lamp138_sch_sch_tb>.
WARNING:HDLCompiler:413 - "E:\3150101155\Exp16-Lamp138\test.v" Line 31: Result of 4-bit expression is truncated to fit in 3-bit target.
WARNING:HDLCompiler:872 - "E:\3150101155\Exp16-Lamp138\test.v" Line 29: Using initial value of S1 since it is never assigned

Elaborating module <Lamp138_sch>.

Elaborating module <HCT138_sch_MUSER_Lamp138_sch>.

Elaborating module <Decoder_38_sch_MUSER_Lamp138_sch>.

Elaborating module <INV>.

Elaborating module <AND2>.

Elaborating module <AND3>.

Elaborating module <VCC>.

Elaborating module <GND>.

Elaborating module <NOR4>.
WARNING:HDLCompiler:1127 - "E:\3150101155\Exp16-Lamp138\test.v" Line 20: Assignment to F ignored, since the identifier is never used
WARNING:HDLCompiler:1127 - "E:\3150101155\Exp16-Lamp138\test.v" Line 24: Assignment to Buzzer ignored, since the identifier is never used

=========================================================================
*                           HDL Synthesis                               *
=========================================================================

Synthesizing Unit <Lamp138_sch_Lamp138_sch_sch_tb>.
    Related source file is "E:\3150101155\Exp16-Lamp138\test.v".
INFO:Xst:3210 - "E:\3150101155\Exp16-Lamp138\test.v" line 19: Output port <Buzzer> of the instance <UUT> is unconnected or connected to loadless signal.
INFO:Xst:3210 - "E:\3150101155\Exp16-Lamp138\test.v" line 19: Output port <F> of the instance <UUT> is unconnected or connected to loadless signal.
    Summary:
	no macro.
Unit <Lamp138_sch_Lamp138_sch_sch_tb> synthesized.

Synthesizing Unit <Lamp138_sch>.
    Related source file is "E:\3150101155\Exp16-Lamp138\Lamp138_sch.vf".
INFO:Xst:3210 - "E:\3150101155\Exp16-Lamp138\Lamp138_sch.vf" line 207: Output port <Y0> of the instance <XLXI_1> is unconnected or connected to loadless signal.
INFO:Xst:3210 - "E:\3150101155\Exp16-Lamp138\Lamp138_sch.vf" line 207: Output port <Y3> of the instance <XLXI_1> is unconnected or connected to loadless signal.
INFO:Xst:3210 - "E:\3150101155\Exp16-Lamp138\Lamp138_sch.vf" line 207: Output port <Y5> of the instance <XLXI_1> is unconnected or connected to loadless signal.
INFO:Xst:3210 - "E:\3150101155\Exp16-Lamp138\Lamp138_sch.vf" line 207: Output port <Y6> of the instance <XLXI_1> is unconnected or connected to loadless signal.
    Summary:
	no macro.
Unit <Lamp138_sch> synthesized.

Synthesizing Unit <HCT138_sch_MUSER_Lamp138_sch>.
    Related source file is "E:\3150101155\Exp16-Lamp138\Lamp138_sch.vf".
    Summary:
	no macro.
Unit <HCT138_sch_MUSER_Lamp138_sch> synthesized.

Synthesizing Unit <Decoder_38_sch_MUSER_Lamp138_sch>.
    Related source file is "E:\3150101155\Exp16-Lamp138\Lamp138_sch.vf".
    Summary:
	no macro.
Unit <Decoder_38_sch_MUSER_Lamp138_sch> synthesized.

=========================================================================
HDL Synthesis Report

Found no macro
=========================================================================

=========================================================================
*                       Advanced HDL Synthesis                          *
=========================================================================

WARNING:Xst:1290 - Hierarchical block <UUT> is unconnected in block <Lamp138_sch_Lamp138_sch_sch_tb>.
   It will be removed from the design.

=========================================================================
Advanced HDL Synthesis Report

Found no macro
=========================================================================

=========================================================================
*                         Low Level Synthesis                           *
=========================================================================

Optimizing unit <Lamp138_sch_Lamp138_sch_sch_tb> ...

Optimizing unit <HCT138_sch_MUSER_Lamp138_sch> ...

Optimizing unit <Decoder_38_sch_MUSER_Lamp138_sch> ...

Mapping all equations...
Building and optimizing final netlist ...
Found area constraint ratio of 100 (+ 5) on block Lamp138_sch_Lamp138_sch_sch_tb, actual ratio is 0.

Final Macro Processing ...

=========================================================================
Final Register Report

Found no macro
=========================================================================

=========================================================================
*                           Partition Report                            *
=========================================================================

Partition Implementation Status
-------------------------------

  No Partitions were found in this design.

-------------------------------

=========================================================================
*                            Design Summary                             *
=========================================================================

Top Level Output File Name         : Lamp138_sch_Lamp138_sch_sch_tb.ngc

Primitive and Black Box Usage:
------------------------------
# BELS                             : 28
#      AND2                        : 20
#      AND3                        : 1
#      GND                         : 1
#      INV                         : 5
#      VCC                         : 1
# Logical                          : 1
#      NOR4                        : 1

Device utilization summary:
---------------------------

Selected Device : 7k160tfbg676-1 


Slice Logic Utilization: 
 Number of Slice LUTs:                    5  out of  101400     0%  
    Number used as Logic:                 5  out of  101400     0%  

Slice Logic Distribution: 
 Number of LUT Flip Flop pairs used:      5
   Number with an unused Flip Flop:       5  out of      5   100%  
   Number with an unused LUT:             0  out of      5     0%  
   Number of fully used LUT-FF pairs:     0  out of      5     0%  
   Number of unique control sets:         0

IO Utilization: 
 Number of IOs:                           0
 Number of bonded IOBs:                   0  out of    400     0%  

Specific Feature Utilization:

---------------------------
Partition Resource Summary:
---------------------------

  No Partitions were found in this design.

---------------------------


=========================================================================
Timing Report

NOTE: THESE TIMING NUMBERS ARE ONLY A SYNTHESIS ESTIMATE.
      FOR ACCURATE TIMING INFORMATION PLEASE REFER TO THE TRACE REPORT
      GENERATED AFTER PLACE-and-ROUTE.

Clock Information:
------------------
No clock signals found in this design

Asynchronous Control Signals Information:
----------------------------------------
No asynchronous control signals found in this design

Timing Summary:
---------------
Speed Grade: -1

   Minimum period: No path found
   Minimum input arrival time before clock: No path found
   Maximum output required time after clock: No path found
   Maximum combinational path delay: No path found

Timing Details:
---------------
All values displayed in nanoseconds (ns)

=========================================================================

Cross Clock Domains Report:
--------------------------

=========================================================================


Total REAL time to Xst completion: 8.00 secs
Total CPU time to Xst completion: 7.76 secs
 
--> 

Total memory usage is 238444 kilobytes

Number of errors   :    0 (   0 filtered)
Number of warnings :    5 (   0 filtered)
Number of infos    :    6 (   0 filtered)

