#-----------------------------------------------------------
# Vivado v2016.3 (64-bit)
# SW Build 1682563 on Mon Oct 10 19:07:27 MDT 2016
# IP Build 1681267 on Mon Oct 10 21:28:31 MDT 2016
# Start of session at: Mon Jan 09 10:37:48 2017
# Process ID: 10320
# Current directory: D:/Users/Shana/Desktop/vivado/NestGather
# Command line: vivado.exe -gui_launcher_event rodinguilauncherevent7920 D:\Users\Shana\Desktop\vivado\NestGather\NestGather.xpr
# Log file: D:/Users/Shana/Desktop/vivado/NestGather/vivado.log
# Journal file: D:/Users/Shana/Desktop/vivado/NestGather\vivado.jou
#-----------------------------------------------------------
start_gui
open_project D:/Users/Shana/Desktop/vivado/NestGather/NestGather.xpr
Scanning sources...
Finished scanning sources
INFO: [IP_Flow 19-234] Refreshing IP repositories
INFO: [IP_Flow 19-1704] No user IP repositories specified
INFO: [IP_Flow 19-2313] Loaded Vivado IP repository 'D:/Tools/XILINX/Vivado/2016.3/data/ip'.
open_project: Time (s): cpu = 00:00:26 ; elapsed = 00:00:20 . Memory (MB): peak = 770.527 ; gain = 124.219
add_files -norecurse -scan_for_includes {D:/Users/Shana/Desktop/vivado/NestGather/NestGather.srcs/sources_1/verilog/tocell.v D:/Users/Shana/Desktop/vivado/NestGather/NestGather.srcs/sources_1/verilog/vga.v D:/Users/Shana/Desktop/vivado/NestGather/NestGather.srcs/sources_1/verilog/readMouse.v D:/Users/Shana/Desktop/vivado/NestGather/NestGather.srcs/sources_1/verilog/P2S_IO.v D:/Users/Shana/Desktop/vivado/NestGather/NestGather.srcs/sources_1/verilog/Main.v D:/Users/Shana/Desktop/vivado/NestGather/NestGather.srcs/sources_1/verilog/random.v D:/Users/Shana/Desktop/vivado/NestGather/NestGather.srcs/sources_1/verilog/addMap.v D:/Users/Shana/Desktop/vivado/NestGather/NestGather.srcs/sources_1/verilog/vga_640x480.v D:/Users/Shana/Desktop/vivado/NestGather/NestGather.srcs/sources_1/verilog/tone.v D:/Users/Shana/Desktop/vivado/NestGather/NestGather.srcs/sources_1/verilog/ran.v D:/Users/Shana/Desktop/vivado/NestGather/NestGather.srcs/sources_1/verilog/startgame.v D:/Users/Shana/Desktop/vivado/NestGather/NestGather.srcs/sources_1/verilog/count_60.v D:/Users/Shana/Desktop/vivado/NestGather/NestGather.srcs/sources_1/verilog/endgame.v D:/Users/Shana/Desktop/vivado/NestGather/NestGather.srcs/sources_1/verilog/PS2Mouse.v D:/Users/Shana/Desktop/vivado/NestGather/NestGather.srcs/sources_1/verilog/mode.v D:/Users/Shana/Desktop/vivado/NestGather/NestGather.srcs/sources_1/verilog/nestDisp.v D:/Users/Shana/Desktop/vivado/NestGather/NestGather.srcs/sources_1/verilog/initMouse.v D:/Users/Shana/Desktop/vivado/NestGather/NestGather.srcs/sources_1/verilog/segdisp.v D:/Users/Shana/Desktop/vivado/NestGather/NestGather.srcs/sources_1/verilog/initialNest.v D:/Users/Shana/Desktop/vivado/NestGather/NestGather.srcs/sources_1/verilog/clkdiv.v D:/Users/Shana/Desktop/vivado/NestGather/NestGather.srcs/sources_1/verilog/mouseDisp.v D:/Users/Shana/Desktop/vivado/NestGather/NestGather.srcs/sources_1/verilog/chnest.v D:/Users/Shana/Desktop/vivado/NestGather/NestGather.srcs/sources_1/verilog/vgaSync.v D:/Users/Shana/Desktop/vivado/NestGather/NestGather.srcs/sources_1/verilog/prompt.v D:/Users/Shana/Desktop/vivado/NestGather/NestGather.srcs/sources_1/verilog/display.v D:/Users/Shana/Desktop/vivado/NestGather/NestGather.srcs/sources_1/verilog/aroundCell.v D:/Users/Shana/Desktop/vivado/NestGather/NestGather.srcs/sources_1/verilog/ms_1000.v D:/Users/Shana/Desktop/vivado/NestGather/NestGather.srcs/sources_1/verilog/clk_1ms.v D:/Users/Shana/Desktop/vivado/NestGather/NestGather.srcs/sources_1/verilog/timer.v D:/Users/Shana/Desktop/vivado/NestGather/NestGather.srcs/sources_1/verilog/bcd28seg.v D:/Users/Shana/Desktop/vivado/NestGather/NestGather.srcs/sources_1/verilog/nest.v D:/Users/Shana/Desktop/vivado/NestGather/NestGather.srcs/sources_1/verilog/bcd2seg.v}
remove_files  {D:/Users/Shana/Desktop/vivado/NestGather/NestGather.srcs/sources_1/new/tocell.v D:/Users/Shana/Desktop/vivado/NestGather/NestGather.srcs/sources_1/imports/new/chnest.v D:/Users/Shana/Desktop/vivado/NestGather/NestGather.srcs/sources_1/new/initialNest.v D:/Users/Shana/Desktop/vivado/NestGather/NestGather.srcs/sources_1/new/nestDisp.v D:/Users/Shana/Desktop/vivado/NestGather/NestGather.srcs/sources_1/imports/new/vgaSync.v D:/Users/Shana/Desktop/vivado/NestGather/NestGather.srcs/sources_1/new/mouseDisp.v D:/Users/Shana/Desktop/vivado/NestGather/NestGather.srcs/sources_1/imports/new/clkdiv.v D:/Users/Shana/Desktop/vivado/NestGather/NestGather.srcs/sources_1/imports/new/readMouse.v D:/Users/Shana/Desktop/vivado/NestGather/NestGather.srcs/sources_1/imports/new/initMouse.v D:/Users/Shana/Desktop/vivado/NestGather/NestGather.srcs/sources_1/new/mode.v D:/Users/Shana/Desktop/vivado/NestGather/NestGather.srcs/sources_1/new/display.v D:/Users/Shana/Desktop/vivado/NestGather/NestGather.srcs/sources_1/imports/new/PS2Mouse.v D:/Users/Shana/Desktop/vivado/NestGather/NestGather.srcs/sources_1/new/Main.v D:/Users/Shana/Desktop/vivado/NestGather/NestGather.srcs/sources_1/new/nest.v D:/Users/Shana/Desktop/vivado/NestGather/NestGather.srcs/sources_1/new/random.v D:/Users/Shana/Desktop/vivado/NestGather/NestGather.srcs/sources_1/new/aroundCell.v D:/Users/Shana/Desktop/vivado/NestGather/NestGather.srcs/sources_1/imports/new/addMap.v D:/Users/Shana/Desktop/vivado/NestGather/NestGather.srcs/sources_1/new/bcd2seg.v D:/Users/Shana/Desktop/vivado/NestGather/NestGather.srcs/sources_1/new/startgame.v D:/Users/Shana/Desktop/vivado/NestGather/NestGather.srcs/sources_1/new/endgame.v D:/Users/Shana/Desktop/vivado/NestGather/NestGather.srcs/sources_1/new/prompt.v D:/Users/Shana/Desktop/vivado/NestGather/NestGather.srcs/sources_1/imports/sources_1/clk_1ms.v D:/Users/Shana/Desktop/vivado/NestGather/NestGather.srcs/sources_1/imports/sources_1/count_60.v D:/Users/Shana/Desktop/vivado/NestGather/NestGather.srcs/sources_1/imports/sources_1/ms_1000.v D:/Users/Shana/Desktop/vivado/NestGather/NestGather.srcs/sources_1/new/bcd28seg.v D:/Users/Shana/Desktop/vivado/NestGather/NestGather.srcs/sources_1/new/segdisp.v D:/Users/Shana/Desktop/vivado/NestGather/NestGather.srcs/sources_1/imports/sources_1/P2S_IO.v D:/Users/Shana/Desktop/vivado/NestGather/NestGather.srcs/sources_1/new/tone.v}
remove_files  {D:/Users/Shana/Desktop/vivado/NestGather/NestGather.srcs/sources_1/verilog/timer.v D:/Users/Shana/Desktop/vivado/NestGather/NestGather.srcs/sources_1/verilog/ran.v D:/Users/Shana/Desktop/vivado/NestGather/NestGather.srcs/sources_1/verilog/vga.v D:/Users/Shana/Desktop/vivado/NestGather/NestGather.srcs/sources_1/verilog/vga_640x480.v}
file delete -force D:/Users/Shana/Desktop/vivado/NestGather/NestGather.srcs/sources_1/verilog/timer.v D:/Users/Shana/Desktop/vivado/NestGather/NestGather.srcs/sources_1/verilog/ran.v D:/Users/Shana/Desktop/vivado/NestGather/NestGather.srcs/sources_1/verilog/vga.v D:/Users/Shana/Desktop/vivado/NestGather/NestGather.srcs/sources_1/verilog/vga_640x480.v
remove_files  -fileset constrs_1 D:/Users/Shana/Desktop/vivado/NestGather/NestGather.srcs/constrs_1/new/small.xdc
file delete -force D:/Users/Shana/Desktop/vivado/NestGather/NestGather.srcs/constrs_1/new/small.xdc
add_files -norecurse -scan_for_includes {D:/Users/Shana/Desktop/vivado/NestGather/NestGather.srcs/sources_1/mif/cell0.mif D:/Users/Shana/Desktop/vivado/NestGather/NestGather.srcs/sources_1/mif/cell5.mif D:/Users/Shana/Desktop/vivado/NestGather/NestGather.srcs/sources_1/mif/cell6.mif D:/Users/Shana/Desktop/vivado/NestGather/NestGather.srcs/sources_1/mif/cell4.mif D:/Users/Shana/Desktop/vivado/NestGather/NestGather.srcs/sources_1/mif/cell2.mif D:/Users/Shana/Desktop/vivado/NestGather/NestGather.srcs/sources_1/mif/cell3.mif D:/Users/Shana/Desktop/vivado/NestGather/NestGather.srcs/sources_1/mif/cell1.mif}
remove_files  {D:/Users/Shana/Desktop/vivado/NestGather/NestGather.srcs/sources_1/imports/mif/cell3.mif D:/Users/Shana/Desktop/vivado/NestGather/NestGather.srcs/sources_1/imports/mif/cell2.mif D:/Users/Shana/Desktop/vivado/NestGather/NestGather.srcs/sources_1/imports/mif/cell1.mif D:/Users/Shana/Desktop/vivado/NestGather/NestGather.srcs/sources_1/imports/mif/cell4.mif D:/Users/Shana/Desktop/vivado/NestGather/NestGather.srcs/sources_1/imports/mif/cell6.mif D:/Users/Shana/Desktop/vivado/NestGather/NestGather.srcs/sources_1/imports/mif/cell5.mif D:/Users/Shana/Desktop/vivado/NestGather/NestGather.srcs/sources_1/imports/mif/cell0.mif}
remove_files  D:/Users/Shana/Desktop/vivado/NestGather/NestGather.srcs/sources_1/imports/ip/P2S.ngc
add_files -norecurse -scan_for_includes D:/Users/Shana/Desktop/vivado/NestGather/NestGather.srcs/sources_1/ip/P2S.ngc
add_files -fileset constrs_1 -norecurse D:/Users/Shana/Desktop/vivado/NestGather/NestGather.srcs/constrs_1/constraints.xdc
add_files -norecurse -scan_for_includes {D:/Users/Shana/Desktop/vivado/NestGather/NestGather.srcs/sources_1/coe/mouse.coe D:/Users/Shana/Desktop/vivado/NestGather/NestGather.srcs/sources_1/coe/over.coe D:/Users/Shana/Desktop/vivado/NestGather/NestGather.srcs/sources_1/coe/startscreen.coe D:/Users/Shana/Desktop/vivado/NestGather/NestGather.srcs/sources_1/coe/win.coe}
remove_files  {D:/Users/Shana/Desktop/vivado/NestGather/NestGather.srcs/sources_1/mouse.coe D:/Users/Shana/Desktop/vivado/NestGather/NestGather.srcs/sources_1/bg.coe D:/Users/Shana/Desktop/vivado/NestGather/NestGather.srcs/sources_1/imports/Desktop/win.coe D:/Users/Shana/Desktop/vivado/NestGather/NestGather.srcs/sources_1/imports/Desktop/over.coe {D:/Users/Shana/Desktop/vivado/NestGather/NestGather.srcs/sources_1/imports/New folder/startscreen.coe}}
remove_files  -fileset constrs_1 D:/Users/Shana/Desktop/vivado/NestGather/NestGather.srcs/constrs_1/new/constraints.xdc
set_property SOURCE_SET sources_1 [get_filesets sim_1]
add_files -fileset sim_1 -norecurse -scan_for_includes {D:/Users/Shana/Desktop/vivado/NestGather/NestGather.srcs/sim_1/nest_test.v D:/Users/Shana/Desktop/vivado/NestGather/NestGather.srcs/sim_1/vga_test.v D:/Users/Shana/Desktop/vivado/NestGather/NestGather.srcs/sim_1/celltest.v D:/Users/Shana/Desktop/vivado/NestGather/NestGather.srcs/sim_1/mouseDisp_test.v}
remove_files  -fileset sim_1 {D:/Users/Shana/Desktop/vivado/NestGather/NestGather.srcs/sim_1/new/mouseDisp_test.v D:/Users/Shana/Desktop/vivado/NestGather/NestGather.srcs/sim_1/new/vga_test.v D:/Users/Shana/Desktop/vivado/NestGather/NestGather.srcs/sim_1/new/nest_test.v}
remove_files  -fileset sim_1 D:/Users/Shana/Desktop/vivado/NestGather/NestGather.srcs/sim_1/celltest.v
file delete -force D:/Users/Shana/Desktop/vivado/NestGather/NestGather.srcs/sim_1/celltest.v
reset_run synth_1
launch_runs synth_1 -jobs 4
INFO: [Vivado 12-4149] The synthesis checkpoint for IP 'D:/Users/Shana/Desktop/vivado/NestGather/NestGather.srcs/sources_1/ip/mouse/mouse.xci' is already up-to-date
[Mon Jan 09 10:49:55 2017] Launched synth_1...
Run output will be captured here: D:/Users/Shana/Desktop/vivado/NestGather/NestGather.runs/synth_1/runme.log
launch_runs impl_1 -to_step write_bitstream -jobs 4
INFO: [Vivado 12-4149] The synthesis checkpoint for IP 'D:/Users/Shana/Desktop/vivado/NestGather/NestGather.srcs/sources_1/ip/mouse/mouse.xci' is already up-to-date
[Mon Jan 09 12:59:42 2017] Launched impl_1...
Run output will be captured here: D:/Users/Shana/Desktop/vivado/NestGather/NestGather.runs/impl_1/runme.log
exit
INFO: [Common 17-206] Exiting Vivado at Mon Jan 09 13:06:31 2017...
