
*** Running vivado
    with args -log winprompt.vds -m64 -product Vivado -mode batch -messageDb vivado.pb -notrace -source winprompt.tcl


****** Vivado v2016.3 (64-bit)
  **** SW Build 1682563 on Mon Oct 10 19:07:27 MDT 2016
  **** IP Build 1681267 on Mon Oct 10 21:28:31 MDT 2016
    ** Copyright 1986-2016 Xilinx, Inc. All Rights Reserved.

source winprompt.tcl -notrace
Starting RTL Elaboration : Time (s): cpu = 00:00:15 ; elapsed = 00:00:26 . Memory (MB): peak = 320.531 ; gain = 110.480
INFO: [Synth 8-638] synthesizing module 'winprompt' [d:/Users/Shana/Desktop/vivado/NestGather/NestGather.srcs/sources_1/ip/winprompt/synth/winprompt.vhd:67]
INFO: [Synth 8-256] done synthesizing module 'winprompt' (11#1) [d:/Users/Shana/Desktop/vivado/NestGather/NestGather.srcs/sources_1/ip/winprompt/synth/winprompt.vhd:67]
Finished RTL Elaboration : Time (s): cpu = 00:02:57 ; elapsed = 00:03:28 . Memory (MB): peak = 526.574 ; gain = 316.523
Finished RTL Optimization Phase 1 : Time (s): cpu = 00:02:57 ; elapsed = 00:03:30 . Memory (MB): peak = 526.574 ; gain = 316.523
INFO: [Device 21-403] Loading part xc7k160tfbg676-2L
Constraint Validation Runtime : Time (s): cpu = 00:00:00 ; elapsed = 00:00:00.405 . Memory (MB): peak = 700.125 ; gain = 0.000
Finished Constraint Validation : Time (s): cpu = 00:03:21 ; elapsed = 00:03:59 . Memory (MB): peak = 700.125 ; gain = 490.074
Finished Loading Part and Timing Information : Time (s): cpu = 00:03:21 ; elapsed = 00:03:59 . Memory (MB): peak = 700.125 ; gain = 490.074
Finished applying 'set_property' XDC Constraints : Time (s): cpu = 00:03:21 ; elapsed = 00:03:59 . Memory (MB): peak = 700.125 ; gain = 490.074
Finished RTL Optimization Phase 2 : Time (s): cpu = 00:03:23 ; elapsed = 00:04:01 . Memory (MB): peak = 700.125 ; gain = 490.074
Finished Cross Boundary and Area Optimization : Time (s): cpu = 00:03:25 ; elapsed = 00:04:03 . Memory (MB): peak = 700.125 ; gain = 490.074
Finished Applying XDC Timing Constraints : Time (s): cpu = 00:03:48 ; elapsed = 00:04:28 . Memory (MB): peak = 700.125 ; gain = 490.074
Finished Timing Optimization : Time (s): cpu = 00:03:48 ; elapsed = 00:04:28 . Memory (MB): peak = 700.125 ; gain = 490.074
Finished Technology Mapping : Time (s): cpu = 00:03:48 ; elapsed = 00:04:28 . Memory (MB): peak = 700.125 ; gain = 490.074
Finished IO Insertion : Time (s): cpu = 00:03:49 ; elapsed = 00:04:30 . Memory (MB): peak = 700.125 ; gain = 490.074
Finished Renaming Generated Instances : Time (s): cpu = 00:03:49 ; elapsed = 00:04:30 . Memory (MB): peak = 700.125 ; gain = 490.074
Finished Rebuilding User Hierarchy : Time (s): cpu = 00:03:50 ; elapsed = 00:04:30 . Memory (MB): peak = 700.125 ; gain = 490.074
Finished Renaming Generated Ports : Time (s): cpu = 00:03:50 ; elapsed = 00:04:30 . Memory (MB): peak = 700.125 ; gain = 490.074
Finished Handling Custom Attributes : Time (s): cpu = 00:03:50 ; elapsed = 00:04:30 . Memory (MB): peak = 700.125 ; gain = 490.074
Finished Renaming Generated Nets : Time (s): cpu = 00:03:50 ; elapsed = 00:04:30 . Memory (MB): peak = 700.125 ; gain = 490.074

Report Cell Usage: 
+------+------------+------+
|      |Cell        |Count |
+------+------------+------+
|1     |LUT1        |     1|
|2     |LUT3        |     1|
|3     |LUT5        |    23|
|4     |LUT6        |    54|
|5     |MUXF7       |    18|
|6     |RAMB18E1    |     1|
|7     |RAMB36E1    |     3|
|8     |RAMB36E1_1  |     3|
|9     |RAMB36E1_10 |     1|
|10    |RAMB36E1_2  |     1|
|11    |RAMB36E1_3  |    13|
|12    |RAMB36E1_4  |     1|
|13    |RAMB36E1_5  |     1|
|14    |RAMB36E1_6  |     1|
|15    |RAMB36E1_7  |     1|
|16    |RAMB36E1_8  |     1|
|17    |RAMB36E1_9  |     1|
|18    |FDRE        |    10|
+------+------------+------+
Finished Writing Synthesis Report : Time (s): cpu = 00:03:50 ; elapsed = 00:04:30 . Memory (MB): peak = 700.125 ; gain = 490.074
synth_design: Time (s): cpu = 00:03:49 ; elapsed = 00:04:21 . Memory (MB): peak = 703.348 ; gain = 472.980
