
*** Running vivado
    with args -log ROM_D.vds -m64 -product Vivado -mode batch -messageDb vivado.pb -notrace -source ROM_D.tcl


****** Vivado v2017.3 (64-bit)
  **** SW Build 2018833 on Wed Oct  4 19:58:07 MDT 2017
  **** IP Build 2016188 on Wed Oct  4 21:52:56 MDT 2017
    ** Copyright 1986-2017 Xilinx, Inc. All Rights Reserved.

source ROM_D.tcl -notrace
Starting RTL Elaboration : Time (s): cpu = 00:00:10 ; elapsed = 00:00:11 . Memory (MB): peak = 1263.023 ; gain = 75.000 ; free physical = 1067 ; free virtual = 25700
INFO: [Synth 8-638] synthesizing module 'ROM_D' [/home/lovesy/Documents/Learning/CA/EXP4_Vivado/EXP4_Vivado.srcs/sources_1/ip/ROM_D/synth/ROM_D.vhd:66]
INFO: [Synth 8-256] done synthesizing module 'ROM_D' (4#1) [/home/lovesy/Documents/Learning/CA/EXP4_Vivado/EXP4_Vivado.srcs/sources_1/ip/ROM_D/synth/ROM_D.vhd:66]
Finished RTL Elaboration : Time (s): cpu = 00:00:16 ; elapsed = 00:00:17 . Memory (MB): peak = 1324.555 ; gain = 136.531 ; free physical = 1063 ; free virtual = 25697
Finished RTL Optimization Phase 1 : Time (s): cpu = 00:00:16 ; elapsed = 00:00:17 . Memory (MB): peak = 1324.555 ; gain = 136.531 ; free physical = 1068 ; free virtual = 25701
INFO: [Device 21-403] Loading part xc7k325tffg676-2L
Constraint Validation Runtime : Time (s): cpu = 00:00:00 ; elapsed = 00:00:00 . Memory (MB): peak = 1629.789 ; gain = 0.000 ; free physical = 765 ; free virtual = 25399
Finished Constraint Validation : Time (s): cpu = 00:00:40 ; elapsed = 00:00:58 . Memory (MB): peak = 1629.789 ; gain = 441.766 ; free physical = 851 ; free virtual = 25485
Finished Loading Part and Timing Information : Time (s): cpu = 00:00:40 ; elapsed = 00:00:58 . Memory (MB): peak = 1629.789 ; gain = 441.766 ; free physical = 851 ; free virtual = 25485
Finished applying 'set_property' XDC Constraints : Time (s): cpu = 00:00:40 ; elapsed = 00:00:58 . Memory (MB): peak = 1629.789 ; gain = 441.766 ; free physical = 853 ; free virtual = 25487
Finished RTL Optimization Phase 2 : Time (s): cpu = 00:00:40 ; elapsed = 00:00:58 . Memory (MB): peak = 1629.789 ; gain = 441.766 ; free physical = 853 ; free virtual = 25487
Finished Cross Boundary and Area Optimization : Time (s): cpu = 00:00:41 ; elapsed = 00:00:59 . Memory (MB): peak = 1629.789 ; gain = 441.766 ; free physical = 839 ; free virtual = 25473
---------------------------------------------------------------------------------
Start ROM, RAM, DSP and Shift Register Reporting
---------------------------------------------------------------------------------

ROM:
+------------+------------+---------------+----------------+
|Module Name | RTL Object | Depth x Width | Implemented As | 
+------------+------------+---------------+----------------+
|rom         | rom[1023]  | 1024x32       | LUT            | 
+------------+------------+---------------+----------------+

---------------------------------------------------------------------------------
Finished ROM, RAM, DSP and Shift Register Reporting
---------------------------------------------------------------------------------
Finished Applying XDC Timing Constraints : Time (s): cpu = 00:00:50 ; elapsed = 00:01:12 . Memory (MB): peak = 1638.797 ; gain = 450.773 ; free physical = 710 ; free virtual = 25343
Finished Timing Optimization : Time (s): cpu = 00:00:50 ; elapsed = 00:01:12 . Memory (MB): peak = 1639.797 ; gain = 451.773 ; free physical = 710 ; free virtual = 25343
Finished Technology Mapping : Time (s): cpu = 00:00:50 ; elapsed = 00:01:12 . Memory (MB): peak = 1648.812 ; gain = 460.789 ; free physical = 710 ; free virtual = 25343
Finished IO Insertion : Time (s): cpu = 00:00:51 ; elapsed = 00:01:13 . Memory (MB): peak = 1648.812 ; gain = 460.789 ; free physical = 711 ; free virtual = 25343
Finished Renaming Generated Instances : Time (s): cpu = 00:00:51 ; elapsed = 00:01:13 . Memory (MB): peak = 1648.812 ; gain = 460.789 ; free physical = 711 ; free virtual = 25343
Finished Rebuilding User Hierarchy : Time (s): cpu = 00:00:51 ; elapsed = 00:01:13 . Memory (MB): peak = 1648.812 ; gain = 460.789 ; free physical = 711 ; free virtual = 25343
Finished Renaming Generated Ports : Time (s): cpu = 00:00:51 ; elapsed = 00:01:13 . Memory (MB): peak = 1648.812 ; gain = 460.789 ; free physical = 711 ; free virtual = 25343
Finished Handling Custom Attributes : Time (s): cpu = 00:00:51 ; elapsed = 00:01:13 . Memory (MB): peak = 1648.812 ; gain = 460.789 ; free physical = 711 ; free virtual = 25343
Finished Renaming Generated Nets : Time (s): cpu = 00:00:51 ; elapsed = 00:01:13 . Memory (MB): peak = 1648.812 ; gain = 460.789 ; free physical = 711 ; free virtual = 25343

Report Cell Usage: 
+------+------+------+
|      |Cell  |Count |
+------+------+------+
|1     |LUT2  |     1|
|2     |LUT3  |     2|
|3     |LUT4  |     4|
|4     |LUT5  |     3|
|5     |LUT6  |    53|
|6     |MUXF7 |    18|
+------+------+------+
Finished Writing Synthesis Report : Time (s): cpu = 00:00:51 ; elapsed = 00:01:13 . Memory (MB): peak = 1648.812 ; gain = 460.789 ; free physical = 711 ; free virtual = 25343
synth_design: Time (s): cpu = 00:00:53 ; elapsed = 00:01:15 . Memory (MB): peak = 1689.828 ; gain = 523.180 ; free physical = 735 ; free virtual = 25367
