
*** Running vivado
    with args -log RAM_B.vds -m64 -product Vivado -mode batch -messageDb vivado.pb -notrace -source RAM_B.tcl


****** Vivado v2017.3 (64-bit)
  **** SW Build 2018833 on Wed Oct  4 19:58:07 MDT 2017
  **** IP Build 2016188 on Wed Oct  4 21:52:56 MDT 2017
    ** Copyright 1986-2017 Xilinx, Inc. All Rights Reserved.

source RAM_B.tcl -notrace
Starting RTL Elaboration : Time (s): cpu = 00:00:14 ; elapsed = 00:00:22 . Memory (MB): peak = 1264.027 ; gain = 76.000 ; free physical = 3824 ; free virtual = 26321
INFO: [Synth 8-638] synthesizing module 'RAM_B' [/home/lovesy/Documents/Learning/CA/EXP5_Vivado/EXP5_Vivado.srcs/sources_1/ip/RAM_B/synth/RAM_B.vhd:71]
INFO: [Synth 8-256] done synthesizing module 'RAM_B' (9#1) [/home/lovesy/Documents/Learning/CA/EXP5_Vivado/EXP5_Vivado.srcs/sources_1/ip/RAM_B/synth/RAM_B.vhd:71]
Finished RTL Elaboration : Time (s): cpu = 00:01:54 ; elapsed = 00:02:11 . Memory (MB): peak = 1468.176 ; gain = 280.148 ; free physical = 3805 ; free virtual = 26300
Finished RTL Optimization Phase 1 : Time (s): cpu = 00:01:55 ; elapsed = 00:02:11 . Memory (MB): peak = 1468.176 ; gain = 280.148 ; free physical = 3808 ; free virtual = 26303
INFO: [Device 21-403] Loading part xc7k325tffg676-2L
Constraint Validation Runtime : Time (s): cpu = 00:00:00.01 ; elapsed = 00:00:00.01 . Memory (MB): peak = 1635.230 ; gain = 0.000 ; free physical = 3515 ; free virtual = 26010
Finished Constraint Validation : Time (s): cpu = 00:02:18 ; elapsed = 00:02:51 . Memory (MB): peak = 1635.230 ; gain = 447.203 ; free physical = 3592 ; free virtual = 26086
Finished Loading Part and Timing Information : Time (s): cpu = 00:02:18 ; elapsed = 00:02:51 . Memory (MB): peak = 1635.230 ; gain = 447.203 ; free physical = 3592 ; free virtual = 26086
Finished applying 'set_property' XDC Constraints : Time (s): cpu = 00:02:18 ; elapsed = 00:02:51 . Memory (MB): peak = 1635.230 ; gain = 447.203 ; free physical = 3594 ; free virtual = 26088
Finished RTL Optimization Phase 2 : Time (s): cpu = 00:02:19 ; elapsed = 00:02:52 . Memory (MB): peak = 1635.230 ; gain = 447.203 ; free physical = 3585 ; free virtual = 26080
Finished Cross Boundary and Area Optimization : Time (s): cpu = 00:02:19 ; elapsed = 00:02:52 . Memory (MB): peak = 1635.230 ; gain = 447.203 ; free physical = 3589 ; free virtual = 26083
Finished Applying XDC Timing Constraints : Time (s): cpu = 00:02:28 ; elapsed = 00:03:04 . Memory (MB): peak = 1638.215 ; gain = 450.188 ; free physical = 3465 ; free virtual = 25959
Finished Timing Optimization : Time (s): cpu = 00:02:28 ; elapsed = 00:03:04 . Memory (MB): peak = 1638.215 ; gain = 450.188 ; free physical = 3464 ; free virtual = 25959
Finished Technology Mapping : Time (s): cpu = 00:02:28 ; elapsed = 00:03:04 . Memory (MB): peak = 1648.230 ; gain = 460.203 ; free physical = 3464 ; free virtual = 25958
Finished IO Insertion : Time (s): cpu = 00:02:29 ; elapsed = 00:03:05 . Memory (MB): peak = 1648.230 ; gain = 460.203 ; free physical = 3463 ; free virtual = 25958
Finished Renaming Generated Instances : Time (s): cpu = 00:02:29 ; elapsed = 00:03:05 . Memory (MB): peak = 1648.230 ; gain = 460.203 ; free physical = 3463 ; free virtual = 25958
Finished Rebuilding User Hierarchy : Time (s): cpu = 00:02:29 ; elapsed = 00:03:05 . Memory (MB): peak = 1648.230 ; gain = 460.203 ; free physical = 3463 ; free virtual = 25958
Finished Renaming Generated Ports : Time (s): cpu = 00:02:29 ; elapsed = 00:03:05 . Memory (MB): peak = 1648.230 ; gain = 460.203 ; free physical = 3463 ; free virtual = 25958
Finished Handling Custom Attributes : Time (s): cpu = 00:02:29 ; elapsed = 00:03:05 . Memory (MB): peak = 1648.230 ; gain = 460.203 ; free physical = 3463 ; free virtual = 25958
Finished Renaming Generated Nets : Time (s): cpu = 00:02:29 ; elapsed = 00:03:05 . Memory (MB): peak = 1648.230 ; gain = 460.203 ; free physical = 3463 ; free virtual = 25958

Report Cell Usage: 
+------+---------+------+
|      |Cell     |Count |
+------+---------+------+
|1     |RAMB36E1 |     1|
+------+---------+------+
Finished Writing Synthesis Report : Time (s): cpu = 00:02:29 ; elapsed = 00:03:05 . Memory (MB): peak = 1648.230 ; gain = 460.203 ; free physical = 3463 ; free virtual = 25958
synth_design: Time (s): cpu = 00:02:31 ; elapsed = 00:03:06 . Memory (MB): peak = 1659.230 ; gain = 492.578 ; free physical = 3505 ; free virtual = 26000
