Copyright 1986-2016 Xilinx, Inc. All Rights Reserved.
---------------------------------------------------------------------------------------------------------------
| Tool Version : Vivado v.2016.3 (win64) Build 1682563 Mon Oct 10 19:07:27 MDT 2016
| Date         : Mon Apr 10 11:53:47 2017
| Host         : Shana-Laptop running 64-bit major release  (build 9200)
| Command      : report_methodology -file Main_methodology_drc_routed.rpt -rpx Main_methodology_drc_routed.rpx
| Design       : Main
| Device       : xc7k160tfbg676-2L
| Speed File   : -2L
| Design State : Routed
---------------------------------------------------------------------------------------------------------------

Report Methodology

Table of Contents
-----------------
1. REPORT SUMMARY
2. REPORT DETAILS

1. REPORT SUMMARY
-----------------
            Netlist: netlist
          Floorplan: design_1
      Design limits: <entire design considered>
             Max violations: <unlimited>
             Violations found: 82
+-----------+----------+-------------------------------+------------+
| Rule      | Severity | Description                   | Violations |
+-----------+----------+-------------------------------+------------+
| TIMING-17 | Warning  | Non-clocked sequential cell   | 37         |
| TIMING-18 | Warning  | Missing input or output delay | 45         |
+-----------+----------+-------------------------------+------------+

2. REPORT DETAILS
-----------------
TIMING-17#1 Warning
Non-clocked sequential cell  
The clock pin M2/Key_ready/C is not reached by a timing clock
Related violations: <none>

TIMING-17#2 Warning
Non-clocked sequential cell  
The clock pin M2/Key_x_0/C is not reached by a timing clock
Related violations: <none>

TIMING-17#3 Warning
Non-clocked sequential cell  
The clock pin M2/Key_x_1/C is not reached by a timing clock
Related violations: <none>

TIMING-17#4 Warning
Non-clocked sequential cell  
The clock pin M2/Key_x_2/C is not reached by a timing clock
Related violations: <none>

TIMING-17#5 Warning
Non-clocked sequential cell  
The clock pin M2/Key_x_3/C is not reached by a timing clock
Related violations: <none>

TIMING-17#6 Warning
Non-clocked sequential cell  
The clock pin M2/Key_x_4/C is not reached by a timing clock
Related violations: <none>

TIMING-17#7 Warning
Non-clocked sequential cell  
The clock pin M2/btn_temp_0/C is not reached by a timing clock
Related violations: <none>

TIMING-17#8 Warning
Non-clocked sequential cell  
The clock pin M2/btn_temp_1/C is not reached by a timing clock
Related violations: <none>

TIMING-17#9 Warning
Non-clocked sequential cell  
The clock pin M2/btn_temp_2/C is not reached by a timing clock
Related violations: <none>

TIMING-17#10 Warning
Non-clocked sequential cell  
The clock pin M2/btn_temp_3/C is not reached by a timing clock
Related violations: <none>

TIMING-17#11 Warning
Non-clocked sequential cell  
The clock pin M2/counter_0/C is not reached by a timing clock
Related violations: <none>

TIMING-17#12 Warning
Non-clocked sequential cell  
The clock pin M2/counter_1/C is not reached by a timing clock
Related violations: <none>

TIMING-17#13 Warning
Non-clocked sequential cell  
The clock pin M2/counter_10/C is not reached by a timing clock
Related violations: <none>

TIMING-17#14 Warning
Non-clocked sequential cell  
The clock pin M2/counter_11/C is not reached by a timing clock
Related violations: <none>

TIMING-17#15 Warning
Non-clocked sequential cell  
The clock pin M2/counter_12/C is not reached by a timing clock
Related violations: <none>

TIMING-17#16 Warning
Non-clocked sequential cell  
The clock pin M2/counter_13/C is not reached by a timing clock
Related violations: <none>

TIMING-17#17 Warning
Non-clocked sequential cell  
The clock pin M2/counter_14/C is not reached by a timing clock
Related violations: <none>

TIMING-17#18 Warning
Non-clocked sequential cell  
The clock pin M2/counter_15/C is not reached by a timing clock
Related violations: <none>

TIMING-17#19 Warning
Non-clocked sequential cell  
The clock pin M2/counter_16/C is not reached by a timing clock
Related violations: <none>

TIMING-17#20 Warning
Non-clocked sequential cell  
The clock pin M2/counter_17/C is not reached by a timing clock
Related violations: <none>

TIMING-17#21 Warning
Non-clocked sequential cell  
The clock pin M2/counter_18/C is not reached by a timing clock
Related violations: <none>

TIMING-17#22 Warning
Non-clocked sequential cell  
The clock pin M2/counter_19/C is not reached by a timing clock
Related violations: <none>

TIMING-17#23 Warning
Non-clocked sequential cell  
The clock pin M2/counter_2/C is not reached by a timing clock
Related violations: <none>

TIMING-17#24 Warning
Non-clocked sequential cell  
The clock pin M2/counter_20/C is not reached by a timing clock
Related violations: <none>

TIMING-17#25 Warning
Non-clocked sequential cell  
The clock pin M2/counter_3/C is not reached by a timing clock
Related violations: <none>

TIMING-17#26 Warning
Non-clocked sequential cell  
The clock pin M2/counter_4/C is not reached by a timing clock
Related violations: <none>

TIMING-17#27 Warning
Non-clocked sequential cell  
The clock pin M2/counter_5/C is not reached by a timing clock
Related violations: <none>

TIMING-17#28 Warning
Non-clocked sequential cell  
The clock pin M2/counter_6/C is not reached by a timing clock
Related violations: <none>

TIMING-17#29 Warning
Non-clocked sequential cell  
The clock pin M2/counter_7/C is not reached by a timing clock
Related violations: <none>

TIMING-17#30 Warning
Non-clocked sequential cell  
The clock pin M2/counter_8/C is not reached by a timing clock
Related violations: <none>

TIMING-17#31 Warning
Non-clocked sequential cell  
The clock pin M2/counter_9/C is not reached by a timing clock
Related violations: <none>

TIMING-17#32 Warning
Non-clocked sequential cell  
The clock pin M2/pulse_out_0/C is not reached by a timing clock
Related violations: <none>

TIMING-17#33 Warning
Non-clocked sequential cell  
The clock pin M2/pulse_out_1/C is not reached by a timing clock
Related violations: <none>

TIMING-17#34 Warning
Non-clocked sequential cell  
The clock pin M2/scan/C is not reached by a timing clock
Related violations: <none>

TIMING-17#35 Warning
Non-clocked sequential cell  
The clock pin M4/state_0/C is not reached by a timing clock
Related violations: <none>

TIMING-17#36 Warning
Non-clocked sequential cell  
The clock pin M4/state_1/C is not reached by a timing clock
Related violations: <none>

TIMING-17#37 Warning
Non-clocked sequential cell  
The clock pin M4/state_2/C is not reached by a timing clock
Related violations: <none>

TIMING-18#1 Warning
Missing input or output delay  
An input delay is missing on RSTN relative to clock(s) clk_100mhz 
Related violations: <none>

TIMING-18#2 Warning
Missing input or output delay  
An input delay is missing on SW[0] relative to clock(s) clk_100mhz 
Related violations: <none>

TIMING-18#3 Warning
Missing input or output delay  
An input delay is missing on SW[10] relative to clock(s) clk_100mhz 
Related violations: <none>

TIMING-18#4 Warning
Missing input or output delay  
An input delay is missing on SW[11] relative to clock(s) clk_100mhz 
Related violations: <none>

TIMING-18#5 Warning
Missing input or output delay  
An input delay is missing on SW[12] relative to clock(s) clk_100mhz 
Related violations: <none>

TIMING-18#6 Warning
Missing input or output delay  
An input delay is missing on SW[13] relative to clock(s) clk_100mhz 
Related violations: <none>

TIMING-18#7 Warning
Missing input or output delay  
An input delay is missing on SW[14] relative to clock(s) clk_100mhz 
Related violations: <none>

TIMING-18#8 Warning
Missing input or output delay  
An input delay is missing on SW[15] relative to clock(s) clk_100mhz 
Related violations: <none>

TIMING-18#9 Warning
Missing input or output delay  
An input delay is missing on SW[1] relative to clock(s) clk_100mhz 
Related violations: <none>

TIMING-18#10 Warning
Missing input or output delay  
An input delay is missing on SW[2] relative to clock(s) clk_100mhz 
Related violations: <none>

TIMING-18#11 Warning
Missing input or output delay  
An input delay is missing on SW[3] relative to clock(s) clk_100mhz 
Related violations: <none>

TIMING-18#12 Warning
Missing input or output delay  
An input delay is missing on SW[4] relative to clock(s) clk_100mhz 
Related violations: <none>

TIMING-18#13 Warning
Missing input or output delay  
An input delay is missing on SW[5] relative to clock(s) clk_100mhz 
Related violations: <none>

TIMING-18#14 Warning
Missing input or output delay  
An input delay is missing on SW[6] relative to clock(s) clk_100mhz 
Related violations: <none>

TIMING-18#15 Warning
Missing input or output delay  
An input delay is missing on SW[7] relative to clock(s) clk_100mhz 
Related violations: <none>

TIMING-18#16 Warning
Missing input or output delay  
An input delay is missing on SW[8] relative to clock(s) clk_100mhz 
Related violations: <none>

TIMING-18#17 Warning
Missing input or output delay  
An input delay is missing on SW[9] relative to clock(s) clk_100mhz 
Related violations: <none>

TIMING-18#18 Warning
Missing input or output delay  
An output delay is missing on AN[0] relative to clock(s) clk_100mhz 
Related violations: <none>

TIMING-18#19 Warning
Missing input or output delay  
An output delay is missing on AN[1] relative to clock(s) clk_100mhz 
Related violations: <none>

TIMING-18#20 Warning
Missing input or output delay  
An output delay is missing on AN[2] relative to clock(s) clk_100mhz 
Related violations: <none>

TIMING-18#21 Warning
Missing input or output delay  
An output delay is missing on AN[3] relative to clock(s) clk_100mhz 
Related violations: <none>

TIMING-18#22 Warning
Missing input or output delay  
An output delay is missing on CR relative to clock(s) clk_100mhz 
Related violations: <none>

TIMING-18#23 Warning
Missing input or output delay  
An output delay is missing on LEDCLK relative to clock(s) clk_100mhz 
Related violations: <none>

TIMING-18#24 Warning
Missing input or output delay  
An output delay is missing on LEDDT relative to clock(s) clk_100mhz 
Related violations: <none>

TIMING-18#25 Warning
Missing input or output delay  
An output delay is missing on LEDEN relative to clock(s) clk_100mhz 
Related violations: <none>

TIMING-18#26 Warning
Missing input or output delay  
An output delay is missing on LED[0] relative to clock(s) clk_100mhz 
Related violations: <none>

TIMING-18#27 Warning
Missing input or output delay  
An output delay is missing on LED[1] relative to clock(s) clk_100mhz 
Related violations: <none>

TIMING-18#28 Warning
Missing input or output delay  
An output delay is missing on LED[2] relative to clock(s) clk_100mhz 
Related violations: <none>

TIMING-18#29 Warning
Missing input or output delay  
An output delay is missing on LED[3] relative to clock(s) clk_100mhz 
Related violations: <none>

TIMING-18#30 Warning
Missing input or output delay  
An output delay is missing on LED[4] relative to clock(s) clk_100mhz 
Related violations: <none>

TIMING-18#31 Warning
Missing input or output delay  
An output delay is missing on LED[5] relative to clock(s) clk_100mhz 
Related violations: <none>

TIMING-18#32 Warning
Missing input or output delay  
An output delay is missing on LED[6] relative to clock(s) clk_100mhz 
Related violations: <none>

TIMING-18#33 Warning
Missing input or output delay  
An output delay is missing on LED[7] relative to clock(s) clk_100mhz 
Related violations: <none>

TIMING-18#34 Warning
Missing input or output delay  
An output delay is missing on SEGCLK relative to clock(s) clk_100mhz 
Related violations: <none>

TIMING-18#35 Warning
Missing input or output delay  
An output delay is missing on SEGDT relative to clock(s) clk_100mhz 
Related violations: <none>

TIMING-18#36 Warning
Missing input or output delay  
An output delay is missing on SEGEN relative to clock(s) clk_100mhz 
Related violations: <none>

TIMING-18#37 Warning
Missing input or output delay  
An output delay is missing on SEGMENT[0] relative to clock(s) clk_100mhz 
Related violations: <none>

TIMING-18#38 Warning
Missing input or output delay  
An output delay is missing on SEGMENT[1] relative to clock(s) clk_100mhz 
Related violations: <none>

TIMING-18#39 Warning
Missing input or output delay  
An output delay is missing on SEGMENT[2] relative to clock(s) clk_100mhz 
Related violations: <none>

TIMING-18#40 Warning
Missing input or output delay  
An output delay is missing on SEGMENT[3] relative to clock(s) clk_100mhz 
Related violations: <none>

TIMING-18#41 Warning
Missing input or output delay  
An output delay is missing on SEGMENT[4] relative to clock(s) clk_100mhz 
Related violations: <none>

TIMING-18#42 Warning
Missing input or output delay  
An output delay is missing on SEGMENT[5] relative to clock(s) clk_100mhz 
Related violations: <none>

TIMING-18#43 Warning
Missing input or output delay  
An output delay is missing on SEGMENT[6] relative to clock(s) clk_100mhz 
Related violations: <none>

TIMING-18#44 Warning
Missing input or output delay  
An output delay is missing on SEGMENT[7] relative to clock(s) clk_100mhz 
Related violations: <none>

TIMING-18#45 Warning
Missing input or output delay  
An output delay is missing on readn relative to clock(s) clk_100mhz 
Related violations: <none>


