
*** Running vivado
    with args -log Main.vdi -applog -m64 -product Vivado -messageDb vivado.pb -mode batch -source Main.tcl -notrace


****** Vivado v2016.3 (64-bit)
  **** SW Build 1682563 on Mon Oct 10 19:07:27 MDT 2016
  **** IP Build 1681267 on Mon Oct 10 21:28:31 MDT 2016
    ** Copyright 1986-2016 Xilinx, Inc. All Rights Reserved.

source Main.tcl -notrace
Design is defaulting to srcset: sources_1
Design is defaulting to constrset: constrs_1
INFO: [Netlist 29-17] Analyzing 56 Unisim elements for replacement
INFO: [Netlist 29-28] Unisim Transformation completed in 1 CPU seconds
INFO: [Project 1-479] Netlist was created with Vivado 2016.3
INFO: [Device 21-403] Loading part xc7k160tfbg676-2L
INFO: [Project 1-570] Preparing netlist for logic optimization
Parsing XDC File [E:/Learning/Logic/vivado/Framework/Framework.srcs/constrs_1/new/constraints.xdc]
Finished Parsing XDC File [E:/Learning/Logic/vivado/Framework/Framework.srcs/constrs_1/new/constraints.xdc]
INFO: [Opt 31-138] Pushed 0 inverter(s) to 0 load pin(s).
INFO: [Project 1-111] Unisim Transformation Summary:
No Unisim elements were transformed.

link_design: Time (s): cpu = 00:00:11 ; elapsed = 00:00:14 . Memory (MB): peak = 500.676 ; gain = 279.809
INFO: [Vivado_Tcl 4-424] Cannot write hardware definition file as there are no IPI block design hardware handoff files present
Command: opt_design
Attempting to get a license for feature 'Implementation' and/or device 'xc7k160t'
INFO: [Common 17-349] Got license for feature 'Implementation' and/or device 'xc7k160t'
Running DRC as a precondition to command opt_design

Starting DRC Task
INFO: [DRC 23-27] Running DRC with 2 threads
INFO: [Project 1-461] DRC finished with 0 Errors
INFO: [Project 1-462] Please refer to the DRC report (report_drc) for more information.

Time (s): cpu = 00:00:03 ; elapsed = 00:00:02 . Memory (MB): peak = 511.008 ; gain = 10.332
INFO: [Timing 38-35] Done setting XDC timing constraints.

Starting Logic Optimization Task
Implement Debug Cores | Checksum: 1b7a5264f

Phase 1 Retarget
INFO: [Opt 31-138] Pushed 6 inverter(s) to 52 load pin(s).
INFO: [Opt 31-49] Retargeted 0 cell(s).
Phase 1 Retarget | Checksum: 144410687

Time (s): cpu = 00:00:01 ; elapsed = 00:00:00.331 . Memory (MB): peak = 1034.551 ; gain = 0.000

Phase 2 Constant propagation
INFO: [Opt 31-138] Pushed 6 inverter(s) to 6 load pin(s).
INFO: [Opt 31-10] Eliminated 289 cells.
Phase 2 Constant propagation | Checksum: f5b52308

Time (s): cpu = 00:00:01 ; elapsed = 00:00:00.908 . Memory (MB): peak = 1034.551 ; gain = 0.000

Phase 3 Sweep
INFO: [Opt 31-12] Eliminated 299 unconnected nets.
INFO: [Opt 31-11] Eliminated 242 unconnected cells.
Phase 3 Sweep | Checksum: 142f8cd23

Time (s): cpu = 00:00:02 ; elapsed = 00:00:01 . Memory (MB): peak = 1034.551 ; gain = 0.000

Phase 4 BUFG optimization
INFO: [Opt 31-12] Eliminated 0 unconnected nets.
INFO: [Opt 31-11] Eliminated 0 unconnected cells.
Phase 4 BUFG optimization | Checksum: 142f8cd23

Time (s): cpu = 00:00:02 ; elapsed = 00:00:01 . Memory (MB): peak = 1034.551 ; gain = 0.000

Starting Connectivity Check Task

Time (s): cpu = 00:00:00 ; elapsed = 00:00:00.011 . Memory (MB): peak = 1034.551 ; gain = 0.000
Ending Logic Optimization Task | Checksum: 142f8cd23

Time (s): cpu = 00:00:02 ; elapsed = 00:00:02 . Memory (MB): peak = 1034.551 ; gain = 0.000

Starting Power Optimization Task
INFO: [Pwropt 34-132] Skipping clock gating for clocks with a period < 2.00 ns.
Ending Power Optimization Task | Checksum: 142f8cd23

Time (s): cpu = 00:00:00 ; elapsed = 00:00:00.070 . Memory (MB): peak = 1034.551 ; gain = 0.000
INFO: [Common 17-83] Releasing license: Implementation
23 Infos, 0 Warnings, 0 Critical Warnings and 0 Errors encountered.
opt_design completed successfully
opt_design: Time (s): cpu = 00:00:28 ; elapsed = 00:00:30 . Memory (MB): peak = 1034.551 ; gain = 533.875
Writing placer database...
Writing XDEF routing.
Writing XDEF routing logical nets.
Writing XDEF routing special nets.
Write XDEF Complete: Time (s): cpu = 00:00:00 ; elapsed = 00:00:00.203 . Memory (MB): peak = 1034.551 ; gain = 0.000
INFO: [Common 17-1381] The checkpoint 'E:/Learning/Logic/vivado/Framework/Framework.runs/impl_1/Main_opt.dcp' has been generated.
INFO: [DRC 23-27] Running DRC with 2 threads
INFO: [Coretcl 2-168] The results of DRC are in file E:/Learning/Logic/vivado/Framework/Framework.runs/impl_1/Main_drc_opted.rpt.
report_drc: Time (s): cpu = 00:00:08 ; elapsed = 00:00:06 . Memory (MB): peak = 1034.551 ; gain = 0.000
INFO: [Chipscope 16-241] No debug cores found in the current design.
Before running the implement_debug_core command, either use the Set Up Debug wizard (GUI mode)
or use the create_debug_core and connect_debug_core Tcl commands to insert debug cores into the design.
Command: place_design
Attempting to get a license for feature 'Implementation' and/or device 'xc7k160t'
INFO: [Common 17-349] Got license for feature 'Implementation' and/or device 'xc7k160t'
INFO: [DRC 23-27] Running DRC with 2 threads
INFO: [Vivado_Tcl 4-198] DRC finished with 0 Errors
INFO: [Vivado_Tcl 4-199] Please refer to the DRC report (report_drc) for more information.
Running DRC as a precondition to command place_design
INFO: [DRC 23-27] Running DRC with 2 threads
INFO: [Vivado_Tcl 4-198] DRC finished with 0 Errors
INFO: [Vivado_Tcl 4-199] Please refer to the DRC report (report_drc) for more information.

Starting Placer Task
INFO: [Place 30-611] Multithreading enabled for place_design using a maximum of 2 CPUs

Phase 1 Placer Initialization
Netlist sorting complete. Time (s): cpu = 00:00:00 ; elapsed = 00:00:00.004 . Memory (MB): peak = 1034.551 ; gain = 0.000
Netlist sorting complete. Time (s): cpu = 00:00:00 ; elapsed = 00:00:00.004 . Memory (MB): peak = 1034.551 ; gain = 0.000

Phase 1.1 IO Placement/ Clock Placement/ Build Placer Device
WARNING: [Place 30-568] A LUT 'M4/push1' is driving clock pin of 3 registers. This could lead to large hold time violations. First few involved registers are:
	M4/state_0 {FDRE}
	M4/state_1 {FDRE}
	M4/state_2 {FDRE}
INFO: [Timing 38-35] Done setting XDC timing constraints.
Phase 1.1 IO Placement/ Clock Placement/ Build Placer Device | Checksum: 9e94fb8c

Time (s): cpu = 00:00:06 ; elapsed = 00:00:05 . Memory (MB): peak = 1059.797 ; gain = 25.246

Phase 1.2 Build Placer Netlist Model
Phase 1.2 Build Placer Netlist Model | Checksum: a8193911

Time (s): cpu = 00:00:07 ; elapsed = 00:00:06 . Memory (MB): peak = 1059.797 ; gain = 25.246

Phase 1.3 Constrain Clocks/Macros
Phase 1.3 Constrain Clocks/Macros | Checksum: a8193911

Time (s): cpu = 00:00:07 ; elapsed = 00:00:06 . Memory (MB): peak = 1059.797 ; gain = 25.246
Phase 1 Placer Initialization | Checksum: a8193911

Time (s): cpu = 00:00:07 ; elapsed = 00:00:06 . Memory (MB): peak = 1059.797 ; gain = 25.246

Phase 2 Global Placement
Phase 2 Global Placement | Checksum: d5e93f7e

Time (s): cpu = 00:00:10 ; elapsed = 00:00:10 . Memory (MB): peak = 1059.797 ; gain = 25.246

Phase 3 Detail Placement

Phase 3.1 Commit Multi Column Macros
Phase 3.1 Commit Multi Column Macros | Checksum: d5e93f7e

Time (s): cpu = 00:00:10 ; elapsed = 00:00:10 . Memory (MB): peak = 1059.797 ; gain = 25.246

Phase 3.2 Commit Most Macros & LUTRAMs
Phase 3.2 Commit Most Macros & LUTRAMs | Checksum: 152629f36

Time (s): cpu = 00:00:10 ; elapsed = 00:00:11 . Memory (MB): peak = 1059.797 ; gain = 25.246

Phase 3.3 Area Swap Optimization
Phase 3.3 Area Swap Optimization | Checksum: 1944aa346

Time (s): cpu = 00:00:10 ; elapsed = 00:00:11 . Memory (MB): peak = 1059.797 ; gain = 25.246

Phase 3.4 Pipeline Register Optimization
Phase 3.4 Pipeline Register Optimization | Checksum: 1944aa346

Time (s): cpu = 00:00:10 ; elapsed = 00:00:11 . Memory (MB): peak = 1059.797 ; gain = 25.246

Phase 3.5 Timing Path Optimizer
Phase 3.5 Timing Path Optimizer | Checksum: ed2f901c

Time (s): cpu = 00:00:10 ; elapsed = 00:00:12 . Memory (MB): peak = 1059.797 ; gain = 25.246

Phase 3.6 Small Shape Detail Placement
Phase 3.6 Small Shape Detail Placement | Checksum: 112443f9d

Time (s): cpu = 00:00:12 ; elapsed = 00:00:15 . Memory (MB): peak = 1059.797 ; gain = 25.246

Phase 3.7 Re-assign LUT pins
Phase 3.7 Re-assign LUT pins | Checksum: ed521f89

Time (s): cpu = 00:00:12 ; elapsed = 00:00:15 . Memory (MB): peak = 1059.797 ; gain = 25.246

Phase 3.8 Pipeline Register Optimization
Phase 3.8 Pipeline Register Optimization | Checksum: ed521f89

Time (s): cpu = 00:00:12 ; elapsed = 00:00:15 . Memory (MB): peak = 1059.797 ; gain = 25.246
Phase 3 Detail Placement | Checksum: ed521f89

Time (s): cpu = 00:00:12 ; elapsed = 00:00:15 . Memory (MB): peak = 1059.797 ; gain = 25.246

Phase 4 Post Placement Optimization and Clean-Up

Phase 4.1 Post Commit Optimization
INFO: [Timing 38-35] Done setting XDC timing constraints.

Phase 4.1.1 Post Placement Optimization
INFO: [Place 30-746] Post Placement Timing Summary WNS=2.908. For the most accurate timing information please run report_timing.
Phase 4.1.1 Post Placement Optimization | Checksum: b09429a6

Time (s): cpu = 00:00:13 ; elapsed = 00:00:16 . Memory (MB): peak = 1059.797 ; gain = 25.246
Phase 4.1 Post Commit Optimization | Checksum: b09429a6

Time (s): cpu = 00:00:13 ; elapsed = 00:00:16 . Memory (MB): peak = 1059.797 ; gain = 25.246

Phase 4.2 Post Placement Cleanup
Phase 4.2 Post Placement Cleanup | Checksum: b09429a6

Time (s): cpu = 00:00:13 ; elapsed = 00:00:16 . Memory (MB): peak = 1059.797 ; gain = 25.246

Phase 4.3 Placer Reporting
Phase 4.3 Placer Reporting | Checksum: b09429a6

Time (s): cpu = 00:00:13 ; elapsed = 00:00:16 . Memory (MB): peak = 1059.797 ; gain = 25.246

Phase 4.4 Final Placement Cleanup
Phase 4.4 Final Placement Cleanup | Checksum: 9048f389

Time (s): cpu = 00:00:13 ; elapsed = 00:00:16 . Memory (MB): peak = 1059.797 ; gain = 25.246
Phase 4 Post Placement Optimization and Clean-Up | Checksum: 9048f389

Time (s): cpu = 00:00:13 ; elapsed = 00:00:16 . Memory (MB): peak = 1059.797 ; gain = 25.246
Ending Placer Task | Checksum: 79003a2b

Time (s): cpu = 00:00:13 ; elapsed = 00:00:16 . Memory (MB): peak = 1059.797 ; gain = 25.246
INFO: [Common 17-83] Releasing license: Implementation
39 Infos, 1 Warnings, 0 Critical Warnings and 0 Errors encountered.
place_design completed successfully
place_design: Time (s): cpu = 00:00:18 ; elapsed = 00:00:19 . Memory (MB): peak = 1059.797 ; gain = 25.246
Writing placer database...
Writing XDEF routing.
Writing XDEF routing logical nets.
Writing XDEF routing special nets.
Write XDEF Complete: Time (s): cpu = 00:00:01 ; elapsed = 00:00:00.298 . Memory (MB): peak = 1059.797 ; gain = 0.000
INFO: [Common 17-1381] The checkpoint 'E:/Learning/Logic/vivado/Framework/Framework.runs/impl_1/Main_placed.dcp' has been generated.
report_io: Time (s): cpu = 00:00:00 ; elapsed = 00:00:00.173 . Memory (MB): peak = 1059.797 ; gain = 0.000
report_utilization: Time (s): cpu = 00:00:00 ; elapsed = 00:00:00.066 . Memory (MB): peak = 1059.797 ; gain = 0.000
report_control_sets: Time (s): cpu = 00:00:00 ; elapsed = 00:00:00.006 . Memory (MB): peak = 1059.797 ; gain = 0.000
Command: route_design
Attempting to get a license for feature 'Implementation' and/or device 'xc7k160t'
INFO: [Common 17-349] Got license for feature 'Implementation' and/or device 'xc7k160t'
Running DRC as a precondition to command route_design
INFO: [DRC 23-27] Running DRC with 2 threads
INFO: [Vivado_Tcl 4-198] DRC finished with 0 Errors
INFO: [Vivado_Tcl 4-199] Please refer to the DRC report (report_drc) for more information.


Starting Routing Task
INFO: [Route 35-254] Multithreading enabled for route_design using a maximum of 2 CPUs
Checksum: PlaceDB: 52f87978 ConstDB: 0 ShapeSum: 2607c0b3 RouteDB: 0

Phase 1 Build RT Design
Phase 1 Build RT Design | Checksum: 11e6d9a41

Time (s): cpu = 00:00:47 ; elapsed = 00:00:34 . Memory (MB): peak = 1263.117 ; gain = 203.320

Phase 2 Router Initialization

Phase 2.1 Create Timer
Phase 2.1 Create Timer | Checksum: 11e6d9a41

Time (s): cpu = 00:00:47 ; elapsed = 00:00:34 . Memory (MB): peak = 1263.117 ; gain = 203.320

Phase 2.2 Fix Topology Constraints
Phase 2.2 Fix Topology Constraints | Checksum: 11e6d9a41

Time (s): cpu = 00:00:47 ; elapsed = 00:00:34 . Memory (MB): peak = 1263.117 ; gain = 203.320

Phase 2.3 Pre Route Cleanup
Phase 2.3 Pre Route Cleanup | Checksum: 11e6d9a41

Time (s): cpu = 00:00:47 ; elapsed = 00:00:34 . Memory (MB): peak = 1263.117 ; gain = 203.320
 Number of Nodes with overlaps = 0

Phase 2.4 Update Timing
Phase 2.4 Update Timing | Checksum: 234bc0f1a

Time (s): cpu = 00:00:49 ; elapsed = 00:00:37 . Memory (MB): peak = 1279.820 ; gain = 220.023
INFO: [Route 35-416] Intermediate Timing Summary | WNS=2.818  | TNS=0.000  | WHS=-0.114 | THS=-11.789|

Phase 2 Router Initialization | Checksum: 17ea5313a

Time (s): cpu = 00:00:50 ; elapsed = 00:00:37 . Memory (MB): peak = 1279.820 ; gain = 220.023

Phase 3 Initial Routing
Phase 3 Initial Routing | Checksum: 11e3877d8

Time (s): cpu = 00:00:51 ; elapsed = 00:00:38 . Memory (MB): peak = 1279.820 ; gain = 220.023

Phase 4 Rip-up And Reroute

Phase 4.1 Global Iteration 0
 Number of Nodes with overlaps = 73
 Number of Nodes with overlaps = 0

Phase 4.1.1 Update Timing
Phase 4.1.1 Update Timing | Checksum: f9f5c1b9

Time (s): cpu = 00:00:52 ; elapsed = 00:00:38 . Memory (MB): peak = 1279.820 ; gain = 220.023
INFO: [Route 35-416] Intermediate Timing Summary | WNS=3.023  | TNS=0.000  | WHS=N/A    | THS=N/A    |

Phase 4.1 Global Iteration 0 | Checksum: 1615449f5

Time (s): cpu = 00:00:52 ; elapsed = 00:00:38 . Memory (MB): peak = 1279.820 ; gain = 220.023
Phase 4 Rip-up And Reroute | Checksum: 1615449f5

Time (s): cpu = 00:00:52 ; elapsed = 00:00:38 . Memory (MB): peak = 1279.820 ; gain = 220.023

Phase 5 Delay and Skew Optimization

Phase 5.1 Delay CleanUp
Phase 5.1 Delay CleanUp | Checksum: 1615449f5

Time (s): cpu = 00:00:52 ; elapsed = 00:00:38 . Memory (MB): peak = 1279.820 ; gain = 220.023

Phase 5.2 Clock Skew Optimization
Phase 5.2 Clock Skew Optimization | Checksum: 1615449f5

Time (s): cpu = 00:00:52 ; elapsed = 00:00:38 . Memory (MB): peak = 1279.820 ; gain = 220.023
Phase 5 Delay and Skew Optimization | Checksum: 1615449f5

Time (s): cpu = 00:00:52 ; elapsed = 00:00:38 . Memory (MB): peak = 1279.820 ; gain = 220.023

Phase 6 Post Hold Fix

Phase 6.1 Hold Fix Iter

Phase 6.1.1 Update Timing
Phase 6.1.1 Update Timing | Checksum: 1165e11de

Time (s): cpu = 00:00:52 ; elapsed = 00:00:38 . Memory (MB): peak = 1279.820 ; gain = 220.023
INFO: [Route 35-416] Intermediate Timing Summary | WNS=3.110  | TNS=0.000  | WHS=0.115  | THS=0.000  |

Phase 6.1 Hold Fix Iter | Checksum: 1165e11de

Time (s): cpu = 00:00:52 ; elapsed = 00:00:38 . Memory (MB): peak = 1279.820 ; gain = 220.023
Phase 6 Post Hold Fix | Checksum: 1165e11de

Time (s): cpu = 00:00:52 ; elapsed = 00:00:38 . Memory (MB): peak = 1279.820 ; gain = 220.023

Phase 7 Route finalize

Router Utilization Summary
  Global Vertical Routing Utilization    = 0.0700875 %
  Global Horizontal Routing Utilization  = 0.122421 %
  Routable Net Status*
  *Does not include unroutable nets such as driverless and loadless.
  Run report_route_status for detailed report.
  Number of Failed Nets               = 0
  Number of Unrouted Nets             = 0
  Number of Partially Routed Nets     = 0
  Number of Node Overlaps             = 0

Phase 7 Route finalize | Checksum: 1ca87f37c

Time (s): cpu = 00:00:52 ; elapsed = 00:00:39 . Memory (MB): peak = 1279.820 ; gain = 220.023

Phase 8 Verifying routed nets

 Verification completed successfully
Phase 8 Verifying routed nets | Checksum: 1ca87f37c

Time (s): cpu = 00:00:52 ; elapsed = 00:00:39 . Memory (MB): peak = 1279.820 ; gain = 220.023

Phase 9 Depositing Routes
Phase 9 Depositing Routes | Checksum: 1d30a869f

Time (s): cpu = 00:00:53 ; elapsed = 00:00:39 . Memory (MB): peak = 1279.820 ; gain = 220.023

Phase 10 Post Router Timing
INFO: [Route 35-57] Estimated Timing Summary | WNS=3.110  | TNS=0.000  | WHS=0.115  | THS=0.000  |

INFO: [Route 35-327] The final timing numbers are based on the router estimated timing analysis. For a complete and accurate timing signoff, please run report_timing_summary.
Phase 10 Post Router Timing | Checksum: 1d30a869f

Time (s): cpu = 00:00:53 ; elapsed = 00:00:39 . Memory (MB): peak = 1279.820 ; gain = 220.023
INFO: [Route 35-16] Router Completed Successfully

Time (s): cpu = 00:00:53 ; elapsed = 00:00:39 . Memory (MB): peak = 1279.820 ; gain = 220.023

Routing Is Done.
INFO: [Common 17-83] Releasing license: Implementation
52 Infos, 1 Warnings, 0 Critical Warnings and 0 Errors encountered.
route_design completed successfully
route_design: Time (s): cpu = 00:00:57 ; elapsed = 00:00:42 . Memory (MB): peak = 1279.820 ; gain = 220.023
Writing placer database...
Writing XDEF routing.
Writing XDEF routing logical nets.
Writing XDEF routing special nets.
Write XDEF Complete: Time (s): cpu = 00:00:01 ; elapsed = 00:00:00.593 . Memory (MB): peak = 1279.820 ; gain = 0.000
INFO: [Common 17-1381] The checkpoint 'E:/Learning/Logic/vivado/Framework/Framework.runs/impl_1/Main_routed.dcp' has been generated.
INFO: [DRC 23-27] Running DRC with 2 threads
INFO: [Coretcl 2-168] The results of DRC are in file E:/Learning/Logic/vivado/Framework/Framework.runs/impl_1/Main_drc_routed.rpt.
INFO: [Timing 38-35] Done setting XDC timing constraints.
INFO: [DRC 23-133] Running Methodology with 2 threads
INFO: [Coretcl 2-1520] The results of Report Methodology are in file E:/Learning/Logic/vivado/Framework/Framework.runs/impl_1/Main_methodology_drc_routed.rpt.
INFO: [Timing 38-35] Done setting XDC timing constraints.
INFO: [Timing 38-91] UpdateTimingParams: Speed grade: -2L, Delay Type: min_max.
INFO: [Timing 38-191] Multithreading enabled for timing update using a maximum of 2 CPUs
INFO: [Timing 38-35] Done setting XDC timing constraints.
Command: report_power -file Main_power_routed.rpt -pb Main_power_summary_routed.pb -rpx Main_power_routed.rpx
Running Vector-less Activity Propagation...

Finished Running Vector-less Activity Propagation
62 Infos, 1 Warnings, 0 Critical Warnings and 0 Errors encountered.
report_power completed successfully
INFO: [Common 17-206] Exiting Vivado at Mon Apr 10 11:53:50 2017...
