Copyright 1986-2017 Xilinx, Inc. All Rights Reserved.
------------------------------------------------------------------------------------
| Tool Version : Vivado v.2017.3 (win64) Build 2018833 Wed Oct  4 19:58:22 MDT 2017
| Date         : Sun Nov  5 13:43:10 2017
| Host         : Shana-Laptop running 64-bit major release  (build 9200)
| Command      : report_control_sets -file Main_control_sets_placed.rpt
| Design       : Main
| Device       : xc7k325t
------------------------------------------------------------------------------------

Control Set Information

Table of Contents
-----------------
1. Summary
2. Flip-Flop Distribution

1. Summary
----------

+-------------------------------+-------+
|             Status            | Count |
+-------------------------------+-------+
| Number of unique control sets |   190 |
+-------------------------------+-------+


2. Flip-Flop Distribution
-------------------------

+--------------+-----------------------+------------------------+-----------------+--------------+
| Clock Enable | Synchronous Set/Reset | Asynchronous Set/Reset | Total Registers | Total Slices |
+--------------+-----------------------+------------------------+-----------------+--------------+
| No           | No                    | No                     |             203 |           83 |
| No           | No                    | Yes                    |             351 |          111 |
| No           | Yes                   | No                     |              22 |           10 |
| Yes          | No                    | No                     |              28 |           13 |
| Yes          | No                    | Yes                    |            1115 |          811 |
| Yes          | Yes                   | No                     |              29 |            9 |
+--------------+-----------------------+------------------------+-----------------+--------------+


