
*** Running vivado
    with args -log ROM_D.vds -m64 -product Vivado -mode batch -messageDb vivado.pb -notrace -source ROM_D.tcl


****** Vivado v2017.3 (64-bit)
  **** SW Build 2018833 on Wed Oct  4 19:58:07 MDT 2017
  **** IP Build 2016188 on Wed Oct  4 21:52:56 MDT 2017
    ** Copyright 1986-2017 Xilinx, Inc. All Rights Reserved.

source ROM_D.tcl -notrace
Starting RTL Elaboration : Time (s): cpu = 00:00:10 ; elapsed = 00:00:11 . Memory (MB): peak = 1263.027 ; gain = 75.000 ; free physical = 1033 ; free virtual = 25681
INFO: [Synth 8-638] synthesizing module 'ROM_D' [/home/lovesy/Documents/Learning/CA/EXP4_Vivado/EXP4_Vivado.srcs/sources_1/ip/ROM_D/synth/ROM_D.vhd:66]
INFO: [Synth 8-256] done synthesizing module 'ROM_D' (4#1) [/home/lovesy/Documents/Learning/CA/EXP4_Vivado/EXP4_Vivado.srcs/sources_1/ip/ROM_D/synth/ROM_D.vhd:66]
Finished RTL Elaboration : Time (s): cpu = 00:00:16 ; elapsed = 00:00:17 . Memory (MB): peak = 1325.559 ; gain = 137.531 ; free physical = 1031 ; free virtual = 25678
Finished RTL Optimization Phase 1 : Time (s): cpu = 00:00:16 ; elapsed = 00:00:17 . Memory (MB): peak = 1325.559 ; gain = 137.531 ; free physical = 1033 ; free virtual = 25680
INFO: [Device 21-403] Loading part xc7k325tffg676-2L
Constraint Validation Runtime : Time (s): cpu = 00:00:00 ; elapsed = 00:00:00 . Memory (MB): peak = 1630.785 ; gain = 0.000 ; free physical = 735 ; free virtual = 25384
Finished Constraint Validation : Time (s): cpu = 00:00:40 ; elapsed = 00:00:58 . Memory (MB): peak = 1630.785 ; gain = 442.758 ; free physical = 820 ; free virtual = 25469
Finished Loading Part and Timing Information : Time (s): cpu = 00:00:40 ; elapsed = 00:00:58 . Memory (MB): peak = 1630.785 ; gain = 442.758 ; free physical = 820 ; free virtual = 25469
Finished applying 'set_property' XDC Constraints : Time (s): cpu = 00:00:40 ; elapsed = 00:00:59 . Memory (MB): peak = 1630.785 ; gain = 442.758 ; free physical = 822 ; free virtual = 25471
Finished RTL Optimization Phase 2 : Time (s): cpu = 00:00:40 ; elapsed = 00:00:59 . Memory (MB): peak = 1630.785 ; gain = 442.758 ; free physical = 823 ; free virtual = 25470
Finished Cross Boundary and Area Optimization : Time (s): cpu = 00:00:41 ; elapsed = 00:01:00 . Memory (MB): peak = 1630.801 ; gain = 442.773 ; free physical = 810 ; free virtual = 25457
---------------------------------------------------------------------------------
Start ROM, RAM, DSP and Shift Register Reporting
---------------------------------------------------------------------------------

ROM:
+------------+------------+---------------+----------------+
|Module Name | RTL Object | Depth x Width | Implemented As | 
+------------+------------+---------------+----------------+
|rom         | rom[1023]  | 1024x32       | LUT            | 
+------------+------------+---------------+----------------+

---------------------------------------------------------------------------------
Finished ROM, RAM, DSP and Shift Register Reporting
---------------------------------------------------------------------------------
Finished Applying XDC Timing Constraints : Time (s): cpu = 00:00:51 ; elapsed = 00:01:12 . Memory (MB): peak = 1639.801 ; gain = 451.773 ; free physical = 681 ; free virtual = 25329
Finished Timing Optimization : Time (s): cpu = 00:00:51 ; elapsed = 00:01:12 . Memory (MB): peak = 1639.801 ; gain = 451.773 ; free physical = 680 ; free virtual = 25328
Finished Technology Mapping : Time (s): cpu = 00:00:51 ; elapsed = 00:01:13 . Memory (MB): peak = 1648.816 ; gain = 460.789 ; free physical = 680 ; free virtual = 25328
Finished IO Insertion : Time (s): cpu = 00:00:52 ; elapsed = 00:01:13 . Memory (MB): peak = 1648.816 ; gain = 460.789 ; free physical = 681 ; free virtual = 25328
Finished Renaming Generated Instances : Time (s): cpu = 00:00:52 ; elapsed = 00:01:13 . Memory (MB): peak = 1648.816 ; gain = 460.789 ; free physical = 681 ; free virtual = 25328
Finished Rebuilding User Hierarchy : Time (s): cpu = 00:00:52 ; elapsed = 00:01:13 . Memory (MB): peak = 1648.816 ; gain = 460.789 ; free physical = 681 ; free virtual = 25328
Finished Renaming Generated Ports : Time (s): cpu = 00:00:52 ; elapsed = 00:01:13 . Memory (MB): peak = 1648.816 ; gain = 460.789 ; free physical = 681 ; free virtual = 25328
Finished Handling Custom Attributes : Time (s): cpu = 00:00:52 ; elapsed = 00:01:13 . Memory (MB): peak = 1648.816 ; gain = 460.789 ; free physical = 681 ; free virtual = 25328
Finished Renaming Generated Nets : Time (s): cpu = 00:00:52 ; elapsed = 00:01:13 . Memory (MB): peak = 1648.816 ; gain = 460.789 ; free physical = 681 ; free virtual = 25328

Report Cell Usage: 
+------+------+------+
|      |Cell  |Count |
+------+------+------+
|1     |LUT2  |     1|
|2     |LUT3  |     3|
|3     |LUT4  |     3|
|4     |LUT5  |     6|
|5     |LUT6  |    49|
|6     |MUXF7 |    19|
+------+------+------+
Finished Writing Synthesis Report : Time (s): cpu = 00:00:52 ; elapsed = 00:01:13 . Memory (MB): peak = 1648.816 ; gain = 460.789 ; free physical = 681 ; free virtual = 25328
synth_design: Time (s): cpu = 00:00:54 ; elapsed = 00:01:15 . Memory (MB): peak = 1690.832 ; gain = 524.180 ; free physical = 700 ; free virtual = 25346
