
*** Running vivado
    with args -log PS2Mouse.vds -m64 -product Vivado -mode batch -messageDb vivado.pb -notrace -source PS2Mouse.tcl


****** Vivado v2016.3 (64-bit)
  **** SW Build 1682563 on Mon Oct 10 19:07:27 MDT 2016
  **** IP Build 1681267 on Mon Oct 10 21:28:31 MDT 2016
    ** Copyright 1986-2016 Xilinx, Inc. All Rights Reserved.

source PS2Mouse.tcl -notrace
Command: synth_design -top PS2Mouse -part xc7k160tfbg676-2L
Starting synth_design
Attempting to get a license for feature 'Synthesis' and/or device 'xc7k160t'
INFO: [Common 17-349] Got license for feature 'Synthesis' and/or device 'xc7k160t'
INFO: Launching helper process for spawning children vivado processes
INFO: Helper process launched with PID 18760 
WARNING: [Synth 8-2644] root scope declaration is not allowed in verilog 95/2K mode [F:/vivado/ps2Mouse/ps2Mouse.srcs/sources_1/new/initMouse.v:21]
WARNING: [Synth 8-2644] root scope declaration is not allowed in verilog 95/2K mode [F:/vivado/ps2Mouse/ps2Mouse.srcs/sources_1/new/PS2Mouse.v:22]
WARNING: [Synth 8-2644] root scope declaration is not allowed in verilog 95/2K mode [F:/vivado/ps2Mouse/ps2Mouse.srcs/sources_1/new/PS2Mouse.v:23]
WARNING: [Synth 8-2644] root scope declaration is not allowed in verilog 95/2K mode [F:/vivado/ps2Mouse/ps2Mouse.srcs/sources_1/new/PS2Mouse.v:24]
WARNING: [Synth 8-2644] root scope declaration is not allowed in verilog 95/2K mode [F:/vivado/ps2Mouse/ps2Mouse.srcs/sources_1/new/PS2Mouse.v:25]
---------------------------------------------------------------------------------
Starting Synthesize : Time (s): cpu = 00:00:06 ; elapsed = 00:00:09 . Memory (MB): peak = 307.398 ; gain = 97.395
---------------------------------------------------------------------------------
INFO: [Synth 8-638] synthesizing module 'PS2Mouse' [F:/vivado/ps2Mouse/ps2Mouse.srcs/sources_1/new/PS2Mouse.v:26]
WARNING: [Synth 8-387] label required on module instance [F:/vivado/ps2Mouse/ps2Mouse.srcs/sources_1/new/PS2Mouse.v:40]
INFO: [Synth 8-638] synthesizing module 'initMouse' [F:/vivado/ps2Mouse/ps2Mouse.srcs/sources_1/new/initMouse.v:23]
INFO: [Synth 8-155] case statement is not full and has no default [F:/vivado/ps2Mouse/ps2Mouse.srcs/sources_1/new/initMouse.v:58]
INFO: [Synth 8-256] done synthesizing module 'initMouse' (1#1) [F:/vivado/ps2Mouse/ps2Mouse.srcs/sources_1/new/initMouse.v:23]
WARNING: [Synth 8-387] label required on module instance [F:/vivado/ps2Mouse/ps2Mouse.srcs/sources_1/new/PS2Mouse.v:49]
INFO: [Synth 8-638] synthesizing module 'readMouse' [F:/vivado/ps2Mouse/ps2Mouse.srcs/sources_1/new/readMouse.v:23]
INFO: [Synth 8-155] case statement is not full and has no default [F:/vivado/ps2Mouse/ps2Mouse.srcs/sources_1/new/readMouse.v:54]
INFO: [Synth 8-256] done synthesizing module 'readMouse' (2#1) [F:/vivado/ps2Mouse/ps2Mouse.srcs/sources_1/new/readMouse.v:23]
INFO: [Synth 8-256] done synthesizing module 'PS2Mouse' (3#1) [F:/vivado/ps2Mouse/ps2Mouse.srcs/sources_1/new/PS2Mouse.v:26]
---------------------------------------------------------------------------------
Finished Synthesize : Time (s): cpu = 00:00:07 ; elapsed = 00:00:10 . Memory (MB): peak = 326.121 ; gain = 116.117
---------------------------------------------------------------------------------
---------------------------------------------------------------------------------
Finished Constraint Validation : Time (s): cpu = 00:00:07 ; elapsed = 00:00:10 . Memory (MB): peak = 326.121 ; gain = 116.117
---------------------------------------------------------------------------------
---------------------------------------------------------------------------------
Start Loading Part and Timing Information
---------------------------------------------------------------------------------
Loading part: xc7k160tfbg676-2L
---------------------------------------------------------------------------------
Finished Loading Part and Timing Information : Time (s): cpu = 00:00:07 ; elapsed = 00:00:10 . Memory (MB): peak = 326.121 ; gain = 116.117
---------------------------------------------------------------------------------
INFO: [Device 21-403] Loading part xc7k160tfbg676-2L
INFO: [Synth 8-5546] ROM "count" won't be mapped to RAM because it is too sparse
INFO: [Synth 8-5546] ROM "data" won't be mapped to RAM because it is too sparse
INFO: [Synth 8-5546] ROM "i" won't be mapped to RAM because it is too sparse
INFO: [Synth 8-5546] ROM "en" won't be mapped to RAM because it is too sparse
INFO: [Synth 8-5546] ROM "cclk" won't be mapped to RAM because it is too sparse
INFO: [Synth 8-5546] ROM "cdat" won't be mapped to RAM because it is too sparse
INFO: [Synth 8-5546] ROM "oData" won't be mapped to RAM because it is too sparse
INFO: [Synth 8-5546] ROM "oDone" won't be mapped to RAM because it is too sparse
INFO: [Synth 8-5587] ROM size for "return" is below threshold of ROM address width. It will be mapped to LUTs
---------------------------------------------------------------------------------
Finished RTL Optimization Phase 2 : Time (s): cpu = 00:00:07 ; elapsed = 00:00:11 . Memory (MB): peak = 346.074 ; gain = 136.070
---------------------------------------------------------------------------------

Report RTL Partitions: 
+-+--------------+------------+----------+
| |RTL Partition |Replication |Instances |
+-+--------------+------------+----------+
+-+--------------+------------+----------+
No constraint files found.
---------------------------------------------------------------------------------
Start RTL Component Statistics 
---------------------------------------------------------------------------------
Detailed RTL Component Info : 
+---Adders : 
	   2 Input     32 Bit       Adders := 1     
	   2 Input     14 Bit       Adders := 1     
	   2 Input     10 Bit       Adders := 2     
	   2 Input      5 Bit       Adders := 2     
	   2 Input      4 Bit       Adders := 1     
+---Registers : 
	               24 Bit    Registers := 1     
	               14 Bit    Registers := 1     
	               10 Bit    Registers := 2     
	                9 Bit    Registers := 1     
	                8 Bit    Registers := 1     
	                5 Bit    Registers := 3     
	                3 Bit    Registers := 1     
	                1 Bit    Registers := 10    
+---Muxes : 
	  12 Input     24 Bit        Muxes := 1     
	   2 Input     14 Bit        Muxes := 1     
	   2 Input     10 Bit        Muxes := 2     
	   2 Input      8 Bit        Muxes := 2     
	  11 Input      8 Bit        Muxes := 1     
	  11 Input      5 Bit        Muxes := 2     
	   9 Input      5 Bit        Muxes := 1     
	  11 Input      4 Bit        Muxes := 1     
	  11 Input      2 Bit        Muxes := 1     
	  11 Input      1 Bit        Muxes := 11    
	   2 Input      1 Bit        Muxes := 1     
	   4 Input      1 Bit        Muxes := 1     
	  12 Input      1 Bit        Muxes := 1     
---------------------------------------------------------------------------------
Finished RTL Component Statistics 
---------------------------------------------------------------------------------
---------------------------------------------------------------------------------
Start RTL Hierarchical Component Statistics 
---------------------------------------------------------------------------------
Hierarchical RTL Component report 
Module PS2Mouse 
Detailed RTL Component Info : 
+---Adders : 
	   2 Input     10 Bit       Adders := 2     
+---Registers : 
	               10 Bit    Registers := 2     
	                3 Bit    Registers := 1     
+---Muxes : 
	   2 Input     10 Bit        Muxes := 2     
Module initMouse 
Detailed RTL Component Info : 
+---Adders : 
	   2 Input     14 Bit       Adders := 1     
	   2 Input      5 Bit       Adders := 1     
	   2 Input      4 Bit       Adders := 1     
+---Registers : 
	               14 Bit    Registers := 1     
	                9 Bit    Registers := 1     
	                5 Bit    Registers := 1     
	                1 Bit    Registers := 7     
+---Muxes : 
	   2 Input     14 Bit        Muxes := 1     
	  11 Input      5 Bit        Muxes := 1     
	  11 Input      2 Bit        Muxes := 1     
	  11 Input      1 Bit        Muxes := 7     
	   2 Input      1 Bit        Muxes := 1     
	   4 Input      1 Bit        Muxes := 1     
	  12 Input      1 Bit        Muxes := 1     
Module readMouse 
Detailed RTL Component Info : 
+---Adders : 
	   2 Input     32 Bit       Adders := 1     
	   2 Input      5 Bit       Adders := 1     
+---Registers : 
	               24 Bit    Registers := 1     
	                8 Bit    Registers := 1     
	                5 Bit    Registers := 2     
	                1 Bit    Registers := 3     
+---Muxes : 
	  12 Input     24 Bit        Muxes := 1     
	   2 Input      8 Bit        Muxes := 2     
	  11 Input      8 Bit        Muxes := 1     
	  11 Input      5 Bit        Muxes := 1     
	   9 Input      5 Bit        Muxes := 1     
	  11 Input      4 Bit        Muxes := 1     
	  11 Input      1 Bit        Muxes := 4     
---------------------------------------------------------------------------------
Finished RTL Hierarchical Component Statistics
---------------------------------------------------------------------------------
---------------------------------------------------------------------------------
Start Part Resource Summary
---------------------------------------------------------------------------------
Part Resources:
DSPs: 600 (col length:100)
BRAMs: 650 (col length: RAMB18 100 RAMB36 50)
---------------------------------------------------------------------------------
Finished Part Resource Summary
---------------------------------------------------------------------------------
No constraint files found.
---------------------------------------------------------------------------------
Start Cross Boundary and Area Optimization
---------------------------------------------------------------------------------
INFO: [Synth 8-4471] merging register 'nolabel_line49/clk0_reg' into 'nolabel_line40/clk0_reg' [F:/vivado/ps2Mouse/ps2Mouse.srcs/sources_1/new/readMouse.v:37]
INFO: [Synth 8-4471] merging register 'nolabel_line49/clk1_reg' into 'nolabel_line40/clk1_reg' [F:/vivado/ps2Mouse/ps2Mouse.srcs/sources_1/new/readMouse.v:37]
INFO: [Synth 8-5546] ROM "nolabel_line40/i" won't be mapped to RAM because it is too sparse
INFO: [Synth 8-3886] merging instance 'nolabel_line49/return_reg[3]' (FDCE) to 'nolabel_line49/return_reg[2]'
INFO: [Synth 8-3886] merging instance 'nolabel_line49/return_reg[4]' (FDCE) to 'nolabel_line49/return_reg[2]'
INFO: [Synth 8-3333] propagating constant 0 across sequential element (\nolabel_line49/return_reg[2] )
INFO: [Synth 8-3886] merging instance 'nolabel_line40/data_reg[8]' (FDCE) to 'nolabel_line40/data_reg[3]'
INFO: [Synth 8-3886] merging instance 'nolabel_line40/data_reg[7]' (FDCE) to 'nolabel_line40/data_reg[6]'
INFO: [Synth 8-3886] merging instance 'nolabel_line40/data_reg[6]' (FDCE) to 'nolabel_line40/data_reg[5]'
INFO: [Synth 8-3886] merging instance 'nolabel_line40/data_reg[5]' (FDCE) to 'nolabel_line40/data_reg[4]'
INFO: [Synth 8-3886] merging instance 'nolabel_line40/data_reg[4]' (FDCE) to 'nolabel_line40/data_reg[2]'
INFO: [Synth 8-3886] merging instance 'nolabel_line40/data_reg[3]' (FDCE) to 'nolabel_line40/data_reg[1]'
INFO: [Synth 8-3886] merging instance 'nolabel_line40/data_reg[1]' (FDCE) to 'nolabel_line40/data_reg[0]'
INFO: [Synth 8-3333] propagating constant 0 across sequential element (\nolabel_line40/data_reg[0] )
INFO: [Synth 8-3333] propagating constant 0 across sequential element (\ypos_reg[9] )
WARNING: [Synth 8-3332] Sequential element (nolabel_line40/data_reg[0]) is unused and will be removed from module PS2Mouse.
WARNING: [Synth 8-3332] Sequential element (nolabel_line49/return_reg[2]) is unused and will be removed from module PS2Mouse.
WARNING: [Synth 8-3332] Sequential element (nolabel_line49/oData_reg[7]) is unused and will be removed from module PS2Mouse.
WARNING: [Synth 8-3332] Sequential element (nolabel_line49/oData_reg[6]) is unused and will be removed from module PS2Mouse.
WARNING: [Synth 8-3332] Sequential element (nolabel_line49/oData_reg[3]) is unused and will be removed from module PS2Mouse.
WARNING: [Synth 8-3332] Sequential element (ypos_reg[9]) is unused and will be removed from module PS2Mouse.
INFO: [Synth 8-3333] propagating constant 0 across sequential element (\nolabel_line49/tmp_reg[6] )
INFO: [Synth 8-3333] propagating constant 0 across sequential element (\nolabel_line49/tmp_reg[7] )
INFO: [Synth 8-3886] merging instance 'nolabel_line49/oData_reg[22]' (FDCE) to 'nolabel_line49/oData_reg[23]'
INFO: [Synth 8-3886] merging instance 'nolabel_line49/oData_reg[14]' (FDCE) to 'nolabel_line49/oData_reg[15]'
WARNING: [Synth 8-3332] Sequential element (nolabel_line49/tmp_reg[7]) is unused and will be removed from module PS2Mouse.
WARNING: [Synth 8-3332] Sequential element (nolabel_line49/tmp_reg[6]) is unused and will be removed from module PS2Mouse.
WARNING: [Synth 8-3332] Sequential element (nolabel_line49/oData_reg[23]) is unused and will be removed from module PS2Mouse.
WARNING: [Synth 8-3332] Sequential element (nolabel_line49/oData_reg[15]) is unused and will be removed from module PS2Mouse.
---------------------------------------------------------------------------------
Finished Cross Boundary and Area Optimization : Time (s): cpu = 00:00:12 ; elapsed = 00:00:16 . Memory (MB): peak = 486.625 ; gain = 276.621
---------------------------------------------------------------------------------

Report RTL Partitions: 
+-+--------------+------------+----------+
| |RTL Partition |Replication |Instances |
+-+--------------+------------+----------+
+-+--------------+------------+----------+
---------------------------------------------------------------------------------
Start Timing Optimization
---------------------------------------------------------------------------------
No constraint files found.
---------------------------------------------------------------------------------
Finished Timing Optimization : Time (s): cpu = 00:00:12 ; elapsed = 00:00:16 . Memory (MB): peak = 486.625 ; gain = 276.621
---------------------------------------------------------------------------------

Report RTL Partitions: 
+-+--------------+------------+----------+
| |RTL Partition |Replication |Instances |
+-+--------------+------------+----------+
+-+--------------+------------+----------+
---------------------------------------------------------------------------------
Start Technology Mapping
---------------------------------------------------------------------------------
---------------------------------------------------------------------------------
Finished Technology Mapping : Time (s): cpu = 00:00:12 ; elapsed = 00:00:16 . Memory (MB): peak = 486.625 ; gain = 276.621
---------------------------------------------------------------------------------

Report RTL Partitions: 
+-+--------------+------------+----------+
| |RTL Partition |Replication |Instances |
+-+--------------+------------+----------+
+-+--------------+------------+----------+
---------------------------------------------------------------------------------
Start IO Insertion
---------------------------------------------------------------------------------
---------------------------------------------------------------------------------
Start Flattening Before IO Insertion
---------------------------------------------------------------------------------
---------------------------------------------------------------------------------
Finished Flattening Before IO Insertion
---------------------------------------------------------------------------------
---------------------------------------------------------------------------------
Start Final Netlist Cleanup
---------------------------------------------------------------------------------
---------------------------------------------------------------------------------
Finished Final Netlist Cleanup
---------------------------------------------------------------------------------
---------------------------------------------------------------------------------
Finished IO Insertion : Time (s): cpu = 00:00:13 ; elapsed = 00:00:16 . Memory (MB): peak = 486.625 ; gain = 276.621
---------------------------------------------------------------------------------

Report Check Netlist: 
+------+------------------+-------+---------+-------+------------------+
|      |Item              |Errors |Warnings |Status |Description       |
+------+------------------+-------+---------+-------+------------------+
|1     |multi_driven_nets |      0|        0|Passed |Multi driven nets |
+------+------------------+-------+---------+-------+------------------+
---------------------------------------------------------------------------------
Start Renaming Generated Instances
---------------------------------------------------------------------------------
---------------------------------------------------------------------------------
Finished Renaming Generated Instances : Time (s): cpu = 00:00:13 ; elapsed = 00:00:16 . Memory (MB): peak = 486.625 ; gain = 276.621
---------------------------------------------------------------------------------

Report RTL Partitions: 
+-+--------------+------------+----------+
| |RTL Partition |Replication |Instances |
+-+--------------+------------+----------+
+-+--------------+------------+----------+
---------------------------------------------------------------------------------
Start Rebuilding User Hierarchy
---------------------------------------------------------------------------------
---------------------------------------------------------------------------------
Finished Rebuilding User Hierarchy : Time (s): cpu = 00:00:13 ; elapsed = 00:00:16 . Memory (MB): peak = 486.625 ; gain = 276.621
---------------------------------------------------------------------------------
---------------------------------------------------------------------------------
Start Renaming Generated Ports
---------------------------------------------------------------------------------
---------------------------------------------------------------------------------
Finished Renaming Generated Ports : Time (s): cpu = 00:00:13 ; elapsed = 00:00:16 . Memory (MB): peak = 486.625 ; gain = 276.621
---------------------------------------------------------------------------------
---------------------------------------------------------------------------------
Start Handling Custom Attributes
---------------------------------------------------------------------------------
---------------------------------------------------------------------------------
Finished Handling Custom Attributes : Time (s): cpu = 00:00:13 ; elapsed = 00:00:16 . Memory (MB): peak = 486.625 ; gain = 276.621
---------------------------------------------------------------------------------
---------------------------------------------------------------------------------
Start Renaming Generated Nets
---------------------------------------------------------------------------------
---------------------------------------------------------------------------------
Finished Renaming Generated Nets : Time (s): cpu = 00:00:13 ; elapsed = 00:00:16 . Memory (MB): peak = 486.625 ; gain = 276.621
---------------------------------------------------------------------------------
---------------------------------------------------------------------------------
Start Writing Synthesis Report
---------------------------------------------------------------------------------

Report BlackBoxes: 
+-+--------------+----------+
| |BlackBox name |Instances |
+-+--------------+----------+
+-+--------------+----------+

Report Cell Usage: 
+------+-------+------+
|      |Cell   |Count |
+------+-------+------+
|1     |BUFG   |     1|
|2     |CARRY4 |    13|
|3     |LUT1   |    25|
|4     |LUT2   |    44|
|5     |LUT3   |    15|
|6     |LUT4   |     5|
|7     |LUT5   |    16|
|8     |LUT6   |    22|
|9     |FDCE   |    74|
|10    |FDPE   |     6|
|11    |IBUF   |     2|
|12    |IOBUF  |     2|
|13    |OBUF   |    23|
+------+-------+------+

Report Instance Areas: 
+------+-----------------+----------+------+
|      |Instance         |Module    |Cells |
+------+-----------------+----------+------+
|1     |top              |          |   248|
|2     |  nolabel_line40 |initMouse |    83|
|3     |  nolabel_line49 |readMouse |    98|
+------+-----------------+----------+------+
---------------------------------------------------------------------------------
Finished Writing Synthesis Report : Time (s): cpu = 00:00:13 ; elapsed = 00:00:16 . Memory (MB): peak = 486.625 ; gain = 276.621
---------------------------------------------------------------------------------
Synthesis finished with 0 errors, 0 critical warnings and 17 warnings.
Synthesis Optimization Runtime : Time (s): cpu = 00:00:11 ; elapsed = 00:00:11 . Memory (MB): peak = 486.625 ; gain = 264.383
Synthesis Optimization Complete : Time (s): cpu = 00:00:13 ; elapsed = 00:00:17 . Memory (MB): peak = 486.625 ; gain = 276.621
INFO: [Project 1-571] Translating synthesized netlist
INFO: [Netlist 29-17] Analyzing 17 Unisim elements for replacement
INFO: [Netlist 29-28] Unisim Transformation completed in 0 CPU seconds
INFO: [Project 1-570] Preparing netlist for logic optimization
INFO: [Opt 31-138] Pushed 0 inverter(s) to 0 load pin(s).
INFO: [Project 1-111] Unisim Transformation Summary:
  A total of 2 instances were transformed.
  IOBUF => IOBUF (IBUF, OBUFT): 2 instances

INFO: [Common 17-83] Releasing license: Synthesis
48 Infos, 17 Warnings, 0 Critical Warnings and 0 Errors encountered.
synth_design completed successfully
synth_design: Time (s): cpu = 00:00:14 ; elapsed = 00:00:16 . Memory (MB): peak = 564.594 ; gain = 350.496
INFO: [Common 17-1381] The checkpoint 'F:/vivado/ps2Mouse/ps2Mouse.runs/synth_1/PS2Mouse.dcp' has been generated.
report_utilization: Time (s): cpu = 00:00:00 ; elapsed = 00:00:00.034 . Memory (MB): peak = 564.594 ; gain = 0.000
INFO: [Common 17-206] Exiting Vivado at Sun Dec 25 16:04:03 2016...
