
*** Running vivado
    with args -log mouse.vds -m64 -product Vivado -mode batch -messageDb vivado.pb -notrace -source mouse.tcl


****** Vivado v2016.3 (64-bit)
  **** SW Build 1682563 on Mon Oct 10 19:07:27 MDT 2016
  **** IP Build 1681267 on Mon Oct 10 21:28:31 MDT 2016
    ** Copyright 1986-2016 Xilinx, Inc. All Rights Reserved.

source mouse.tcl -notrace
Starting RTL Elaboration : Time (s): cpu = 00:00:09 ; elapsed = 00:00:12 . Memory (MB): peak = 319.570 ; gain = 109.430
INFO: [Synth 8-638] synthesizing module 'mouse' [f:/vivado/NestGather/NestGather.srcs/sources_1/ip/mouse/synth/mouse.vhd:67]
INFO: [Synth 8-256] done synthesizing module 'mouse' (9#1) [f:/vivado/NestGather/NestGather.srcs/sources_1/ip/mouse/synth/mouse.vhd:67]
Finished RTL Elaboration : Time (s): cpu = 00:01:02 ; elapsed = 00:01:12 . Memory (MB): peak = 517.805 ; gain = 307.664
Finished RTL Optimization Phase 1 : Time (s): cpu = 00:01:02 ; elapsed = 00:01:16 . Memory (MB): peak = 517.805 ; gain = 307.664
INFO: [Device 21-403] Loading part xc7k160tfbg676-2L
Constraint Validation Runtime : Time (s): cpu = 00:00:00 ; elapsed = 00:00:00.285 . Memory (MB): peak = 597.672 ; gain = 0.000
Finished Constraint Validation : Time (s): cpu = 00:01:17 ; elapsed = 00:01:39 . Memory (MB): peak = 597.672 ; gain = 387.531
Finished Loading Part and Timing Information : Time (s): cpu = 00:01:17 ; elapsed = 00:01:39 . Memory (MB): peak = 597.672 ; gain = 387.531
Finished applying 'set_property' XDC Constraints : Time (s): cpu = 00:01:17 ; elapsed = 00:01:39 . Memory (MB): peak = 597.672 ; gain = 387.531
Finished RTL Optimization Phase 2 : Time (s): cpu = 00:01:17 ; elapsed = 00:01:39 . Memory (MB): peak = 597.672 ; gain = 387.531
Finished Cross Boundary and Area Optimization : Time (s): cpu = 00:01:18 ; elapsed = 00:01:40 . Memory (MB): peak = 597.672 ; gain = 387.531
Finished Applying XDC Timing Constraints : Time (s): cpu = 00:01:36 ; elapsed = 00:01:59 . Memory (MB): peak = 615.742 ; gain = 405.602
Finished Timing Optimization : Time (s): cpu = 00:01:36 ; elapsed = 00:01:59 . Memory (MB): peak = 615.742 ; gain = 405.602
Finished Technology Mapping : Time (s): cpu = 00:01:36 ; elapsed = 00:01:59 . Memory (MB): peak = 626.352 ; gain = 416.211
Finished IO Insertion : Time (s): cpu = 00:01:37 ; elapsed = 00:02:00 . Memory (MB): peak = 626.352 ; gain = 416.211
Finished Renaming Generated Instances : Time (s): cpu = 00:01:37 ; elapsed = 00:02:00 . Memory (MB): peak = 626.352 ; gain = 416.211
Finished Rebuilding User Hierarchy : Time (s): cpu = 00:01:37 ; elapsed = 00:02:00 . Memory (MB): peak = 626.352 ; gain = 416.211
Finished Renaming Generated Ports : Time (s): cpu = 00:01:37 ; elapsed = 00:02:00 . Memory (MB): peak = 626.352 ; gain = 416.211
Finished Handling Custom Attributes : Time (s): cpu = 00:01:37 ; elapsed = 00:02:00 . Memory (MB): peak = 626.352 ; gain = 416.211
Finished Renaming Generated Nets : Time (s): cpu = 00:01:38 ; elapsed = 00:02:00 . Memory (MB): peak = 626.352 ; gain = 416.211

Report Cell Usage: 
+------+---------+------+
|      |Cell     |Count |
+------+---------+------+
|1     |RAMB18E1 |     1|
+------+---------+------+
Finished Writing Synthesis Report : Time (s): cpu = 00:01:38 ; elapsed = 00:02:00 . Memory (MB): peak = 626.352 ; gain = 416.211
synth_design: Time (s): cpu = 00:01:37 ; elapsed = 00:01:57 . Memory (MB): peak = 659.016 ; gain = 428.074
