Release 14.7 - ngc2edif P_INT.20170901 (lin64)
Copyright (c) 1995-2013 Xilinx, Inc.  All rights reserved.
Reading design SAnti_jitter.ngc ...
WARNING:NetListWriters:298 - No output is written to SAnti_jitter.xncf, ignored.
Processing design ...
   Preping design's networks ...
   Preping design's macros ...
  finished :Prep
Writing EDIF netlist file SAnti_jitter.edif ...
ngc2edif: Total memory usage is 104552 kilobytes

Release 14.7 - ngc2edif P_INT.20170901 (lin64)
Copyright (c) 1995-2013 Xilinx, Inc.  All rights reserved.
Reading design vga_debug.ngc ...
WARNING:NetListWriters:298 - No output is written to vga_debug.xncf, ignored.
Processing design ...
   Preping design's networks ...
   Preping design's macros ...
WARNING:NetListWriters:306 - Signal bus row_addr[6 : 0] on block vga_debug is
   not reconstructed, because there are some missing bus signals.
WARNING:NetListWriters:306 - Signal bus
   current_display_reg_addr[7]_GND_1_o_select_56_OUT[52 : 0] on block vga_debug
   is not reconstructed, because there are some missing bus signals.
WARNING:NetListWriters:306 - Signal bus strdata[52 : 0] on block vga_debug is
   not reconstructed, because there are some missing bus signals.
WARNING:NetListWriters:306 - Signal bus Msub_col_addr_cy[5 : 0] on block
   vga_debug is not reconstructed, because there are some missing bus signals.
  finished :Prep
Writing EDIF netlist file vga_debug.edif ...
ngc2edif: Total memory usage is 104380 kilobytes

Release 14.7 - ngc2edif P_INT.20170901 (lin64)
Copyright (c) 1995-2013 Xilinx, Inc.  All rights reserved.
Reading design SEnter_2_32.ngc ...
WARNING:NetListWriters:298 - No output is written to SEnter_2_32.xncf, ignored.
Processing design ...
   Preping design's networks ...
   Preping design's macros ...
WARNING:NetListWriters:306 - Signal bus Ai[31]_Ai[31]_mux_48_OUT[31 : 2] on
   block SEnter_2_32 is not reconstructed, because there are some missing bus
   signals.
WARNING:NetListWriters:306 - Signal bus Bi[31]_Bi[31]_mux_49_OUT[31 : 2] on
   block SEnter_2_32 is not reconstructed, because there are some missing bus
   signals.
  finished :Prep
Writing EDIF netlist file SEnter_2_32.edif ...
ngc2edif: Total memory usage is 103996 kilobytes

