ISim log file
Running: E:\3150101155\LampCtrl_sch\LampCtrl_LampCtrl_sch_tb_isim_beh.exe -intstyle ise -gui -tclbatch isim.cmd -wdb E:/3150101155/LampCtrl_sch/LampCtrl_LampCtrl_sch_tb_isim_beh.wdb 
ISim P.20131013 (signature 0x8ef4fb42)
This is a Full version of ISim.
Time resolution is 1 ps
# onerror resume
# wave add /
# run 1000 ns
Simulator is doing circuit initialization process.
Finished circuit initialization process.
# run 0.50us
# run 0.50us
# run 0.50us
# run 0.50us
# run 0.50us
# run 0.50us
# run all
# run all
ISim P.20131013 (signature 0x8ef4fb42)
This is a Full version of ISim.
# run 1000 ns
Simulator is doing circuit initialization process.
Finished circuit initialization process.
# run 0.50us
# run 1.00us
# run 0.25us
# run 0.25us
# run 1.00us
# run 1.00us
# run 1.00us
# run all
# run 1.00us
# run 1.00us
# run 1.00us
# run 1.00us
# run 1.00us
# run 1.00us
# run 1.00us
# run 1.00us
ISim P.20131013 (signature 0x8ef4fb42)
This is a Full version of ISim.
# run 1000 ns
Simulator is doing circuit initialization process.
Finished circuit initialization process.
ISim P.20131013 (signature 0x8ef4fb42)
This is a Full version of ISim.
# run 1000 ns
Simulator is doing circuit initialization process.
Finished circuit initialization process.
ISim P.20131013 (signature 0x8ef4fb42)
This is a Full version of ISim.
# run 1000 ns
Simulator is doing circuit initialization process.
Finished circuit initialization process.
