
*** Running vivado
    with args -log cell3.vds -m64 -product Vivado -mode batch -messageDb vivado.pb -notrace -source cell3.tcl


****** Vivado v2016.3 (64-bit)
  **** SW Build 1682563 on Mon Oct 10 19:07:27 MDT 2016
  **** IP Build 1681267 on Mon Oct 10 21:28:31 MDT 2016
    ** Copyright 1986-2016 Xilinx, Inc. All Rights Reserved.

source cell3.tcl -notrace
Starting RTL Elaboration : Time (s): cpu = 00:00:11 ; elapsed = 00:00:15 . Memory (MB): peak = 308.965 ; gain = 99.199
INFO: [Synth 8-638] synthesizing module 'cell3' [d:/Users/Shana/Desktop/vivado/NestGather/NestGather.srcs/sources_1/ip/cell3/synth/cell3.vhd:67]
INFO: [Synth 8-256] done synthesizing module 'cell3' (9#1) [d:/Users/Shana/Desktop/vivado/NestGather/NestGather.srcs/sources_1/ip/cell3/synth/cell3.vhd:67]
Finished RTL Elaboration : Time (s): cpu = 00:01:05 ; elapsed = 00:01:12 . Memory (MB): peak = 507.293 ; gain = 297.527
Finished RTL Optimization Phase 1 : Time (s): cpu = 00:01:05 ; elapsed = 00:01:12 . Memory (MB): peak = 507.293 ; gain = 297.527
INFO: [Device 21-403] Loading part xc7k160tfbg676-2L
Constraint Validation Runtime : Time (s): cpu = 00:00:00 ; elapsed = 00:00:00.031 . Memory (MB): peak = 594.926 ; gain = 0.000
Finished Constraint Validation : Time (s): cpu = 00:01:19 ; elapsed = 00:01:27 . Memory (MB): peak = 594.926 ; gain = 385.160
Finished Loading Part and Timing Information : Time (s): cpu = 00:01:19 ; elapsed = 00:01:27 . Memory (MB): peak = 594.926 ; gain = 385.160
Finished applying 'set_property' XDC Constraints : Time (s): cpu = 00:01:19 ; elapsed = 00:01:28 . Memory (MB): peak = 594.926 ; gain = 385.160
Finished RTL Optimization Phase 2 : Time (s): cpu = 00:01:19 ; elapsed = 00:01:28 . Memory (MB): peak = 594.926 ; gain = 385.160
Finished Cross Boundary and Area Optimization : Time (s): cpu = 00:01:19 ; elapsed = 00:01:28 . Memory (MB): peak = 594.926 ; gain = 385.160
Finished Applying XDC Timing Constraints : Time (s): cpu = 00:01:32 ; elapsed = 00:01:41 . Memory (MB): peak = 609.063 ; gain = 399.297
Finished Timing Optimization : Time (s): cpu = 00:01:32 ; elapsed = 00:01:41 . Memory (MB): peak = 609.063 ; gain = 399.297
Finished Technology Mapping : Time (s): cpu = 00:01:32 ; elapsed = 00:01:41 . Memory (MB): peak = 619.727 ; gain = 409.961
Finished IO Insertion : Time (s): cpu = 00:01:33 ; elapsed = 00:01:42 . Memory (MB): peak = 619.727 ; gain = 409.961
Finished Renaming Generated Instances : Time (s): cpu = 00:01:33 ; elapsed = 00:01:42 . Memory (MB): peak = 619.727 ; gain = 409.961
Finished Rebuilding User Hierarchy : Time (s): cpu = 00:01:33 ; elapsed = 00:01:42 . Memory (MB): peak = 619.727 ; gain = 409.961
Finished Renaming Generated Ports : Time (s): cpu = 00:01:33 ; elapsed = 00:01:42 . Memory (MB): peak = 619.727 ; gain = 409.961
Finished Handling Custom Attributes : Time (s): cpu = 00:01:33 ; elapsed = 00:01:42 . Memory (MB): peak = 619.727 ; gain = 409.961
Finished Renaming Generated Nets : Time (s): cpu = 00:01:33 ; elapsed = 00:01:42 . Memory (MB): peak = 619.727 ; gain = 409.961

Report Cell Usage: 
+------+---------+------+
|      |Cell     |Count |
+------+---------+------+
|1     |RAMB18E1 |     1|
|2     |RAMB36E1 |     1|
+------+---------+------+
Finished Writing Synthesis Report : Time (s): cpu = 00:01:33 ; elapsed = 00:01:42 . Memory (MB): peak = 619.727 ; gain = 409.961
synth_design: Time (s): cpu = 00:01:31 ; elapsed = 00:01:37 . Memory (MB): peak = 650.359 ; gain = 419.242
