
*** Running vivado
    with args -log cell4.vds -m64 -product Vivado -mode batch -messageDb vivado.pb -notrace -source cell4.tcl


****** Vivado v2016.3 (64-bit)
  **** SW Build 1682563 on Mon Oct 10 19:07:27 MDT 2016
  **** IP Build 1681267 on Mon Oct 10 21:28:31 MDT 2016
    ** Copyright 1986-2016 Xilinx, Inc. All Rights Reserved.

source cell4.tcl -notrace
Starting RTL Elaboration : Time (s): cpu = 00:00:11 ; elapsed = 00:00:15 . Memory (MB): peak = 308.406 ; gain = 98.270
INFO: [Synth 8-638] synthesizing module 'cell4' [d:/Users/Shana/Desktop/vivado/NestGather/NestGather.srcs/sources_1/ip/cell4/synth/cell4.vhd:67]
INFO: [Synth 8-256] done synthesizing module 'cell4' (9#1) [d:/Users/Shana/Desktop/vivado/NestGather/NestGather.srcs/sources_1/ip/cell4/synth/cell4.vhd:67]
Finished RTL Elaboration : Time (s): cpu = 00:01:06 ; elapsed = 00:01:13 . Memory (MB): peak = 507.734 ; gain = 297.598
Finished RTL Optimization Phase 1 : Time (s): cpu = 00:01:06 ; elapsed = 00:01:13 . Memory (MB): peak = 507.734 ; gain = 297.598
INFO: [Device 21-403] Loading part xc7k160tfbg676-2L
Constraint Validation Runtime : Time (s): cpu = 00:00:00 ; elapsed = 00:00:00.032 . Memory (MB): peak = 594.582 ; gain = 0.000
Finished Constraint Validation : Time (s): cpu = 00:01:20 ; elapsed = 00:01:28 . Memory (MB): peak = 594.582 ; gain = 384.445
Finished Loading Part and Timing Information : Time (s): cpu = 00:01:20 ; elapsed = 00:01:28 . Memory (MB): peak = 594.582 ; gain = 384.445
Finished applying 'set_property' XDC Constraints : Time (s): cpu = 00:01:20 ; elapsed = 00:01:28 . Memory (MB): peak = 594.582 ; gain = 384.445
Finished RTL Optimization Phase 2 : Time (s): cpu = 00:01:20 ; elapsed = 00:01:28 . Memory (MB): peak = 594.582 ; gain = 384.445
Finished Cross Boundary and Area Optimization : Time (s): cpu = 00:01:20 ; elapsed = 00:01:29 . Memory (MB): peak = 594.582 ; gain = 384.445
Finished Applying XDC Timing Constraints : Time (s): cpu = 00:01:34 ; elapsed = 00:01:42 . Memory (MB): peak = 609.309 ; gain = 399.172
Finished Timing Optimization : Time (s): cpu = 00:01:34 ; elapsed = 00:01:42 . Memory (MB): peak = 609.309 ; gain = 399.172
Finished Technology Mapping : Time (s): cpu = 00:01:34 ; elapsed = 00:01:42 . Memory (MB): peak = 619.004 ; gain = 408.867
Finished IO Insertion : Time (s): cpu = 00:01:34 ; elapsed = 00:01:43 . Memory (MB): peak = 619.004 ; gain = 408.867
Finished Renaming Generated Instances : Time (s): cpu = 00:01:34 ; elapsed = 00:01:43 . Memory (MB): peak = 619.004 ; gain = 408.867
Finished Rebuilding User Hierarchy : Time (s): cpu = 00:01:34 ; elapsed = 00:01:43 . Memory (MB): peak = 619.004 ; gain = 408.867
Finished Renaming Generated Ports : Time (s): cpu = 00:01:34 ; elapsed = 00:01:43 . Memory (MB): peak = 619.004 ; gain = 408.867
Finished Handling Custom Attributes : Time (s): cpu = 00:01:34 ; elapsed = 00:01:43 . Memory (MB): peak = 619.004 ; gain = 408.867
Finished Renaming Generated Nets : Time (s): cpu = 00:01:34 ; elapsed = 00:01:43 . Memory (MB): peak = 619.004 ; gain = 408.867

Report Cell Usage: 
+------+---------+------+
|      |Cell     |Count |
+------+---------+------+
|1     |RAMB18E1 |     1|
|2     |RAMB36E1 |     1|
+------+---------+------+
Finished Writing Synthesis Report : Time (s): cpu = 00:01:34 ; elapsed = 00:01:43 . Memory (MB): peak = 619.004 ; gain = 408.867
synth_design: Time (s): cpu = 00:01:32 ; elapsed = 00:01:37 . Memory (MB): peak = 650.668 ; gain = 420.336
