
*** Running vivado
    with args -log RAM_B.vds -m64 -product Vivado -mode batch -messageDb vivado.pb -notrace -source RAM_B.tcl


****** Vivado v2017.3 (64-bit)
  **** SW Build 2018833 on Wed Oct  4 19:58:07 MDT 2017
  **** IP Build 2016188 on Wed Oct  4 21:52:56 MDT 2017
    ** Copyright 1986-2017 Xilinx, Inc. All Rights Reserved.

source RAM_B.tcl -notrace
Starting RTL Elaboration : Time (s): cpu = 00:00:14 ; elapsed = 00:00:22 . Memory (MB): peak = 1264.027 ; gain = 76.000 ; free physical = 1539 ; free virtual = 24106
INFO: [Synth 8-638] synthesizing module 'RAM_B' [/home/lovesy/Documents/Learning/CA/EXP5_Vivado/EXP5_Vivado.srcs/sources_1/ip/RAM_B/synth/RAM_B.vhd:71]
INFO: [Synth 8-256] done synthesizing module 'RAM_B' (9#1) [/home/lovesy/Documents/Learning/CA/EXP5_Vivado/EXP5_Vivado.srcs/sources_1/ip/RAM_B/synth/RAM_B.vhd:71]
Finished RTL Elaboration : Time (s): cpu = 00:01:55 ; elapsed = 00:02:12 . Memory (MB): peak = 1468.176 ; gain = 280.148 ; free physical = 1512 ; free virtual = 24081
Finished RTL Optimization Phase 1 : Time (s): cpu = 00:01:55 ; elapsed = 00:02:12 . Memory (MB): peak = 1468.176 ; gain = 280.148 ; free physical = 1517 ; free virtual = 24086
INFO: [Device 21-403] Loading part xc7k325tffg676-2L
Constraint Validation Runtime : Time (s): cpu = 00:00:00 ; elapsed = 00:00:00.01 . Memory (MB): peak = 1635.230 ; gain = 0.000 ; free physical = 1233 ; free virtual = 23802
Finished Constraint Validation : Time (s): cpu = 00:02:20 ; elapsed = 00:02:54 . Memory (MB): peak = 1635.230 ; gain = 447.203 ; free physical = 1310 ; free virtual = 23881
Finished Loading Part and Timing Information : Time (s): cpu = 00:02:20 ; elapsed = 00:02:54 . Memory (MB): peak = 1635.230 ; gain = 447.203 ; free physical = 1310 ; free virtual = 23881
Finished applying 'set_property' XDC Constraints : Time (s): cpu = 00:02:20 ; elapsed = 00:02:54 . Memory (MB): peak = 1635.230 ; gain = 447.203 ; free physical = 1313 ; free virtual = 23883
Finished RTL Optimization Phase 2 : Time (s): cpu = 00:02:20 ; elapsed = 00:02:54 . Memory (MB): peak = 1635.230 ; gain = 447.203 ; free physical = 1304 ; free virtual = 23875
Finished Cross Boundary and Area Optimization : Time (s): cpu = 00:02:20 ; elapsed = 00:02:54 . Memory (MB): peak = 1635.230 ; gain = 447.203 ; free physical = 1304 ; free virtual = 23875
Finished Applying XDC Timing Constraints : Time (s): cpu = 00:02:30 ; elapsed = 00:03:07 . Memory (MB): peak = 1639.215 ; gain = 451.188 ; free physical = 1180 ; free virtual = 23749
Finished Timing Optimization : Time (s): cpu = 00:02:30 ; elapsed = 00:03:07 . Memory (MB): peak = 1639.215 ; gain = 451.188 ; free physical = 1180 ; free virtual = 23749
Finished Technology Mapping : Time (s): cpu = 00:02:30 ; elapsed = 00:03:07 . Memory (MB): peak = 1649.230 ; gain = 461.203 ; free physical = 1179 ; free virtual = 23748
Finished IO Insertion : Time (s): cpu = 00:02:30 ; elapsed = 00:03:07 . Memory (MB): peak = 1649.230 ; gain = 461.203 ; free physical = 1179 ; free virtual = 23748
Finished Renaming Generated Instances : Time (s): cpu = 00:02:30 ; elapsed = 00:03:07 . Memory (MB): peak = 1649.230 ; gain = 461.203 ; free physical = 1179 ; free virtual = 23748
Finished Rebuilding User Hierarchy : Time (s): cpu = 00:02:30 ; elapsed = 00:03:07 . Memory (MB): peak = 1649.230 ; gain = 461.203 ; free physical = 1179 ; free virtual = 23748
Finished Renaming Generated Ports : Time (s): cpu = 00:02:30 ; elapsed = 00:03:07 . Memory (MB): peak = 1649.230 ; gain = 461.203 ; free physical = 1179 ; free virtual = 23748
Finished Handling Custom Attributes : Time (s): cpu = 00:02:30 ; elapsed = 00:03:07 . Memory (MB): peak = 1649.230 ; gain = 461.203 ; free physical = 1179 ; free virtual = 23748
Finished Renaming Generated Nets : Time (s): cpu = 00:02:30 ; elapsed = 00:03:07 . Memory (MB): peak = 1649.230 ; gain = 461.203 ; free physical = 1179 ; free virtual = 23748

Report Cell Usage: 
+------+---------+------+
|      |Cell     |Count |
+------+---------+------+
|1     |RAMB36E1 |     1|
+------+---------+------+
Finished Writing Synthesis Report : Time (s): cpu = 00:02:30 ; elapsed = 00:03:07 . Memory (MB): peak = 1649.230 ; gain = 461.203 ; free physical = 1179 ; free virtual = 23748
synth_design: Time (s): cpu = 00:02:32 ; elapsed = 00:03:09 . Memory (MB): peak = 1659.230 ; gain = 492.578 ; free physical = 1222 ; free virtual = 23793
