#-----------------------------------------------------------
# Vivado v2017.3 (64-bit)
# SW Build 2018833 on Wed Oct  4 19:58:22 MDT 2017
# IP Build 2016188 on Wed Oct  4 21:52:56 MDT 2017
# Start of session at: Tue Oct 24 08:12:40 2017
# Process ID: 8704
# Current directory: E:/Learning/CA/EXP1_vivado
# Command line: vivado.exe -gui_launcher_event rodinguilauncherevent17840 E:\Learning\CA\EXP1_vivado\EXP1.xpr
# Log file: E:/Learning/CA/EXP1_vivado/vivado.log
# Journal file: E:/Learning/CA/EXP1_vivado\vivado.jou
#-----------------------------------------------------------
start_gui
open_project E:/Learning/CA/EXP1_vivado/EXP1.xpr
Scanning sources...
Finished scanning sources
INFO: [IP_Flow 19-234] Refreshing IP repositories
INFO: [IP_Flow 19-1704] No user IP repositories specified
INFO: [Common 17-41] Interrupt caught. Command should exit soon.
INFO: [IP_Flow 19-2313] Loaded Vivado IP repository 'D:/Tools/XILINX/Vivado/2017.3/data/ip'.
INFO: [Common 17-344] 'open_project' was cancelled
exit
INFO: [Common 17-206] Exitisave_project_as EXP2_vivado E:/Learning/CA/EXP2_vivado -force
close [ open E:/Learning/CA/EXP2_vivado/EXP2_vivado.srcs/sources_1/new/IF_Stage.v w ]
add_files E:/Learning/CA/EXP2_vivado/EXP2_vivado.srcs/sources_1/new/IF_Stage.v
update_compile_order -fileset sources_1
close [ open E:/Learning/CA/EXP2_vivado/EXP2_vivado.srcs/sources_1/new/ID_Stage.v w ]
add_files E:/Learning/CA/EXP2_vivado/EXP2_vivado.srcs/sources_1/new/ID_Stage.v
update_compile_order -fileset sources_1
update_compile_order -fileset sources_1
exit
INFO: [Common 17-206] Exiting Vivado at Tue Oct 24 10:44:37 2017...
