Copyright 1986-2017 Xilinx, Inc. All Rights Reserved.
------------------------------------------------------------------------------------
| Tool Version : Vivado v.2017.3 (win64) Build 2018833 Wed Oct  4 19:58:22 MDT 2017
| Date         : Sun Nov 12 05:32:48 2017
| Host         : Shana-Laptop running 64-bit major release  (build 9200)
| Command      : report_control_sets -file Main_control_sets_placed.rpt
| Design       : Main
| Device       : xc7k325t
------------------------------------------------------------------------------------

Control Set Information

Table of Contents
-----------------
1. Summary
2. Flip-Flop Distribution

1. Summary
----------

+-------------------------------+-------+
|             Status            | Count |
+-------------------------------+-------+
| Number of unique control sets |    67 |
+-------------------------------+-------+


2. Flip-Flop Distribution
-------------------------

+--------------+-----------------------+------------------------+-----------------+--------------+
| Clock Enable | Synchronous Set/Reset | Asynchronous Set/Reset | Total Registers | Total Slices |
+--------------+-----------------------+------------------------+-----------------+--------------+
| No           | No                    | No                     |             202 |           93 |
| No           | No                    | Yes                    |             362 |          116 |
| No           | Yes                   | No                     |              22 |            8 |
| Yes          | No                    | No                     |              28 |           12 |
| Yes          | No                    | Yes                    |            1121 |          633 |
| Yes          | Yes                   | No                     |              29 |            9 |
+--------------+-----------------------+------------------------+-----------------+--------------+


