
*** Running vivado
    with args -log cell1.vds -m64 -product Vivado -mode batch -messageDb vivado.pb -notrace -source cell1.tcl


****** Vivado v2016.3 (64-bit)
  **** SW Build 1682563 on Mon Oct 10 19:07:27 MDT 2016
  **** IP Build 1681267 on Mon Oct 10 21:28:31 MDT 2016
    ** Copyright 1986-2016 Xilinx, Inc. All Rights Reserved.

source cell1.tcl -notrace
Starting RTL Elaboration : Time (s): cpu = 00:00:11 ; elapsed = 00:00:17 . Memory (MB): peak = 308.613 ; gain = 98.543
INFO: [Synth 8-638] synthesizing module 'cell1' [d:/Users/Shana/Desktop/vivado/NestGather/NestGather.srcs/sources_1/ip/cell1/synth/cell1.vhd:67]
INFO: [Synth 8-256] done synthesizing module 'cell1' (9#1) [d:/Users/Shana/Desktop/vivado/NestGather/NestGather.srcs/sources_1/ip/cell1/synth/cell1.vhd:67]
Finished RTL Elaboration : Time (s): cpu = 00:01:11 ; elapsed = 00:01:20 . Memory (MB): peak = 507.848 ; gain = 297.777
Finished RTL Optimization Phase 1 : Time (s): cpu = 00:01:12 ; elapsed = 00:01:20 . Memory (MB): peak = 507.848 ; gain = 297.777
INFO: [Device 21-403] Loading part xc7k160tfbg676-2L
Constraint Validation Runtime : Time (s): cpu = 00:00:00 ; elapsed = 00:00:00.031 . Memory (MB): peak = 594.336 ; gain = 0.000
Finished Constraint Validation : Time (s): cpu = 00:01:25 ; elapsed = 00:01:35 . Memory (MB): peak = 594.336 ; gain = 384.266
Finished Loading Part and Timing Information : Time (s): cpu = 00:01:25 ; elapsed = 00:01:35 . Memory (MB): peak = 594.336 ; gain = 384.266
Finished applying 'set_property' XDC Constraints : Time (s): cpu = 00:01:25 ; elapsed = 00:01:35 . Memory (MB): peak = 594.336 ; gain = 384.266
Finished RTL Optimization Phase 2 : Time (s): cpu = 00:01:25 ; elapsed = 00:01:36 . Memory (MB): peak = 594.336 ; gain = 384.266
Finished Cross Boundary and Area Optimization : Time (s): cpu = 00:01:26 ; elapsed = 00:01:36 . Memory (MB): peak = 594.336 ; gain = 384.266
Finished Applying XDC Timing Constraints : Time (s): cpu = 00:01:38 ; elapsed = 00:01:49 . Memory (MB): peak = 609.117 ; gain = 399.047
Finished Timing Optimization : Time (s): cpu = 00:01:38 ; elapsed = 00:01:49 . Memory (MB): peak = 609.117 ; gain = 399.047
Finished Technology Mapping : Time (s): cpu = 00:01:38 ; elapsed = 00:01:49 . Memory (MB): peak = 619.789 ; gain = 409.719
Finished IO Insertion : Time (s): cpu = 00:01:39 ; elapsed = 00:01:50 . Memory (MB): peak = 619.789 ; gain = 409.719
Finished Renaming Generated Instances : Time (s): cpu = 00:01:39 ; elapsed = 00:01:50 . Memory (MB): peak = 619.789 ; gain = 409.719
Finished Rebuilding User Hierarchy : Time (s): cpu = 00:01:39 ; elapsed = 00:01:50 . Memory (MB): peak = 619.789 ; gain = 409.719
Finished Renaming Generated Ports : Time (s): cpu = 00:01:39 ; elapsed = 00:01:50 . Memory (MB): peak = 619.789 ; gain = 409.719
Finished Handling Custom Attributes : Time (s): cpu = 00:01:39 ; elapsed = 00:01:50 . Memory (MB): peak = 619.789 ; gain = 409.719
Finished Renaming Generated Nets : Time (s): cpu = 00:01:39 ; elapsed = 00:01:50 . Memory (MB): peak = 619.789 ; gain = 409.719

Report Cell Usage: 
+------+---------+------+
|      |Cell     |Count |
+------+---------+------+
|1     |RAMB18E1 |     1|
|2     |RAMB36E1 |     1|
+------+---------+------+
Finished Writing Synthesis Report : Time (s): cpu = 00:01:39 ; elapsed = 00:01:50 . Memory (MB): peak = 619.789 ; gain = 409.719
synth_design: Time (s): cpu = 00:01:37 ; elapsed = 00:01:43 . Memory (MB): peak = 650.414 ; gain = 419.859
