Running: D:\Tools\Xilinx\14.7\ISE_DS\ISE\bin\nt64\unwrapped\fuse.exe -intstyle ise -incremental -lib unisims_ver -lib unimacro_ver -lib xilinxcorelib_ver -lib secureip -o F:/3150101155/Locker/D_EN_D_EN_sch_tb_isim_beh.exe -prj F:/3150101155/Locker/D_EN_D_EN_sch_tb_beh.prj work.D_EN_D_EN_sch_tb work.glbl 
ISim P.20131013 (signature 0x7708f090)
Number of CPUs detected in this system: 4
Turning on mult-threading, number of parallel sub-compilation jobs: 8 
Determining compilation order of HDL files
Analyzing Verilog file "F:/3150101155/Locker/RS_NAND.vf" into library work
Analyzing Verilog file "F:/3150101155/Locker/RS_EN.vf" into library work
Analyzing Verilog file "F:/3150101155/Locker/D_EN.vf" into library work
Analyzing Verilog file "F:/3150101155/Locker/D_EN_test.v" into library work
Analyzing Verilog file "D:/Tools/Xilinx/14.7/ISE_DS/ISE//verilog/src/glbl.v" into library work
Starting static elaboration
Completed static elaboration
Compiling module NAND2
Compiling module RS_NAND_MUSER_D_EN
Compiling module RS_EN_MUSER_D_EN
Compiling module INV
Compiling module D_EN
Compiling module D_EN_D_EN_sch_tb
Compiling module glbl
Time Resolution for simulation is 1ps.
Waiting for 1 sub-compilation(s) to finish...
Compiled 7 Verilog Units
Built simulation executable F:/3150101155/Locker/D_EN_D_EN_sch_tb_isim_beh.exe
Fuse Memory Usage: 27776 KB
Fuse CPU Usage: 577 ms
