INFO: [VRFC 10-2263] Analyzing Verilog file "D:/Users/Shana/Desktop/vivado/NestGather/NestGather.srcs/sources_1/ip/winprompt/sim/winprompt.v" into library xil_defaultlib
INFO: [VRFC 10-311] analyzing module winprompt
INFO: [VRFC 10-2263] Analyzing Verilog file "D:/Users/Shana/Desktop/vivado/NestGather/NestGather.srcs/sources_1/ip/overprompt/sim/overprompt.v" into library xil_defaultlib
INFO: [VRFC 10-311] analyzing module overprompt
INFO: [VRFC 10-2263] Analyzing Verilog file "D:/Users/Shana/Desktop/vivado/NestGather/NestGather.srcs/sources_1/ip/startscreen/sim/startscreen.v" into library xil_defaultlib
INFO: [VRFC 10-311] analyzing module startscreen
INFO: [VRFC 10-2263] Analyzing Verilog file "D:/Users/Shana/Desktop/vivado/NestGather/NestGather.srcs/sources_1/new/tocell.v" into library xil_defaultlib
INFO: [VRFC 10-311] analyzing module tocell
INFO: [VRFC 10-2263] Analyzing Verilog file "D:/Users/Shana/Desktop/vivado/NestGather/NestGather.srcs/sources_1/imports/new/chnest.v" into library xil_defaultlib
INFO: [VRFC 10-311] analyzing module chnest
INFO: [VRFC 10-2263] Analyzing Verilog file "D:/Users/Shana/Desktop/vivado/NestGather/NestGather.srcs/sources_1/new/initialNest.v" into library xil_defaultlib
INFO: [VRFC 10-311] analyzing module initialNest
INFO: [VRFC 10-2263] Analyzing Verilog file "D:/Users/Shana/Desktop/vivado/NestGather/NestGather.srcs/sources_1/new/nestDisp.v" into library xil_defaultlib
INFO: [VRFC 10-311] analyzing module nestDisp
INFO: [VRFC 10-2263] Analyzing Verilog file "D:/Users/Shana/Desktop/vivado/NestGather/NestGather.srcs/sources_1/imports/new/vgaSync.v" into library xil_defaultlib
INFO: [VRFC 10-311] analyzing module vgaSync
INFO: [VRFC 10-2263] Analyzing Verilog file "D:/Users/Shana/Desktop/vivado/NestGather/NestGather.srcs/sources_1/new/mouseDisp.v" into library xil_defaultlib
INFO: [VRFC 10-311] analyzing module mouseDisp
INFO: [VRFC 10-2263] Analyzing Verilog file "D:/Users/Shana/Desktop/vivado/NestGather/NestGather.srcs/sources_1/imports/new/clkdiv.v" into library xil_defaultlib
INFO: [VRFC 10-311] analyzing module clkdiv
INFO: [VRFC 10-2263] Analyzing Verilog file "D:/Users/Shana/Desktop/vivado/NestGather/NestGather.srcs/sources_1/imports/new/readMouse.v" into library xil_defaultlib
INFO: [VRFC 10-311] analyzing module readMouse
INFO: [VRFC 10-2263] Analyzing Verilog file "D:/Users/Shana/Desktop/vivado/NestGather/NestGather.srcs/sources_1/imports/new/initMouse.v" into library xil_defaultlib
INFO: [VRFC 10-311] analyzing module initMouse
INFO: [VRFC 10-2263] Analyzing Verilog file "D:/Users/Shana/Desktop/vivado/NestGather/NestGather.srcs/sources_1/new/mode.v" into library xil_defaultlib
INFO: [VRFC 10-311] analyzing module mode
INFO: [VRFC 10-2263] Analyzing Verilog file "D:/Users/Shana/Desktop/vivado/NestGather/NestGather.srcs/sources_1/new/display.v" into library xil_defaultlib
INFO: [VRFC 10-311] analyzing module display
INFO: [VRFC 10-2263] Analyzing Verilog file "D:/Users/Shana/Desktop/vivado/NestGather/NestGather.srcs/sources_1/imports/new/PS2Mouse.v" into library xil_defaultlib
INFO: [VRFC 10-311] analyzing module PS2Mouse
INFO: [VRFC 10-2263] Analyzing Verilog file "D:/Users/Shana/Desktop/vivado/NestGather/NestGather.srcs/sources_1/new/Main.v" into library xil_defaultlib
INFO: [VRFC 10-311] analyzing module Main
INFO: [VRFC 10-2263] Analyzing Verilog file "D:/Users/Shana/Desktop/vivado/NestGather/NestGather.srcs/sources_1/new/nest.v" into library xil_defaultlib
INFO: [VRFC 10-311] analyzing module nest
INFO: [VRFC 10-2263] Analyzing Verilog file "D:/Users/Shana/Desktop/vivado/NestGather/NestGather.srcs/sources_1/new/random.v" into library xil_defaultlib
INFO: [VRFC 10-311] analyzing module random
INFO: [VRFC 10-2263] Analyzing Verilog file "D:/Users/Shana/Desktop/vivado/NestGather/NestGather.srcs/sources_1/new/aroundCell.v" into library xil_defaultlib
INFO: [VRFC 10-311] analyzing module aroundCell
INFO: [VRFC 10-2263] Analyzing Verilog file "D:/Users/Shana/Desktop/vivado/NestGather/NestGather.srcs/sources_1/ip/mouse/sim/mouse.v" into library xil_defaultlib
INFO: [VRFC 10-311] analyzing module mouse
INFO: [VRFC 10-2263] Analyzing Verilog file "D:/Users/Shana/Desktop/vivado/NestGather/NestGather.srcs/sources_1/imports/new/addMap.v" into library xil_defaultlib
INFO: [VRFC 10-311] analyzing module addMap
INFO: [VRFC 10-2263] Analyzing Verilog file "D:/Users/Shana/Desktop/vivado/NestGather/NestGather.srcs/sources_1/new/bcd2seg.v" into library xil_defaultlib
INFO: [VRFC 10-311] analyzing module bcd2seg
INFO: [VRFC 10-2263] Analyzing Verilog file "D:/Users/Shana/Desktop/vivado/NestGather/NestGather.srcs/sources_1/new/startgame.v" into library xil_defaultlib
INFO: [VRFC 10-311] analyzing module startgame
INFO: [VRFC 10-2263] Analyzing Verilog file "D:/Users/Shana/Desktop/vivado/NestGather/NestGather.srcs/sources_1/new/endgame.v" into library xil_defaultlib
INFO: [VRFC 10-311] analyzing module endgame
INFO: [VRFC 10-2263] Analyzing Verilog file "D:/Users/Shana/Desktop/vivado/NestGather/NestGather.srcs/sources_1/new/prompt.v" into library xil_defaultlib
INFO: [VRFC 10-311] analyzing module prompt
INFO: [VRFC 10-2263] Analyzing Verilog file "D:/Users/Shana/Desktop/vivado/NestGather/NestGather.srcs/sources_1/imports/sources_1/clk_1ms.v" into library xil_defaultlib
INFO: [VRFC 10-311] analyzing module clk_1ms
INFO: [VRFC 10-2263] Analyzing Verilog file "D:/Users/Shana/Desktop/vivado/NestGather/NestGather.srcs/sources_1/imports/sources_1/count_60.v" into library xil_defaultlib
INFO: [VRFC 10-311] analyzing module count_60
INFO: [VRFC 10-2263] Analyzing Verilog file "D:/Users/Shana/Desktop/vivado/NestGather/NestGather.srcs/sources_1/imports/sources_1/ms_1000.v" into library xil_defaultlib
INFO: [VRFC 10-311] analyzing module ms_1000
INFO: [VRFC 10-2263] Analyzing Verilog file "D:/Users/Shana/Desktop/vivado/NestGather/NestGather.srcs/sources_1/new/bcd28seg.v" into library xil_defaultlib
INFO: [VRFC 10-311] analyzing module bcd28seg
INFO: [VRFC 10-2263] Analyzing Verilog file "D:/Users/Shana/Desktop/vivado/NestGather/NestGather.srcs/sources_1/new/segdisp.v" into library xil_defaultlib
INFO: [VRFC 10-311] analyzing module segdisp
INFO: [VRFC 10-2263] Analyzing Verilog file "D:/Users/Shana/Desktop/vivado/NestGather/NestGather.srcs/sources_1/imports/sources_1/P2S_IO.v" into library xil_defaultlib
INFO: [VRFC 10-311] analyzing module P2S
WARNING: [VRFC 10-756] identifier DATA_BITS is used before its declaration [D:/Users/Shana/Desktop/vivado/NestGather/NestGather.srcs/sources_1/imports/sources_1/P2S_IO.v:24]
INFO: [VRFC 10-2263] Analyzing Verilog file "D:/Users/Shana/Desktop/vivado/NestGather/NestGather.srcs/sources_1/new/tone.v" into library xil_defaultlib
INFO: [VRFC 10-311] analyzing module tone
INFO: [VRFC 10-2263] Analyzing Verilog file "D:/Users/Shana/Desktop/vivado/NestGather/NestGather.srcs/sim_1/new/mouseDisp_test.v" into library xil_defaultlib
INFO: [VRFC 10-311] analyzing module mouseDisp_test
INFO: [VRFC 10-2263] Analyzing Verilog file "D:/Users/Shana/Desktop/vivado/NestGather/NestGather.srcs/sim_1/new/vga_test.v" into library xil_defaultlib
INFO: [VRFC 10-311] analyzing module vga_test
INFO: [VRFC 10-2263] Analyzing Verilog file "D:/Users/Shana/Desktop/vivado/NestGather/NestGather.srcs/sim_1/new/nest_test.v" into library xil_defaultlib
INFO: [VRFC 10-311] analyzing module nest_test
INFO: [VRFC 10-2263] Analyzing Verilog file "D:/Users/Shana/Desktop/vivado/NestGather/NestGather.sim/sim_1/behav/glbl.v" into library xil_defaultlib
INFO: [VRFC 10-311] analyzing module glbl
