
*** Running vivado
    with args -log RAM_B.vds -m64 -product Vivado -mode batch -messageDb vivado.pb -notrace -source RAM_B.tcl


****** Vivado v2017.3 (64-bit)
  **** SW Build 2018833 on Wed Oct  4 19:58:07 MDT 2017
  **** IP Build 2016188 on Wed Oct  4 21:52:56 MDT 2017
    ** Copyright 1986-2017 Xilinx, Inc. All Rights Reserved.

source RAM_B.tcl -notrace
Starting RTL Elaboration : Time (s): cpu = 00:00:13 ; elapsed = 00:00:22 . Memory (MB): peak = 1264.020 ; gain = 76.000 ; free physical = 3740 ; free virtual = 26243
INFO: [Synth 8-638] synthesizing module 'RAM_B' [/home/lovesy/Documents/Learning/CA/EXP5_Vivado/EXP5_Vivado.srcs/sources_1/ip/RAM_B/synth/RAM_B.vhd:71]
INFO: [Synth 8-256] done synthesizing module 'RAM_B' (9#1) [/home/lovesy/Documents/Learning/CA/EXP5_Vivado/EXP5_Vivado.srcs/sources_1/ip/RAM_B/synth/RAM_B.vhd:71]
Finished RTL Elaboration : Time (s): cpu = 00:01:53 ; elapsed = 00:02:09 . Memory (MB): peak = 1468.168 ; gain = 280.148 ; free physical = 3721 ; free virtual = 26225
Finished RTL Optimization Phase 1 : Time (s): cpu = 00:01:53 ; elapsed = 00:02:09 . Memory (MB): peak = 1468.168 ; gain = 280.148 ; free physical = 3724 ; free virtual = 26227
INFO: [Device 21-403] Loading part xc7k325tffg676-2L
Constraint Validation Runtime : Time (s): cpu = 00:00:00.01 ; elapsed = 00:00:00 . Memory (MB): peak = 1635.223 ; gain = 0.000 ; free physical = 3432 ; free virtual = 25936
Finished Constraint Validation : Time (s): cpu = 00:02:17 ; elapsed = 00:02:50 . Memory (MB): peak = 1635.223 ; gain = 447.203 ; free physical = 3519 ; free virtual = 26022
Finished Loading Part and Timing Information : Time (s): cpu = 00:02:17 ; elapsed = 00:02:50 . Memory (MB): peak = 1635.223 ; gain = 447.203 ; free physical = 3519 ; free virtual = 26022
Finished applying 'set_property' XDC Constraints : Time (s): cpu = 00:02:17 ; elapsed = 00:02:50 . Memory (MB): peak = 1635.223 ; gain = 447.203 ; free physical = 3521 ; free virtual = 26024
Finished RTL Optimization Phase 2 : Time (s): cpu = 00:02:18 ; elapsed = 00:02:50 . Memory (MB): peak = 1635.223 ; gain = 447.203 ; free physical = 3513 ; free virtual = 26016
Finished Cross Boundary and Area Optimization : Time (s): cpu = 00:02:18 ; elapsed = 00:02:51 . Memory (MB): peak = 1635.223 ; gain = 447.203 ; free physical = 3513 ; free virtual = 26016
Finished Applying XDC Timing Constraints : Time (s): cpu = 00:02:27 ; elapsed = 00:03:03 . Memory (MB): peak = 1639.207 ; gain = 451.188 ; free physical = 3389 ; free virtual = 25892
Finished Timing Optimization : Time (s): cpu = 00:02:27 ; elapsed = 00:03:03 . Memory (MB): peak = 1639.207 ; gain = 451.188 ; free physical = 3388 ; free virtual = 25892
Finished Technology Mapping : Time (s): cpu = 00:02:27 ; elapsed = 00:03:03 . Memory (MB): peak = 1649.223 ; gain = 461.203 ; free physical = 3388 ; free virtual = 25891
Finished IO Insertion : Time (s): cpu = 00:02:28 ; elapsed = 00:03:03 . Memory (MB): peak = 1649.223 ; gain = 461.203 ; free physical = 3388 ; free virtual = 25891
Finished Renaming Generated Instances : Time (s): cpu = 00:02:28 ; elapsed = 00:03:03 . Memory (MB): peak = 1649.223 ; gain = 461.203 ; free physical = 3388 ; free virtual = 25891
Finished Rebuilding User Hierarchy : Time (s): cpu = 00:02:28 ; elapsed = 00:03:03 . Memory (MB): peak = 1649.223 ; gain = 461.203 ; free physical = 3388 ; free virtual = 25891
Finished Renaming Generated Ports : Time (s): cpu = 00:02:28 ; elapsed = 00:03:03 . Memory (MB): peak = 1649.223 ; gain = 461.203 ; free physical = 3388 ; free virtual = 25891
Finished Handling Custom Attributes : Time (s): cpu = 00:02:28 ; elapsed = 00:03:03 . Memory (MB): peak = 1649.223 ; gain = 461.203 ; free physical = 3388 ; free virtual = 25891
Finished Renaming Generated Nets : Time (s): cpu = 00:02:28 ; elapsed = 00:03:03 . Memory (MB): peak = 1649.223 ; gain = 461.203 ; free physical = 3388 ; free virtual = 25891

Report Cell Usage: 
+------+---------+------+
|      |Cell     |Count |
+------+---------+------+
|1     |RAMB36E1 |     1|
+------+---------+------+
Finished Writing Synthesis Report : Time (s): cpu = 00:02:28 ; elapsed = 00:03:03 . Memory (MB): peak = 1649.223 ; gain = 461.203 ; free physical = 3388 ; free virtual = 25891
synth_design: Time (s): cpu = 00:02:30 ; elapsed = 00:03:05 . Memory (MB): peak = 1659.223 ; gain = 492.578 ; free physical = 3432 ; free virtual = 25935
