
*** Running vivado
    with args -log overprompt.vds -m64 -product Vivado -mode batch -messageDb vivado.pb -notrace -source overprompt.tcl


****** Vivado v2016.3 (64-bit)
  **** SW Build 1682563 on Mon Oct 10 19:07:27 MDT 2016
  **** IP Build 1681267 on Mon Oct 10 21:28:31 MDT 2016
    ** Copyright 1986-2016 Xilinx, Inc. All Rights Reserved.

source overprompt.tcl -notrace
Starting RTL Elaboration : Time (s): cpu = 00:00:18 ; elapsed = 00:00:28 . Memory (MB): peak = 319.555 ; gain = 110.094
INFO: [Synth 8-638] synthesizing module 'overprompt' [d:/Users/Shana/Desktop/vivado/NestGather/NestGather.srcs/sources_1/ip/overprompt/synth/overprompt.vhd:67]
INFO: [Synth 8-256] done synthesizing module 'overprompt' (11#1) [d:/Users/Shana/Desktop/vivado/NestGather/NestGather.srcs/sources_1/ip/overprompt/synth/overprompt.vhd:67]
Finished RTL Elaboration : Time (s): cpu = 00:03:04 ; elapsed = 00:03:31 . Memory (MB): peak = 526.609 ; gain = 317.148
Finished RTL Optimization Phase 1 : Time (s): cpu = 00:03:05 ; elapsed = 00:03:32 . Memory (MB): peak = 526.609 ; gain = 317.148
INFO: [Device 21-403] Loading part xc7k160tfbg676-2L
Constraint Validation Runtime : Time (s): cpu = 00:00:01 ; elapsed = 00:00:00.061 . Memory (MB): peak = 700.313 ; gain = 0.027
Finished Constraint Validation : Time (s): cpu = 00:03:24 ; elapsed = 00:03:54 . Memory (MB): peak = 700.313 ; gain = 490.852
Finished Loading Part and Timing Information : Time (s): cpu = 00:03:24 ; elapsed = 00:03:54 . Memory (MB): peak = 700.313 ; gain = 490.852
Finished applying 'set_property' XDC Constraints : Time (s): cpu = 00:03:24 ; elapsed = 00:03:54 . Memory (MB): peak = 700.313 ; gain = 490.852
Finished RTL Optimization Phase 2 : Time (s): cpu = 00:03:25 ; elapsed = 00:03:56 . Memory (MB): peak = 700.313 ; gain = 490.852
Finished Cross Boundary and Area Optimization : Time (s): cpu = 00:03:26 ; elapsed = 00:03:57 . Memory (MB): peak = 700.313 ; gain = 490.852
Finished Applying XDC Timing Constraints : Time (s): cpu = 00:03:42 ; elapsed = 00:04:13 . Memory (MB): peak = 700.313 ; gain = 490.852
Finished Timing Optimization : Time (s): cpu = 00:03:42 ; elapsed = 00:04:13 . Memory (MB): peak = 700.313 ; gain = 490.852
Finished Technology Mapping : Time (s): cpu = 00:03:42 ; elapsed = 00:04:13 . Memory (MB): peak = 700.313 ; gain = 490.852
Finished IO Insertion : Time (s): cpu = 00:03:43 ; elapsed = 00:04:14 . Memory (MB): peak = 700.313 ; gain = 490.852
Finished Renaming Generated Instances : Time (s): cpu = 00:03:43 ; elapsed = 00:04:14 . Memory (MB): peak = 700.313 ; gain = 490.852
Finished Rebuilding User Hierarchy : Time (s): cpu = 00:03:43 ; elapsed = 00:04:14 . Memory (MB): peak = 700.313 ; gain = 490.852
Finished Renaming Generated Ports : Time (s): cpu = 00:03:43 ; elapsed = 00:04:14 . Memory (MB): peak = 700.313 ; gain = 490.852
Finished Handling Custom Attributes : Time (s): cpu = 00:03:43 ; elapsed = 00:04:14 . Memory (MB): peak = 700.313 ; gain = 490.852
Finished Renaming Generated Nets : Time (s): cpu = 00:03:43 ; elapsed = 00:04:14 . Memory (MB): peak = 700.313 ; gain = 490.852

Report Cell Usage: 
+------+------------+------+
|      |Cell        |Count |
+------+------------+------+
|1     |LUT1        |     1|
|2     |LUT3        |     1|
|3     |LUT5        |    23|
|4     |LUT6        |    54|
|5     |MUXF7       |    18|
|6     |RAMB18E1    |     1|
|7     |RAMB36E1    |     1|
|8     |RAMB36E1_1  |     1|
|9     |RAMB36E1_10 |     1|
|10    |RAMB36E1_11 |     1|
|11    |RAMB36E1_12 |     1|
|12    |RAMB36E1_13 |     1|
|13    |RAMB36E1_14 |     1|
|14    |RAMB36E1_15 |     1|
|15    |RAMB36E1_16 |     1|
|16    |RAMB36E1_17 |     1|
|17    |RAMB36E1_18 |     1|
|18    |RAMB36E1_19 |     1|
|19    |RAMB36E1_2  |     1|
|20    |RAMB36E1_20 |     1|
|21    |RAMB36E1_21 |     1|
|22    |RAMB36E1_22 |     1|
|23    |RAMB36E1_3  |     1|
|24    |RAMB36E1_4  |     1|
|25    |RAMB36E1_5  |     1|
|26    |RAMB36E1_6  |     1|
|27    |RAMB36E1_7  |     5|
|28    |RAMB36E1_8  |     1|
|29    |RAMB36E1_9  |     1|
|30    |FDRE        |    10|
+------+------------+------+
Finished Writing Synthesis Report : Time (s): cpu = 00:03:43 ; elapsed = 00:04:14 . Memory (MB): peak = 700.313 ; gain = 490.852
synth_design: Time (s): cpu = 00:03:40 ; elapsed = 00:04:03 . Memory (MB): peak = 716.637 ; gain = 485.641
