
*** Running vivado
    with args -log cell2.vds -m64 -product Vivado -mode batch -messageDb vivado.pb -notrace -source cell2.tcl


****** Vivado v2016.3 (64-bit)
  **** SW Build 1682563 on Mon Oct 10 19:07:27 MDT 2016
  **** IP Build 1681267 on Mon Oct 10 21:28:31 MDT 2016
    ** Copyright 1986-2016 Xilinx, Inc. All Rights Reserved.

source cell2.tcl -notrace
Starting RTL Elaboration : Time (s): cpu = 00:00:12 ; elapsed = 00:00:17 . Memory (MB): peak = 308.242 ; gain = 98.281
INFO: [Synth 8-638] synthesizing module 'cell2' [d:/Users/Shana/Desktop/vivado/NestGather/NestGather.srcs/sources_1/ip/cell2/synth/cell2.vhd:67]
INFO: [Synth 8-256] done synthesizing module 'cell2' (9#1) [d:/Users/Shana/Desktop/vivado/NestGather/NestGather.srcs/sources_1/ip/cell2/synth/cell2.vhd:67]
Finished RTL Elaboration : Time (s): cpu = 00:01:13 ; elapsed = 00:01:21 . Memory (MB): peak = 507.492 ; gain = 297.531
Finished RTL Optimization Phase 1 : Time (s): cpu = 00:01:13 ; elapsed = 00:01:21 . Memory (MB): peak = 507.492 ; gain = 297.531
INFO: [Device 21-403] Loading part xc7k160tfbg676-2L
Constraint Validation Runtime : Time (s): cpu = 00:00:00 ; elapsed = 00:00:00.015 . Memory (MB): peak = 595.031 ; gain = 0.000
Finished Constraint Validation : Time (s): cpu = 00:01:27 ; elapsed = 00:01:38 . Memory (MB): peak = 595.031 ; gain = 385.070
Finished Loading Part and Timing Information : Time (s): cpu = 00:01:27 ; elapsed = 00:01:38 . Memory (MB): peak = 595.031 ; gain = 385.070
Finished applying 'set_property' XDC Constraints : Time (s): cpu = 00:01:27 ; elapsed = 00:01:38 . Memory (MB): peak = 595.031 ; gain = 385.070
Finished RTL Optimization Phase 2 : Time (s): cpu = 00:01:27 ; elapsed = 00:01:38 . Memory (MB): peak = 595.031 ; gain = 385.070
Finished Cross Boundary and Area Optimization : Time (s): cpu = 00:01:28 ; elapsed = 00:01:38 . Memory (MB): peak = 595.031 ; gain = 385.070
Finished Applying XDC Timing Constraints : Time (s): cpu = 00:01:40 ; elapsed = 00:01:51 . Memory (MB): peak = 608.906 ; gain = 398.945
Finished Timing Optimization : Time (s): cpu = 00:01:40 ; elapsed = 00:01:51 . Memory (MB): peak = 608.906 ; gain = 398.945
Finished Technology Mapping : Time (s): cpu = 00:01:40 ; elapsed = 00:01:51 . Memory (MB): peak = 619.570 ; gain = 409.609
Finished IO Insertion : Time (s): cpu = 00:01:41 ; elapsed = 00:01:52 . Memory (MB): peak = 619.570 ; gain = 409.609
Finished Renaming Generated Instances : Time (s): cpu = 00:01:41 ; elapsed = 00:01:52 . Memory (MB): peak = 619.570 ; gain = 409.609
Finished Rebuilding User Hierarchy : Time (s): cpu = 00:01:41 ; elapsed = 00:01:52 . Memory (MB): peak = 619.570 ; gain = 409.609
Finished Renaming Generated Ports : Time (s): cpu = 00:01:41 ; elapsed = 00:01:52 . Memory (MB): peak = 619.570 ; gain = 409.609
Finished Handling Custom Attributes : Time (s): cpu = 00:01:41 ; elapsed = 00:01:52 . Memory (MB): peak = 619.570 ; gain = 409.609
Finished Renaming Generated Nets : Time (s): cpu = 00:01:41 ; elapsed = 00:01:52 . Memory (MB): peak = 619.570 ; gain = 409.609

Report Cell Usage: 
+------+---------+------+
|      |Cell     |Count |
+------+---------+------+
|1     |RAMB18E1 |     1|
|2     |RAMB36E1 |     1|
+------+---------+------+
Finished Writing Synthesis Report : Time (s): cpu = 00:01:41 ; elapsed = 00:01:52 . Memory (MB): peak = 619.570 ; gain = 409.609
synth_design: Time (s): cpu = 00:01:39 ; elapsed = 00:01:46 . Memory (MB): peak = 650.230 ; gain = 419.309
